[2024-11-29T01:49:36.922+0000] {local_task_job_runner.py:123} INFO - ::group::Pre task execution logs
[2024-11-29T01:49:36.946+0000] {taskinstance.py:2613} INFO - Dependencies all met for dep_context=non-requeueable deps ti=<TaskInstance: pipe.load_data_to_mongo_db manual__2024-11-29T01:49:31.203950+00:00 [queued]>
[2024-11-29T01:49:36.956+0000] {taskinstance.py:2613} INFO - Dependencies all met for dep_context=requeueable deps ti=<TaskInstance: pipe.load_data_to_mongo_db manual__2024-11-29T01:49:31.203950+00:00 [queued]>
[2024-11-29T01:49:36.957+0000] {taskinstance.py:2866} INFO - Starting attempt 1 of 1
[2024-11-29T01:49:36.972+0000] {taskinstance.py:2889} INFO - Executing <Task(_PythonDecoratedOperator): load_data_to_mongo_db> on 2024-11-29 01:49:31.203950+00:00
[2024-11-29T01:49:36.982+0000] {warnings.py:112} WARNING - /home/***/.local/lib/python3.12/site-packages/***/task/task_runner/standard_task_runner.py:70: DeprecationWarning: This process (pid=626) is multi-threaded, use of fork() may lead to deadlocks in the child.
  pid = os.fork()

[2024-11-29T01:49:36.984+0000] {standard_task_runner.py:72} INFO - Started process 627 to run task
[2024-11-29T01:49:36.987+0000] {standard_task_runner.py:104} INFO - Running: ['***', 'tasks', 'run', 'pipe', 'load_data_to_mongo_db', 'manual__2024-11-29T01:49:31.203950+00:00', '--job-id', '37', '--raw', '--subdir', 'DAGS_FOLDER/pipeline.py', '--cfg-path', '/tmp/tmpwjoh9g8u']
[2024-11-29T01:49:36.989+0000] {standard_task_runner.py:105} INFO - Job 37: Subtask load_data_to_mongo_db
[2024-11-29T01:49:37.052+0000] {task_command.py:467} INFO - Running <TaskInstance: pipe.load_data_to_mongo_db manual__2024-11-29T01:49:31.203950+00:00 [running]> on host 768115ef6318
[2024-11-29T01:49:37.336+0000] {taskinstance.py:3132} INFO - Exporting env vars: AIRFLOW_CTX_DAG_OWNER='***' AIRFLOW_CTX_DAG_ID='pipe' AIRFLOW_CTX_TASK_ID='load_data_to_mongo_db' AIRFLOW_CTX_EXECUTION_DATE='2024-11-29T01:49:31.203950+00:00' AIRFLOW_CTX_TRY_NUMBER='1' AIRFLOW_CTX_DAG_RUN_ID='manual__2024-11-29T01:49:31.203950+00:00'
[2024-11-29T01:49:37.337+0000] {taskinstance.py:731} INFO - ::endgroup::
[2024-11-29T01:49:37.354+0000] {base.py:84} INFO - Retrieving connection 'mongo'
[2024-11-29T01:49:38.697+0000] {logging_mixin.py:190} INFO - connected to MongoDB - {'version': '8.0.3', 'gitVersion': '89d97f2744a2b9851ddfb51bdf22f687562d9b06', 'modules': ['enterprise'], 'allocator': 'tcmalloc-google', 'javascriptEngine': 'mozjs', 'sysInfo': 'deprecated', 'versionArray': [8, 0, 3, 0], 'bits': 64, 'debug': False, 'maxBsonObjectSize': 16777216, 'storageEngines': ['devnull', 'inMemory', 'queryable_wt', 'wiredTiger'], 'ok': 1.0, '$clusterTime': {'clusterTime': Timestamp(1732844978, 9), 'signature': {'hash': b'v$\x1d\x1b\x0b\xac \x82\xabs\xd1\xe3\xfc\xf6@n\xfb\xc3u\xc1', 'keyId': 7406388102261899276}}, 'operationTime': Timestamp(1732844978, 9)}
[2024-11-29T01:49:39.353+0000] {python.py:240} INFO - Done. Returned value was: None
[2024-11-29T01:49:39.373+0000] {taskinstance.py:340} INFO - ::group::Post task execution logs
[2024-11-29T01:49:39.373+0000] {taskinstance.py:352} INFO - Marking task as SUCCESS. dag_id=pipe, task_id=load_data_to_mongo_db, run_id=manual__2024-11-29T01:49:31.203950+00:00, execution_date=20241129T014931, start_date=20241129T014936, end_date=20241129T014939
[2024-11-29T01:49:39.444+0000] {local_task_job_runner.py:266} INFO - Task exited with return code 0
[2024-11-29T01:49:39.482+0000] {taskinstance.py:3895} INFO - 0 downstream tasks scheduled from follow-on schedule check
[2024-11-29T01:49:39.485+0000] {local_task_job_runner.py:245} INFO - ::endgroup::
