[2024-11-29T03:28:17.146+0000] {local_task_job_runner.py:123} INFO - ::group::Pre task execution logs
[2024-11-29T03:28:17.176+0000] {taskinstance.py:2613} INFO - Dependencies all met for dep_context=non-requeueable deps ti=<TaskInstance: pipe.get_token manual__2024-11-29T03:28:15.203453+00:00 [queued]>
[2024-11-29T03:28:17.189+0000] {taskinstance.py:2613} INFO - Dependencies all met for dep_context=requeueable deps ti=<TaskInstance: pipe.get_token manual__2024-11-29T03:28:15.203453+00:00 [queued]>
[2024-11-29T03:28:17.190+0000] {taskinstance.py:2866} INFO - Starting attempt 1 of 1
[2024-11-29T03:28:17.212+0000] {taskinstance.py:2889} INFO - Executing <Task(_PythonDecoratedOperator): get_token> on 2024-11-29 03:28:15.203453+00:00
[2024-11-29T03:28:17.224+0000] {warnings.py:112} WARNING - /home/***/.local/lib/python3.12/site-packages/***/task/task_runner/standard_task_runner.py:70: DeprecationWarning: This process (pid=1926) is multi-threaded, use of fork() may lead to deadlocks in the child.
  pid = os.fork()

[2024-11-29T03:28:17.226+0000] {standard_task_runner.py:72} INFO - Started process 1927 to run task
[2024-11-29T03:28:17.228+0000] {standard_task_runner.py:104} INFO - Running: ['***', 'tasks', 'run', 'pipe', 'get_token', 'manual__2024-11-29T03:28:15.203453+00:00', '--job-id', '47', '--raw', '--subdir', 'DAGS_FOLDER/pipeline.py', '--cfg-path', '/tmp/tmputdcu09y']
[2024-11-29T03:28:17.229+0000] {standard_task_runner.py:105} INFO - Job 47: Subtask get_token
[2024-11-29T03:28:17.300+0000] {task_command.py:467} INFO - Running <TaskInstance: pipe.get_token manual__2024-11-29T03:28:15.203453+00:00 [running]> on host 768115ef6318
[2024-11-29T03:28:17.439+0000] {taskinstance.py:3132} INFO - Exporting env vars: AIRFLOW_CTX_DAG_OWNER='***' AIRFLOW_CTX_DAG_ID='pipe' AIRFLOW_CTX_TASK_ID='get_token' AIRFLOW_CTX_EXECUTION_DATE='2024-11-29T03:28:15.203453+00:00' AIRFLOW_CTX_TRY_NUMBER='1' AIRFLOW_CTX_DAG_RUN_ID='manual__2024-11-29T03:28:15.203453+00:00'
[2024-11-29T03:28:17.440+0000] {taskinstance.py:731} INFO - ::endgroup::
[2024-11-29T03:28:18.021+0000] {logging_mixin.py:190} INFO - BQCJqMJjCDYB7rFkxZmVKH7pIkzSklOyRcbqjozVH2zyXXL06Nj5gbTlLLLPGehIrIvAQv-ybFnKLdlTTdMxlIaJYzw8Nfpgc-Rki3S48k3CevDJ4vc
[2024-11-29T03:28:18.022+0000] {python.py:240} INFO - Done. Returned value was: BQCJqMJjCDYB7rFkxZmVKH7pIkzSklOyRcbqjozVH2zyXXL06Nj5gbTlLLLPGehIrIvAQv-ybFnKLdlTTdMxlIaJYzw8Nfpgc-Rki3S48k3CevDJ4vc
[2024-11-29T03:28:18.067+0000] {taskinstance.py:340} INFO - ::group::Post task execution logs
[2024-11-29T03:28:18.067+0000] {taskinstance.py:352} INFO - Marking task as SUCCESS. dag_id=pipe, task_id=get_token, run_id=manual__2024-11-29T03:28:15.203453+00:00, execution_date=20241129T032815, start_date=20241129T032817, end_date=20241129T032818
[2024-11-29T03:28:18.123+0000] {local_task_job_runner.py:266} INFO - Task exited with return code 0
[2024-11-29T03:28:18.176+0000] {taskinstance.py:3895} INFO - 1 downstream tasks scheduled from follow-on schedule check
[2024-11-29T03:28:18.178+0000] {local_task_job_runner.py:245} INFO - ::endgroup::
