[2024-11-29T04:46:43.653+0000] {local_task_job_runner.py:123} INFO - ::group::Pre task execution logs
[2024-11-29T04:46:43.677+0000] {taskinstance.py:2613} INFO - Dependencies all met for dep_context=non-requeueable deps ti=<TaskInstance: pipe.load_data_to_mongo_db manual__2024-11-29T04:46:37.337639+00:00 [queued]>
[2024-11-29T04:46:43.689+0000] {taskinstance.py:2613} INFO - Dependencies all met for dep_context=requeueable deps ti=<TaskInstance: pipe.load_data_to_mongo_db manual__2024-11-29T04:46:37.337639+00:00 [queued]>
[2024-11-29T04:46:43.690+0000] {taskinstance.py:2866} INFO - Starting attempt 1 of 1
[2024-11-29T04:46:43.708+0000] {taskinstance.py:2889} INFO - Executing <Task(_PythonDecoratedOperator): load_data_to_mongo_db> on 2024-11-29 04:46:37.337639+00:00
[2024-11-29T04:46:43.719+0000] {warnings.py:112} WARNING - /home/***/.local/lib/python3.12/site-packages/***/task/task_runner/standard_task_runner.py:70: DeprecationWarning: This process (pid=2935) is multi-threaded, use of fork() may lead to deadlocks in the child.
  pid = os.fork()

[2024-11-29T04:46:43.721+0000] {standard_task_runner.py:72} INFO - Started process 2936 to run task
[2024-11-29T04:46:43.723+0000] {standard_task_runner.py:104} INFO - Running: ['***', 'tasks', 'run', 'pipe', 'load_data_to_mongo_db', 'manual__2024-11-29T04:46:37.337639+00:00', '--job-id', '52', '--raw', '--subdir', 'DAGS_FOLDER/pipeline.py', '--cfg-path', '/tmp/tmp6dcoq4uq']
[2024-11-29T04:46:43.724+0000] {standard_task_runner.py:105} INFO - Job 52: Subtask load_data_to_mongo_db
[2024-11-29T04:46:43.787+0000] {task_command.py:467} INFO - Running <TaskInstance: pipe.load_data_to_mongo_db manual__2024-11-29T04:46:37.337639+00:00 [running]> on host 768115ef6318
[2024-11-29T04:46:44.090+0000] {taskinstance.py:3132} INFO - Exporting env vars: AIRFLOW_CTX_DAG_OWNER='***' AIRFLOW_CTX_DAG_ID='pipe' AIRFLOW_CTX_TASK_ID='load_data_to_mongo_db' AIRFLOW_CTX_EXECUTION_DATE='2024-11-29T04:46:37.337639+00:00' AIRFLOW_CTX_TRY_NUMBER='1' AIRFLOW_CTX_DAG_RUN_ID='manual__2024-11-29T04:46:37.337639+00:00'
[2024-11-29T04:46:44.091+0000] {taskinstance.py:731} INFO - ::endgroup::
[2024-11-29T04:46:44.109+0000] {base.py:84} INFO - Retrieving connection 'mongo'
[2024-11-29T04:46:45.789+0000] {logging_mixin.py:190} INFO - connected to MongoDB - {'version': '8.0.3', 'gitVersion': '89d97f2744a2b9851ddfb51bdf22f687562d9b06', 'modules': ['enterprise'], 'allocator': 'tcmalloc-google', 'javascriptEngine': 'mozjs', 'sysInfo': 'deprecated', 'versionArray': [8, 0, 3, 0], 'bits': 64, 'debug': False, 'maxBsonObjectSize': 16777216, 'storageEngines': ['devnull', 'inMemory', 'queryable_wt', 'wiredTiger'], 'ok': 1.0, '$clusterTime': {'clusterTime': Timestamp(1732855605, 7), 'signature': {'hash': b'\x986&y\x1c\xccT\x02\xb6:\xa1!\x07\xf4\xbeJ#\xa8\xd3\xcb', 'keyId': 7406388102261899276}}, 'operationTime': Timestamp(1732855605, 7)}
[2024-11-29T04:46:46.402+0000] {python.py:240} INFO - Done. Returned value was: None
[2024-11-29T04:46:46.424+0000] {taskinstance.py:340} INFO - ::group::Post task execution logs
[2024-11-29T04:46:46.425+0000] {taskinstance.py:352} INFO - Marking task as SUCCESS. dag_id=pipe, task_id=load_data_to_mongo_db, run_id=manual__2024-11-29T04:46:37.337639+00:00, execution_date=20241129T044637, start_date=20241129T044643, end_date=20241129T044646
[2024-11-29T04:46:46.463+0000] {local_task_job_runner.py:266} INFO - Task exited with return code 0
[2024-11-29T04:46:46.486+0000] {taskinstance.py:3895} INFO - 0 downstream tasks scheduled from follow-on schedule check
[2024-11-29T04:46:46.488+0000] {local_task_job_runner.py:245} INFO - ::endgroup::
