[2024-11-29T01:38:35.683+0000] {local_task_job_runner.py:123} INFO - ::group::Pre task execution logs
[2024-11-29T01:38:35.723+0000] {taskinstance.py:2613} INFO - Dependencies all met for dep_context=non-requeueable deps ti=<TaskInstance: pipe.get_token manual__2024-11-29T01:38:34.137627+00:00 [queued]>
[2024-11-29T01:38:35.745+0000] {taskinstance.py:2613} INFO - Dependencies all met for dep_context=requeueable deps ti=<TaskInstance: pipe.get_token manual__2024-11-29T01:38:34.137627+00:00 [queued]>
[2024-11-29T01:38:35.746+0000] {taskinstance.py:2866} INFO - Starting attempt 1 of 1
[2024-11-29T01:38:35.786+0000] {taskinstance.py:2889} INFO - Executing <Task(_PythonDecoratedOperator): get_token> on 2024-11-29 01:38:34.137627+00:00
[2024-11-29T01:38:35.808+0000] {warnings.py:112} WARNING - /home/***/.local/lib/python3.12/site-packages/***/task/task_runner/standard_task_runner.py:70: DeprecationWarning: This process (pid=437) is multi-threaded, use of fork() may lead to deadlocks in the child.
  pid = os.fork()

[2024-11-29T01:38:35.813+0000] {standard_task_runner.py:72} INFO - Started process 445 to run task
[2024-11-29T01:38:35.814+0000] {standard_task_runner.py:104} INFO - Running: ['***', 'tasks', 'run', 'pipe', 'get_token', 'manual__2024-11-29T01:38:34.137627+00:00', '--job-id', '23', '--raw', '--subdir', 'DAGS_FOLDER/pipeline.py', '--cfg-path', '/tmp/tmpbmb42qyo']
[2024-11-29T01:38:35.816+0000] {standard_task_runner.py:105} INFO - Job 23: Subtask get_token
[2024-11-29T01:38:35.938+0000] {task_command.py:467} INFO - Running <TaskInstance: pipe.get_token manual__2024-11-29T01:38:34.137627+00:00 [running]> on host 768115ef6318
[2024-11-29T01:38:36.169+0000] {taskinstance.py:3132} INFO - Exporting env vars: AIRFLOW_CTX_DAG_OWNER='***' AIRFLOW_CTX_DAG_ID='pipe' AIRFLOW_CTX_TASK_ID='get_token' AIRFLOW_CTX_EXECUTION_DATE='2024-11-29T01:38:34.137627+00:00' AIRFLOW_CTX_TRY_NUMBER='1' AIRFLOW_CTX_DAG_RUN_ID='manual__2024-11-29T01:38:34.137627+00:00'
[2024-11-29T01:38:36.172+0000] {taskinstance.py:731} INFO - ::endgroup::
[2024-11-29T01:38:36.776+0000] {logging_mixin.py:190} INFO - BQCSIZrXDQYVEgU3S7WmK4LMgK3dQ7Xp6sXfFnQxVznpKsLJ0GpI8wb7_uREEABcBsvgxd8pj_uCwFR7eF4LFTW4FlGvG-f3_yN1tXIplnrPJBxz2h4
[2024-11-29T01:38:36.780+0000] {python.py:240} INFO - Done. Returned value was: BQCSIZrXDQYVEgU3S7WmK4LMgK3dQ7Xp6sXfFnQxVznpKsLJ0GpI8wb7_uREEABcBsvgxd8pj_uCwFR7eF4LFTW4FlGvG-f3_yN1tXIplnrPJBxz2h4
[2024-11-29T01:38:36.842+0000] {taskinstance.py:340} INFO - ::group::Post task execution logs
[2024-11-29T01:38:36.843+0000] {taskinstance.py:352} INFO - Marking task as SUCCESS. dag_id=pipe, task_id=get_token, run_id=manual__2024-11-29T01:38:34.137627+00:00, execution_date=20241129T013834, start_date=20241129T013835, end_date=20241129T013836
[2024-11-29T01:38:36.915+0000] {local_task_job_runner.py:266} INFO - Task exited with return code 0
[2024-11-29T01:38:36.973+0000] {taskinstance.py:3895} INFO - 1 downstream tasks scheduled from follow-on schedule check
[2024-11-29T01:38:36.976+0000] {local_task_job_runner.py:245} INFO - ::endgroup::
