[2024-11-29T01:36:53.792+0000] {local_task_job_runner.py:123} INFO - ::group::Pre task execution logs
[2024-11-29T01:36:53.833+0000] {taskinstance.py:2613} INFO - Dependencies all met for dep_context=non-requeueable deps ti=<TaskInstance: pipe.get_token manual__2024-11-29T01:36:51.392812+00:00 [queued]>
[2024-11-29T01:36:53.854+0000] {taskinstance.py:2613} INFO - Dependencies all met for dep_context=requeueable deps ti=<TaskInstance: pipe.get_token manual__2024-11-29T01:36:51.392812+00:00 [queued]>
[2024-11-29T01:36:53.855+0000] {taskinstance.py:2866} INFO - Starting attempt 1 of 1
[2024-11-29T01:36:53.887+0000] {taskinstance.py:2889} INFO - Executing <Task(_PythonDecoratedOperator): get_token> on 2024-11-29 01:36:51.392812+00:00
[2024-11-29T01:36:53.907+0000] {warnings.py:112} WARNING - /home/***/.local/lib/python3.12/site-packages/***/task/task_runner/standard_task_runner.py:70: DeprecationWarning: This process (pid=414) is multi-threaded, use of fork() may lead to deadlocks in the child.
  pid = os.fork()

[2024-11-29T01:36:53.911+0000] {standard_task_runner.py:72} INFO - Started process 415 to run task
[2024-11-29T01:36:53.913+0000] {standard_task_runner.py:104} INFO - Running: ['***', 'tasks', 'run', 'pipe', 'get_token', 'manual__2024-11-29T01:36:51.392812+00:00', '--job-id', '20', '--raw', '--subdir', 'DAGS_FOLDER/pipeline.py', '--cfg-path', '/tmp/tmphn0kg4wk']
[2024-11-29T01:36:53.915+0000] {standard_task_runner.py:105} INFO - Job 20: Subtask get_token
[2024-11-29T01:36:54.011+0000] {task_command.py:467} INFO - Running <TaskInstance: pipe.get_token manual__2024-11-29T01:36:51.392812+00:00 [running]> on host 768115ef6318
[2024-11-29T01:36:54.188+0000] {taskinstance.py:3132} INFO - Exporting env vars: AIRFLOW_CTX_DAG_OWNER='***' AIRFLOW_CTX_DAG_ID='pipe' AIRFLOW_CTX_TASK_ID='get_token' AIRFLOW_CTX_EXECUTION_DATE='2024-11-29T01:36:51.392812+00:00' AIRFLOW_CTX_TRY_NUMBER='1' AIRFLOW_CTX_DAG_RUN_ID='manual__2024-11-29T01:36:51.392812+00:00'
[2024-11-29T01:36:54.190+0000] {taskinstance.py:731} INFO - ::endgroup::
[2024-11-29T01:36:54.712+0000] {logging_mixin.py:190} INFO - BQC2h2g7RpaUVdE1DH204x07lhDUJgb1XLY9_4HYOxSP61p1Cb7AiQh73l2_9Jk4h_aX_cy3LJ6hQepTrm_gZ7FSLs-8l0raXbwIRpGhLlnM8XOML1c
[2024-11-29T01:36:54.714+0000] {python.py:240} INFO - Done. Returned value was: BQC2h2g7RpaUVdE1DH204x07lhDUJgb1XLY9_4HYOxSP61p1Cb7AiQh73l2_9Jk4h_aX_cy3LJ6hQepTrm_gZ7FSLs-8l0raXbwIRpGhLlnM8XOML1c
[2024-11-29T01:36:54.773+0000] {taskinstance.py:340} INFO - ::group::Post task execution logs
[2024-11-29T01:36:54.773+0000] {taskinstance.py:352} INFO - Marking task as SUCCESS. dag_id=pipe, task_id=get_token, run_id=manual__2024-11-29T01:36:51.392812+00:00, execution_date=20241129T013651, start_date=20241129T013653, end_date=20241129T013654
[2024-11-29T01:36:54.852+0000] {local_task_job_runner.py:266} INFO - Task exited with return code 0
[2024-11-29T01:36:54.926+0000] {taskinstance.py:3895} INFO - 1 downstream tasks scheduled from follow-on schedule check
[2024-11-29T01:36:54.928+0000] {local_task_job_runner.py:245} INFO - ::endgroup::
