[2024-11-29T02:15:06.433+0000] {local_task_job_runner.py:123} INFO - ::group::Pre task execution logs
[2024-11-29T02:15:06.459+0000] {taskinstance.py:2613} INFO - Dependencies all met for dep_context=non-requeueable deps ti=<TaskInstance: pipe.get_token manual__2024-11-29T02:15:04.869096+00:00 [queued]>
[2024-11-29T02:15:06.472+0000] {taskinstance.py:2613} INFO - Dependencies all met for dep_context=requeueable deps ti=<TaskInstance: pipe.get_token manual__2024-11-29T02:15:04.869096+00:00 [queued]>
[2024-11-29T02:15:06.472+0000] {taskinstance.py:2866} INFO - Starting attempt 1 of 1
[2024-11-29T02:15:06.491+0000] {taskinstance.py:2889} INFO - Executing <Task(_PythonDecoratedOperator): get_token> on 2024-11-29 02:15:04.869096+00:00
[2024-11-29T02:15:06.501+0000] {warnings.py:112} WARNING - /home/***/.local/lib/python3.12/site-packages/***/task/task_runner/standard_task_runner.py:70: DeprecationWarning: This process (pid=959) is multi-threaded, use of fork() may lead to deadlocks in the child.
  pid = os.fork()

[2024-11-29T02:15:06.503+0000] {standard_task_runner.py:72} INFO - Started process 960 to run task
[2024-11-29T02:15:06.505+0000] {standard_task_runner.py:104} INFO - Running: ['***', 'tasks', 'run', 'pipe', 'get_token', 'manual__2024-11-29T02:15:04.869096+00:00', '--job-id', '38', '--raw', '--subdir', 'DAGS_FOLDER/pipeline.py', '--cfg-path', '/tmp/tmp2dbz4ne7']
[2024-11-29T02:15:06.507+0000] {standard_task_runner.py:105} INFO - Job 38: Subtask get_token
[2024-11-29T02:15:06.571+0000] {task_command.py:467} INFO - Running <TaskInstance: pipe.get_token manual__2024-11-29T02:15:04.869096+00:00 [running]> on host 768115ef6318
[2024-11-29T02:15:06.697+0000] {taskinstance.py:3132} INFO - Exporting env vars: AIRFLOW_CTX_DAG_OWNER='***' AIRFLOW_CTX_DAG_ID='pipe' AIRFLOW_CTX_TASK_ID='get_token' AIRFLOW_CTX_EXECUTION_DATE='2024-11-29T02:15:04.869096+00:00' AIRFLOW_CTX_TRY_NUMBER='1' AIRFLOW_CTX_DAG_RUN_ID='manual__2024-11-29T02:15:04.869096+00:00'
[2024-11-29T02:15:06.698+0000] {taskinstance.py:731} INFO - ::endgroup::
[2024-11-29T02:15:07.338+0000] {logging_mixin.py:190} INFO - BQBqRvCNkAIK4foUTWa0F3vRUvPHw_lgVd_aWZrKS-oNRcxnCkkEEF51fZ0AiXqYbtlBO4RE1PgPfk6PCs-OKfi23SCRTnF0NFOq7NebT8kHxjuZpV8
[2024-11-29T02:15:07.339+0000] {python.py:240} INFO - Done. Returned value was: BQBqRvCNkAIK4foUTWa0F3vRUvPHw_lgVd_aWZrKS-oNRcxnCkkEEF51fZ0AiXqYbtlBO4RE1PgPfk6PCs-OKfi23SCRTnF0NFOq7NebT8kHxjuZpV8
[2024-11-29T02:15:07.377+0000] {taskinstance.py:340} INFO - ::group::Post task execution logs
[2024-11-29T02:15:07.377+0000] {taskinstance.py:352} INFO - Marking task as SUCCESS. dag_id=pipe, task_id=get_token, run_id=manual__2024-11-29T02:15:04.869096+00:00, execution_date=20241129T021504, start_date=20241129T021506, end_date=20241129T021507
[2024-11-29T02:15:07.440+0000] {local_task_job_runner.py:266} INFO - Task exited with return code 0
[2024-11-29T02:15:07.499+0000] {taskinstance.py:3895} INFO - 1 downstream tasks scheduled from follow-on schedule check
[2024-11-29T02:15:07.501+0000] {local_task_job_runner.py:245} INFO - ::endgroup::
