[2024-11-29T01:08:47.533+0000] {local_task_job_runner.py:123} INFO - ::group::Pre task execution logs
[2024-11-29T01:08:47.560+0000] {taskinstance.py:2613} INFO - Dependencies all met for dep_context=non-requeueable deps ti=<TaskInstance: pipe.get_token manual__2024-11-29T01:08:45.991732+00:00 [queued]>
[2024-11-29T01:08:47.573+0000] {taskinstance.py:2613} INFO - Dependencies all met for dep_context=requeueable deps ti=<TaskInstance: pipe.get_token manual__2024-11-29T01:08:45.991732+00:00 [queued]>
[2024-11-29T01:08:47.573+0000] {taskinstance.py:2866} INFO - Starting attempt 1 of 1
[2024-11-29T01:08:47.594+0000] {taskinstance.py:2889} INFO - Executing <Task(_PythonDecoratedOperator): get_token> on 2024-11-29 01:08:45.991732+00:00
[2024-11-29T01:08:47.605+0000] {warnings.py:112} WARNING - /home/***/.local/lib/python3.12/site-packages/***/task/task_runner/standard_task_runner.py:70: DeprecationWarning: This process (pid=1607) is multi-threaded, use of fork() may lead to deadlocks in the child.
  pid = os.fork()

[2024-11-29T01:08:47.607+0000] {standard_task_runner.py:72} INFO - Started process 1615 to run task
[2024-11-29T01:08:47.612+0000] {standard_task_runner.py:104} INFO - Running: ['***', 'tasks', 'run', 'pipe', 'get_token', 'manual__2024-11-29T01:08:45.991732+00:00', '--job-id', '36', '--raw', '--subdir', 'DAGS_FOLDER/pipeline.py', '--cfg-path', '/tmp/tmpwjtfiajn']
[2024-11-29T01:08:47.615+0000] {standard_task_runner.py:105} INFO - Job 36: Subtask get_token
[2024-11-29T01:08:47.688+0000] {task_command.py:467} INFO - Running <TaskInstance: pipe.get_token manual__2024-11-29T01:08:45.991732+00:00 [running]> on host 6bcbc17aec1f
[2024-11-29T01:08:47.844+0000] {taskinstance.py:3132} INFO - Exporting env vars: AIRFLOW_CTX_DAG_OWNER='***' AIRFLOW_CTX_DAG_ID='pipe' AIRFLOW_CTX_TASK_ID='get_token' AIRFLOW_CTX_EXECUTION_DATE='2024-11-29T01:08:45.991732+00:00' AIRFLOW_CTX_TRY_NUMBER='1' AIRFLOW_CTX_DAG_RUN_ID='manual__2024-11-29T01:08:45.991732+00:00'
[2024-11-29T01:08:47.846+0000] {taskinstance.py:731} INFO - ::endgroup::
[2024-11-29T01:08:48.333+0000] {logging_mixin.py:190} INFO - None
[2024-11-29T01:08:48.334+0000] {python.py:240} INFO - Done. Returned value was: None
[2024-11-29T01:08:48.357+0000] {taskinstance.py:340} INFO - ::group::Post task execution logs
[2024-11-29T01:08:48.358+0000] {taskinstance.py:352} INFO - Marking task as SUCCESS. dag_id=pipe, task_id=get_token, run_id=manual__2024-11-29T01:08:45.991732+00:00, execution_date=20241129T010845, start_date=20241129T010847, end_date=20241129T010848
[2024-11-29T01:08:48.424+0000] {local_task_job_runner.py:266} INFO - Task exited with return code 0
[2024-11-29T01:08:48.467+0000] {taskinstance.py:3895} INFO - 1 downstream tasks scheduled from follow-on schedule check
[2024-11-29T01:08:48.469+0000] {local_task_job_runner.py:245} INFO - ::endgroup::
