[2024-11-29T01:06:35.576+0000] {local_task_job_runner.py:123} INFO - ::group::Pre task execution logs
[2024-11-29T01:06:35.603+0000] {taskinstance.py:2613} INFO - Dependencies all met for dep_context=non-requeueable deps ti=<TaskInstance: pipe.get_token manual__2024-11-29T01:06:34.285229+00:00 [queued]>
[2024-11-29T01:06:35.617+0000] {taskinstance.py:2613} INFO - Dependencies all met for dep_context=requeueable deps ti=<TaskInstance: pipe.get_token manual__2024-11-29T01:06:34.285229+00:00 [queued]>
[2024-11-29T01:06:35.618+0000] {taskinstance.py:2866} INFO - Starting attempt 1 of 1
[2024-11-29T01:06:35.639+0000] {taskinstance.py:2889} INFO - Executing <Task(_PythonDecoratedOperator): get_token> on 2024-11-29 01:06:34.285229+00:00
[2024-11-29T01:06:35.655+0000] {standard_task_runner.py:104} INFO - Running: ['***', 'tasks', 'run', 'pipe', 'get_token', 'manual__2024-11-29T01:06:34.285229+00:00', '--job-id', '34', '--raw', '--subdir', 'DAGS_FOLDER/pipeline.py', '--cfg-path', '/tmp/tmp31m0v3je']
[2024-11-29T01:06:35.653+0000] {warnings.py:112} WARNING - /home/***/.local/lib/python3.12/site-packages/***/task/task_runner/standard_task_runner.py:70: DeprecationWarning: This process (pid=1580) is multi-threaded, use of fork() may lead to deadlocks in the child.
  pid = os.fork()

[2024-11-29T01:06:35.656+0000] {standard_task_runner.py:105} INFO - Job 34: Subtask get_token
[2024-11-29T01:06:35.657+0000] {standard_task_runner.py:72} INFO - Started process 1581 to run task
[2024-11-29T01:06:35.725+0000] {task_command.py:467} INFO - Running <TaskInstance: pipe.get_token manual__2024-11-29T01:06:34.285229+00:00 [running]> on host 6bcbc17aec1f
[2024-11-29T01:06:35.850+0000] {taskinstance.py:3132} INFO - Exporting env vars: AIRFLOW_CTX_DAG_OWNER='***' AIRFLOW_CTX_DAG_ID='pipe' AIRFLOW_CTX_TASK_ID='get_token' AIRFLOW_CTX_EXECUTION_DATE='2024-11-29T01:06:34.285229+00:00' AIRFLOW_CTX_TRY_NUMBER='1' AIRFLOW_CTX_DAG_RUN_ID='manual__2024-11-29T01:06:34.285229+00:00'
[2024-11-29T01:06:35.852+0000] {taskinstance.py:731} INFO - ::endgroup::
[2024-11-29T01:06:36.343+0000] {logging_mixin.py:190} INFO - None
[2024-11-29T01:06:36.345+0000] {python.py:240} INFO - Done. Returned value was: None
[2024-11-29T01:06:36.366+0000] {taskinstance.py:340} INFO - ::group::Post task execution logs
[2024-11-29T01:06:36.366+0000] {taskinstance.py:352} INFO - Marking task as SUCCESS. dag_id=pipe, task_id=get_token, run_id=manual__2024-11-29T01:06:34.285229+00:00, execution_date=20241129T010634, start_date=20241129T010635, end_date=20241129T010636
[2024-11-29T01:06:36.434+0000] {local_task_job_runner.py:266} INFO - Task exited with return code 0
[2024-11-29T01:06:36.485+0000] {taskinstance.py:3895} INFO - 1 downstream tasks scheduled from follow-on schedule check
[2024-11-29T01:06:36.492+0000] {local_task_job_runner.py:245} INFO - ::endgroup::
