[2024-11-29T02:21:49.560+0000] {local_task_job_runner.py:123} INFO - ::group::Pre task execution logs
[2024-11-29T02:21:49.587+0000] {taskinstance.py:2613} INFO - Dependencies all met for dep_context=non-requeueable deps ti=<TaskInstance: pipe.get_token manual__2024-11-29T02:21:48.010376+00:00 [queued]>
[2024-11-29T02:21:49.601+0000] {taskinstance.py:2613} INFO - Dependencies all met for dep_context=requeueable deps ti=<TaskInstance: pipe.get_token manual__2024-11-29T02:21:48.010376+00:00 [queued]>
[2024-11-29T02:21:49.601+0000] {taskinstance.py:2866} INFO - Starting attempt 1 of 1
[2024-11-29T02:21:49.620+0000] {taskinstance.py:2889} INFO - Executing <Task(_PythonDecoratedOperator): get_token> on 2024-11-29 02:21:48.010376+00:00
[2024-11-29T02:21:49.630+0000] {warnings.py:112} WARNING - /home/***/.local/lib/python3.12/site-packages/***/task/task_runner/standard_task_runner.py:70: DeprecationWarning: This process (pid=1059) is multi-threaded, use of fork() may lead to deadlocks in the child.
  pid = os.fork()

[2024-11-29T02:21:49.632+0000] {standard_task_runner.py:72} INFO - Started process 1060 to run task
[2024-11-29T02:21:49.636+0000] {standard_task_runner.py:104} INFO - Running: ['***', 'tasks', 'run', 'pipe', 'get_token', 'manual__2024-11-29T02:21:48.010376+00:00', '--job-id', '41', '--raw', '--subdir', 'DAGS_FOLDER/pipeline.py', '--cfg-path', '/tmp/tmpjr8hzit4']
[2024-11-29T02:21:49.639+0000] {standard_task_runner.py:105} INFO - Job 41: Subtask get_token
[2024-11-29T02:21:49.713+0000] {task_command.py:467} INFO - Running <TaskInstance: pipe.get_token manual__2024-11-29T02:21:48.010376+00:00 [running]> on host 768115ef6318
[2024-11-29T02:21:49.841+0000] {taskinstance.py:3132} INFO - Exporting env vars: AIRFLOW_CTX_DAG_OWNER='***' AIRFLOW_CTX_DAG_ID='pipe' AIRFLOW_CTX_TASK_ID='get_token' AIRFLOW_CTX_EXECUTION_DATE='2024-11-29T02:21:48.010376+00:00' AIRFLOW_CTX_TRY_NUMBER='1' AIRFLOW_CTX_DAG_RUN_ID='manual__2024-11-29T02:21:48.010376+00:00'
[2024-11-29T02:21:49.842+0000] {taskinstance.py:731} INFO - ::endgroup::
[2024-11-29T02:21:50.283+0000] {logging_mixin.py:190} INFO - BQAnZXoGdObx4iPxs_RQi80U_3UCBJ1XeJJXSztM5CKNeErhOaClobvkWtqfcfocKFIxmheYsbivrBEs7pcpyz7o_0BdVVz5e81jXBI4acTTDTYPhFE
[2024-11-29T02:21:50.284+0000] {python.py:240} INFO - Done. Returned value was: BQAnZXoGdObx4iPxs_RQi80U_3UCBJ1XeJJXSztM5CKNeErhOaClobvkWtqfcfocKFIxmheYsbivrBEs7pcpyz7o_0BdVVz5e81jXBI4acTTDTYPhFE
[2024-11-29T02:21:50.325+0000] {taskinstance.py:340} INFO - ::group::Post task execution logs
[2024-11-29T02:21:50.326+0000] {taskinstance.py:352} INFO - Marking task as SUCCESS. dag_id=pipe, task_id=get_token, run_id=manual__2024-11-29T02:21:48.010376+00:00, execution_date=20241129T022148, start_date=20241129T022149, end_date=20241129T022150
[2024-11-29T02:21:50.407+0000] {local_task_job_runner.py:266} INFO - Task exited with return code 0
[2024-11-29T02:21:50.461+0000] {taskinstance.py:3895} INFO - 1 downstream tasks scheduled from follow-on schedule check
[2024-11-29T02:21:50.467+0000] {local_task_job_runner.py:245} INFO - ::endgroup::
