[2024-11-28T00:00:10.032+0000] {processor.py:186} INFO - Started process (PID=2920) to work on /home/airflow/.local/lib/python3.12/site-packages/airflow/example_dags/example_latest_only.py
[2024-11-28T00:00:10.035+0000] {processor.py:914} INFO - Processing file /home/airflow/.local/lib/python3.12/site-packages/airflow/example_dags/example_latest_only.py for tasks to queue
[2024-11-28T00:00:10.045+0000] {logging_mixin.py:190} INFO - [2024-11-28T00:00:10.043+0000] {dagbag.py:588} INFO - Filling up the DagBag from /home/airflow/.local/lib/python3.12/site-packages/airflow/example_dags/example_latest_only.py
[2024-11-28T00:00:10.066+0000] {processor.py:925} INFO - DAG(s) 'latest_only' retrieved from /home/airflow/.local/lib/python3.12/site-packages/airflow/example_dags/example_latest_only.py
[2024-11-28T00:00:10.117+0000] {logging_mixin.py:190} INFO - [2024-11-28T00:00:10.116+0000] {dag.py:3239} INFO - Sync 1 DAGs
[2024-11-28T00:00:10.173+0000] {logging_mixin.py:190} INFO - [2024-11-28T00:00:10.173+0000] {dag.py:4180} INFO - Setting next_dagrun for latest_only to 2024-11-27 20:00:00+00:00, run_after=2024-11-28 00:00:00+00:00
[2024-11-28T00:00:10.229+0000] {processor.py:208} INFO - Processing /home/airflow/.local/lib/python3.12/site-packages/airflow/example_dags/example_latest_only.py took 0.221 seconds
[2024-11-28T00:00:40.959+0000] {processor.py:186} INFO - Started process (PID=2982) to work on /home/airflow/.local/lib/python3.12/site-packages/airflow/example_dags/example_latest_only.py
[2024-11-28T00:00:40.961+0000] {processor.py:914} INFO - Processing file /home/airflow/.local/lib/python3.12/site-packages/airflow/example_dags/example_latest_only.py for tasks to queue
[2024-11-28T00:00:40.966+0000] {logging_mixin.py:190} INFO - [2024-11-28T00:00:40.965+0000] {dagbag.py:588} INFO - Filling up the DagBag from /home/airflow/.local/lib/python3.12/site-packages/airflow/example_dags/example_latest_only.py
[2024-11-28T00:00:40.982+0000] {processor.py:925} INFO - DAG(s) 'latest_only' retrieved from /home/airflow/.local/lib/python3.12/site-packages/airflow/example_dags/example_latest_only.py
[2024-11-28T00:00:41.023+0000] {logging_mixin.py:190} INFO - [2024-11-28T00:00:41.023+0000] {dag.py:3239} INFO - Sync 1 DAGs
[2024-11-28T00:00:41.073+0000] {logging_mixin.py:190} INFO - [2024-11-28T00:00:41.072+0000] {dag.py:4180} INFO - Setting next_dagrun for latest_only to 2024-11-27 20:00:00+00:00, run_after=2024-11-28 00:00:00+00:00
[2024-11-28T00:00:41.107+0000] {processor.py:208} INFO - Processing /home/airflow/.local/lib/python3.12/site-packages/airflow/example_dags/example_latest_only.py took 0.160 seconds
[2024-11-28T00:01:11.336+0000] {processor.py:186} INFO - Started process (PID=3046) to work on /home/airflow/.local/lib/python3.12/site-packages/airflow/example_dags/example_latest_only.py
[2024-11-28T00:01:11.338+0000] {processor.py:914} INFO - Processing file /home/airflow/.local/lib/python3.12/site-packages/airflow/example_dags/example_latest_only.py for tasks to queue
[2024-11-28T00:01:11.345+0000] {logging_mixin.py:190} INFO - [2024-11-28T00:01:11.344+0000] {dagbag.py:588} INFO - Filling up the DagBag from /home/airflow/.local/lib/python3.12/site-packages/airflow/example_dags/example_latest_only.py
[2024-11-28T00:01:11.365+0000] {processor.py:925} INFO - DAG(s) 'latest_only' retrieved from /home/airflow/.local/lib/python3.12/site-packages/airflow/example_dags/example_latest_only.py
[2024-11-28T00:01:11.412+0000] {logging_mixin.py:190} INFO - [2024-11-28T00:01:11.412+0000] {dag.py:3239} INFO - Sync 1 DAGs
[2024-11-28T00:01:11.466+0000] {logging_mixin.py:190} INFO - [2024-11-28T00:01:11.465+0000] {dag.py:4180} INFO - Setting next_dagrun for latest_only to 2024-11-27 20:00:00+00:00, run_after=2024-11-28 00:00:00+00:00
[2024-11-28T00:01:11.504+0000] {processor.py:208} INFO - Processing /home/airflow/.local/lib/python3.12/site-packages/airflow/example_dags/example_latest_only.py took 0.180 seconds
[2024-11-28T00:01:41.973+0000] {processor.py:186} INFO - Started process (PID=3110) to work on /home/airflow/.local/lib/python3.12/site-packages/airflow/example_dags/example_latest_only.py
[2024-11-28T00:01:41.974+0000] {processor.py:914} INFO - Processing file /home/airflow/.local/lib/python3.12/site-packages/airflow/example_dags/example_latest_only.py for tasks to queue
[2024-11-28T00:01:41.979+0000] {logging_mixin.py:190} INFO - [2024-11-28T00:01:41.979+0000] {dagbag.py:588} INFO - Filling up the DagBag from /home/airflow/.local/lib/python3.12/site-packages/airflow/example_dags/example_latest_only.py
[2024-11-28T00:01:41.992+0000] {processor.py:925} INFO - DAG(s) 'latest_only' retrieved from /home/airflow/.local/lib/python3.12/site-packages/airflow/example_dags/example_latest_only.py
[2024-11-28T00:01:42.036+0000] {logging_mixin.py:190} INFO - [2024-11-28T00:01:42.035+0000] {dag.py:3239} INFO - Sync 1 DAGs
[2024-11-28T00:01:42.094+0000] {logging_mixin.py:190} INFO - [2024-11-28T00:01:42.093+0000] {dag.py:4180} INFO - Setting next_dagrun for latest_only to 2024-11-27 20:00:00+00:00, run_after=2024-11-28 00:00:00+00:00
[2024-11-28T00:01:42.141+0000] {processor.py:208} INFO - Processing /home/airflow/.local/lib/python3.12/site-packages/airflow/example_dags/example_latest_only.py took 0.178 seconds
[2024-11-28T00:02:12.311+0000] {processor.py:186} INFO - Started process (PID=3174) to work on /home/airflow/.local/lib/python3.12/site-packages/airflow/example_dags/example_latest_only.py
[2024-11-28T00:02:12.313+0000] {processor.py:914} INFO - Processing file /home/airflow/.local/lib/python3.12/site-packages/airflow/example_dags/example_latest_only.py for tasks to queue
[2024-11-28T00:02:12.319+0000] {logging_mixin.py:190} INFO - [2024-11-28T00:02:12.318+0000] {dagbag.py:588} INFO - Filling up the DagBag from /home/airflow/.local/lib/python3.12/site-packages/airflow/example_dags/example_latest_only.py
[2024-11-28T00:02:12.333+0000] {processor.py:925} INFO - DAG(s) 'latest_only' retrieved from /home/airflow/.local/lib/python3.12/site-packages/airflow/example_dags/example_latest_only.py
[2024-11-28T00:02:12.372+0000] {logging_mixin.py:190} INFO - [2024-11-28T00:02:12.372+0000] {dag.py:3239} INFO - Sync 1 DAGs
[2024-11-28T00:02:12.422+0000] {logging_mixin.py:190} INFO - [2024-11-28T00:02:12.422+0000] {dag.py:4180} INFO - Setting next_dagrun for latest_only to 2024-11-27 20:00:00+00:00, run_after=2024-11-28 00:00:00+00:00
[2024-11-28T00:02:12.462+0000] {processor.py:208} INFO - Processing /home/airflow/.local/lib/python3.12/site-packages/airflow/example_dags/example_latest_only.py took 0.163 seconds
[2024-11-28T00:02:43.117+0000] {processor.py:186} INFO - Started process (PID=3238) to work on /home/airflow/.local/lib/python3.12/site-packages/airflow/example_dags/example_latest_only.py
[2024-11-28T00:02:43.119+0000] {processor.py:914} INFO - Processing file /home/airflow/.local/lib/python3.12/site-packages/airflow/example_dags/example_latest_only.py for tasks to queue
[2024-11-28T00:02:43.123+0000] {logging_mixin.py:190} INFO - [2024-11-28T00:02:43.123+0000] {dagbag.py:588} INFO - Filling up the DagBag from /home/airflow/.local/lib/python3.12/site-packages/airflow/example_dags/example_latest_only.py
[2024-11-28T00:02:43.139+0000] {processor.py:925} INFO - DAG(s) 'latest_only' retrieved from /home/airflow/.local/lib/python3.12/site-packages/airflow/example_dags/example_latest_only.py
[2024-11-28T00:02:43.184+0000] {logging_mixin.py:190} INFO - [2024-11-28T00:02:43.183+0000] {dag.py:3239} INFO - Sync 1 DAGs
[2024-11-28T00:02:43.677+0000] {logging_mixin.py:190} INFO - [2024-11-28T00:02:43.676+0000] {dag.py:4180} INFO - Setting next_dagrun for latest_only to 2024-11-27 20:00:00+00:00, run_after=2024-11-28 00:00:00+00:00
[2024-11-28T00:02:43.747+0000] {processor.py:208} INFO - Processing /home/airflow/.local/lib/python3.12/site-packages/airflow/example_dags/example_latest_only.py took 0.642 seconds
[2024-11-28T00:03:14.148+0000] {processor.py:186} INFO - Started process (PID=3301) to work on /home/airflow/.local/lib/python3.12/site-packages/airflow/example_dags/example_latest_only.py
[2024-11-28T00:03:14.150+0000] {processor.py:914} INFO - Processing file /home/airflow/.local/lib/python3.12/site-packages/airflow/example_dags/example_latest_only.py for tasks to queue
[2024-11-28T00:03:14.155+0000] {logging_mixin.py:190} INFO - [2024-11-28T00:03:14.154+0000] {dagbag.py:588} INFO - Filling up the DagBag from /home/airflow/.local/lib/python3.12/site-packages/airflow/example_dags/example_latest_only.py
[2024-11-28T00:03:14.174+0000] {processor.py:925} INFO - DAG(s) 'latest_only' retrieved from /home/airflow/.local/lib/python3.12/site-packages/airflow/example_dags/example_latest_only.py
[2024-11-28T00:03:14.217+0000] {logging_mixin.py:190} INFO - [2024-11-28T00:03:14.216+0000] {dag.py:3239} INFO - Sync 1 DAGs
[2024-11-28T00:03:14.266+0000] {logging_mixin.py:190} INFO - [2024-11-28T00:03:14.266+0000] {dag.py:4180} INFO - Setting next_dagrun for latest_only to 2024-11-27 20:00:00+00:00, run_after=2024-11-28 00:00:00+00:00
[2024-11-28T00:03:14.312+0000] {processor.py:208} INFO - Processing /home/airflow/.local/lib/python3.12/site-packages/airflow/example_dags/example_latest_only.py took 0.177 seconds
[2024-11-28T00:03:44.767+0000] {processor.py:186} INFO - Started process (PID=3365) to work on /home/airflow/.local/lib/python3.12/site-packages/airflow/example_dags/example_latest_only.py
[2024-11-28T00:03:44.768+0000] {processor.py:914} INFO - Processing file /home/airflow/.local/lib/python3.12/site-packages/airflow/example_dags/example_latest_only.py for tasks to queue
[2024-11-28T00:03:44.772+0000] {logging_mixin.py:190} INFO - [2024-11-28T00:03:44.772+0000] {dagbag.py:588} INFO - Filling up the DagBag from /home/airflow/.local/lib/python3.12/site-packages/airflow/example_dags/example_latest_only.py
[2024-11-28T00:03:44.786+0000] {processor.py:925} INFO - DAG(s) 'latest_only' retrieved from /home/airflow/.local/lib/python3.12/site-packages/airflow/example_dags/example_latest_only.py
[2024-11-28T00:03:44.829+0000] {logging_mixin.py:190} INFO - [2024-11-28T00:03:44.829+0000] {dag.py:3239} INFO - Sync 1 DAGs
[2024-11-28T00:03:44.882+0000] {logging_mixin.py:190} INFO - [2024-11-28T00:03:44.882+0000] {dag.py:4180} INFO - Setting next_dagrun for latest_only to 2024-11-27 20:00:00+00:00, run_after=2024-11-28 00:00:00+00:00
[2024-11-28T00:03:44.920+0000] {processor.py:208} INFO - Processing /home/airflow/.local/lib/python3.12/site-packages/airflow/example_dags/example_latest_only.py took 0.167 seconds
[2024-11-28T00:04:15.641+0000] {processor.py:186} INFO - Started process (PID=3429) to work on /home/airflow/.local/lib/python3.12/site-packages/airflow/example_dags/example_latest_only.py
[2024-11-28T00:04:15.643+0000] {processor.py:914} INFO - Processing file /home/airflow/.local/lib/python3.12/site-packages/airflow/example_dags/example_latest_only.py for tasks to queue
[2024-11-28T00:04:15.647+0000] {logging_mixin.py:190} INFO - [2024-11-28T00:04:15.646+0000] {dagbag.py:588} INFO - Filling up the DagBag from /home/airflow/.local/lib/python3.12/site-packages/airflow/example_dags/example_latest_only.py
[2024-11-28T00:04:15.660+0000] {processor.py:925} INFO - DAG(s) 'latest_only' retrieved from /home/airflow/.local/lib/python3.12/site-packages/airflow/example_dags/example_latest_only.py
[2024-11-28T00:04:15.705+0000] {logging_mixin.py:190} INFO - [2024-11-28T00:04:15.704+0000] {dag.py:3239} INFO - Sync 1 DAGs
[2024-11-28T00:04:15.767+0000] {logging_mixin.py:190} INFO - [2024-11-28T00:04:15.767+0000] {dag.py:4180} INFO - Setting next_dagrun for latest_only to 2024-11-27 20:00:00+00:00, run_after=2024-11-28 00:00:00+00:00
[2024-11-28T00:04:15.813+0000] {processor.py:208} INFO - Processing /home/airflow/.local/lib/python3.12/site-packages/airflow/example_dags/example_latest_only.py took 0.186 seconds
