[2024-11-28T00:00:25.231+0000] {processor.py:186} INFO - Started process (PID=2962) to work on /home/airflow/.local/lib/python3.12/site-packages/airflow/example_dags/example_branch_python_dop_operator_3.py
[2024-11-28T00:00:25.232+0000] {processor.py:914} INFO - Processing file /home/airflow/.local/lib/python3.12/site-packages/airflow/example_dags/example_branch_python_dop_operator_3.py for tasks to queue
[2024-11-28T00:00:25.238+0000] {logging_mixin.py:190} INFO - [2024-11-28T00:00:25.237+0000] {dagbag.py:588} INFO - Filling up the DagBag from /home/airflow/.local/lib/python3.12/site-packages/airflow/example_dags/example_branch_python_dop_operator_3.py
[2024-11-28T00:00:25.256+0000] {processor.py:925} INFO - DAG(s) 'example_branch_dop_operator_v3' retrieved from /home/airflow/.local/lib/python3.12/site-packages/airflow/example_dags/example_branch_python_dop_operator_3.py
[2024-11-28T00:00:25.293+0000] {logging_mixin.py:190} INFO - [2024-11-28T00:00:25.293+0000] {dag.py:3239} INFO - Sync 1 DAGs
[2024-11-28T00:00:25.342+0000] {logging_mixin.py:190} INFO - [2024-11-28T00:00:25.341+0000] {dag.py:4180} INFO - Setting next_dagrun for example_branch_dop_operator_v3 to 2024-11-27 23:59:00+00:00, run_after=2024-11-28 00:00:00+00:00
[2024-11-28T00:00:25.380+0000] {processor.py:208} INFO - Processing /home/airflow/.local/lib/python3.12/site-packages/airflow/example_dags/example_branch_python_dop_operator_3.py took 0.162 seconds
[2024-11-28T00:00:56.921+0000] {processor.py:186} INFO - Started process (PID=3025) to work on /home/airflow/.local/lib/python3.12/site-packages/airflow/example_dags/example_branch_python_dop_operator_3.py
[2024-11-28T00:00:56.923+0000] {processor.py:914} INFO - Processing file /home/airflow/.local/lib/python3.12/site-packages/airflow/example_dags/example_branch_python_dop_operator_3.py for tasks to queue
[2024-11-28T00:00:56.928+0000] {logging_mixin.py:190} INFO - [2024-11-28T00:00:56.927+0000] {dagbag.py:588} INFO - Filling up the DagBag from /home/airflow/.local/lib/python3.12/site-packages/airflow/example_dags/example_branch_python_dop_operator_3.py
[2024-11-28T00:00:56.949+0000] {processor.py:925} INFO - DAG(s) 'example_branch_dop_operator_v3' retrieved from /home/airflow/.local/lib/python3.12/site-packages/airflow/example_dags/example_branch_python_dop_operator_3.py
[2024-11-28T00:00:56.995+0000] {logging_mixin.py:190} INFO - [2024-11-28T00:00:56.994+0000] {dag.py:3239} INFO - Sync 1 DAGs
[2024-11-28T00:00:57.053+0000] {logging_mixin.py:190} INFO - [2024-11-28T00:00:57.052+0000] {dag.py:4180} INFO - Setting next_dagrun for example_branch_dop_operator_v3 to 2024-11-27 23:59:00+00:00, run_after=2024-11-28 00:00:00+00:00
[2024-11-28T00:00:57.095+0000] {processor.py:208} INFO - Processing /home/airflow/.local/lib/python3.12/site-packages/airflow/example_dags/example_branch_python_dop_operator_3.py took 0.187 seconds
[2024-11-28T00:01:28.544+0000] {processor.py:186} INFO - Started process (PID=3089) to work on /home/airflow/.local/lib/python3.12/site-packages/airflow/example_dags/example_branch_python_dop_operator_3.py
[2024-11-28T00:01:28.546+0000] {processor.py:914} INFO - Processing file /home/airflow/.local/lib/python3.12/site-packages/airflow/example_dags/example_branch_python_dop_operator_3.py for tasks to queue
[2024-11-28T00:01:28.551+0000] {logging_mixin.py:190} INFO - [2024-11-28T00:01:28.551+0000] {dagbag.py:588} INFO - Filling up the DagBag from /home/airflow/.local/lib/python3.12/site-packages/airflow/example_dags/example_branch_python_dop_operator_3.py
[2024-11-28T00:01:28.579+0000] {processor.py:925} INFO - DAG(s) 'example_branch_dop_operator_v3' retrieved from /home/airflow/.local/lib/python3.12/site-packages/airflow/example_dags/example_branch_python_dop_operator_3.py
[2024-11-28T00:01:28.635+0000] {logging_mixin.py:190} INFO - [2024-11-28T00:01:28.634+0000] {dag.py:3239} INFO - Sync 1 DAGs
[2024-11-28T00:01:28.710+0000] {logging_mixin.py:190} INFO - [2024-11-28T00:01:28.709+0000] {dag.py:4180} INFO - Setting next_dagrun for example_branch_dop_operator_v3 to 2024-11-28 00:00:00+00:00, run_after=2024-11-28 00:01:00+00:00
[2024-11-28T00:01:28.750+0000] {processor.py:208} INFO - Processing /home/airflow/.local/lib/python3.12/site-packages/airflow/example_dags/example_branch_python_dop_operator_3.py took 0.219 seconds
[2024-11-28T00:02:01.130+0000] {processor.py:186} INFO - Started process (PID=3153) to work on /home/airflow/.local/lib/python3.12/site-packages/airflow/example_dags/example_branch_python_dop_operator_3.py
[2024-11-28T00:02:01.132+0000] {processor.py:914} INFO - Processing file /home/airflow/.local/lib/python3.12/site-packages/airflow/example_dags/example_branch_python_dop_operator_3.py for tasks to queue
[2024-11-28T00:02:01.137+0000] {logging_mixin.py:190} INFO - [2024-11-28T00:02:01.137+0000] {dagbag.py:588} INFO - Filling up the DagBag from /home/airflow/.local/lib/python3.12/site-packages/airflow/example_dags/example_branch_python_dop_operator_3.py
[2024-11-28T00:02:01.160+0000] {processor.py:925} INFO - DAG(s) 'example_branch_dop_operator_v3' retrieved from /home/airflow/.local/lib/python3.12/site-packages/airflow/example_dags/example_branch_python_dop_operator_3.py
[2024-11-28T00:02:01.196+0000] {logging_mixin.py:190} INFO - [2024-11-28T00:02:01.195+0000] {dag.py:3239} INFO - Sync 1 DAGs
[2024-11-28T00:02:01.252+0000] {logging_mixin.py:190} INFO - [2024-11-28T00:02:01.252+0000] {dag.py:4180} INFO - Setting next_dagrun for example_branch_dop_operator_v3 to 2024-11-28 00:01:00+00:00, run_after=2024-11-28 00:02:00+00:00
[2024-11-28T00:02:01.765+0000] {processor.py:208} INFO - Processing /home/airflow/.local/lib/python3.12/site-packages/airflow/example_dags/example_branch_python_dop_operator_3.py took 0.649 seconds
[2024-11-28T00:02:32.862+0000] {processor.py:186} INFO - Started process (PID=3217) to work on /home/airflow/.local/lib/python3.12/site-packages/airflow/example_dags/example_branch_python_dop_operator_3.py
[2024-11-28T00:02:32.864+0000] {processor.py:914} INFO - Processing file /home/airflow/.local/lib/python3.12/site-packages/airflow/example_dags/example_branch_python_dop_operator_3.py for tasks to queue
[2024-11-28T00:02:32.871+0000] {logging_mixin.py:190} INFO - [2024-11-28T00:02:32.870+0000] {dagbag.py:588} INFO - Filling up the DagBag from /home/airflow/.local/lib/python3.12/site-packages/airflow/example_dags/example_branch_python_dop_operator_3.py
[2024-11-28T00:02:32.893+0000] {processor.py:925} INFO - DAG(s) 'example_branch_dop_operator_v3' retrieved from /home/airflow/.local/lib/python3.12/site-packages/airflow/example_dags/example_branch_python_dop_operator_3.py
[2024-11-28T00:02:32.943+0000] {logging_mixin.py:190} INFO - [2024-11-28T00:02:32.943+0000] {dag.py:3239} INFO - Sync 1 DAGs
[2024-11-28T00:02:33.013+0000] {logging_mixin.py:190} INFO - [2024-11-28T00:02:33.012+0000] {dag.py:4180} INFO - Setting next_dagrun for example_branch_dop_operator_v3 to 2024-11-28 00:01:00+00:00, run_after=2024-11-28 00:02:00+00:00
[2024-11-28T00:02:33.061+0000] {processor.py:208} INFO - Processing /home/airflow/.local/lib/python3.12/site-packages/airflow/example_dags/example_branch_python_dop_operator_3.py took 0.212 seconds
[2024-11-28T00:03:05.439+0000] {processor.py:186} INFO - Started process (PID=3282) to work on /home/airflow/.local/lib/python3.12/site-packages/airflow/example_dags/example_branch_python_dop_operator_3.py
[2024-11-28T00:03:05.442+0000] {processor.py:914} INFO - Processing file /home/airflow/.local/lib/python3.12/site-packages/airflow/example_dags/example_branch_python_dop_operator_3.py for tasks to queue
[2024-11-28T00:03:05.450+0000] {logging_mixin.py:190} INFO - [2024-11-28T00:03:05.449+0000] {dagbag.py:588} INFO - Filling up the DagBag from /home/airflow/.local/lib/python3.12/site-packages/airflow/example_dags/example_branch_python_dop_operator_3.py
[2024-11-28T00:03:05.484+0000] {processor.py:925} INFO - DAG(s) 'example_branch_dop_operator_v3' retrieved from /home/airflow/.local/lib/python3.12/site-packages/airflow/example_dags/example_branch_python_dop_operator_3.py
[2024-11-28T00:03:05.552+0000] {logging_mixin.py:190} INFO - [2024-11-28T00:03:05.551+0000] {dag.py:3239} INFO - Sync 1 DAGs
[2024-11-28T00:03:05.617+0000] {logging_mixin.py:190} INFO - [2024-11-28T00:03:05.617+0000] {dag.py:4180} INFO - Setting next_dagrun for example_branch_dop_operator_v3 to 2024-11-28 00:02:00+00:00, run_after=2024-11-28 00:03:00+00:00
[2024-11-28T00:03:05.662+0000] {processor.py:208} INFO - Processing /home/airflow/.local/lib/python3.12/site-packages/airflow/example_dags/example_branch_python_dop_operator_3.py took 0.249 seconds
[2024-11-28T00:03:37.551+0000] {processor.py:186} INFO - Started process (PID=3351) to work on /home/airflow/.local/lib/python3.12/site-packages/airflow/example_dags/example_branch_python_dop_operator_3.py
[2024-11-28T00:03:37.552+0000] {processor.py:914} INFO - Processing file /home/airflow/.local/lib/python3.12/site-packages/airflow/example_dags/example_branch_python_dop_operator_3.py for tasks to queue
[2024-11-28T00:03:37.556+0000] {logging_mixin.py:190} INFO - [2024-11-28T00:03:37.555+0000] {dagbag.py:588} INFO - Filling up the DagBag from /home/airflow/.local/lib/python3.12/site-packages/airflow/example_dags/example_branch_python_dop_operator_3.py
[2024-11-28T00:03:37.574+0000] {processor.py:925} INFO - DAG(s) 'example_branch_dop_operator_v3' retrieved from /home/airflow/.local/lib/python3.12/site-packages/airflow/example_dags/example_branch_python_dop_operator_3.py
[2024-11-28T00:03:37.608+0000] {logging_mixin.py:190} INFO - [2024-11-28T00:03:37.607+0000] {dag.py:3239} INFO - Sync 1 DAGs
[2024-11-28T00:03:37.659+0000] {logging_mixin.py:190} INFO - [2024-11-28T00:03:37.659+0000] {dag.py:4180} INFO - Setting next_dagrun for example_branch_dop_operator_v3 to 2024-11-28 00:02:00+00:00, run_after=2024-11-28 00:03:00+00:00
[2024-11-28T00:03:37.699+0000] {processor.py:208} INFO - Processing /home/airflow/.local/lib/python3.12/site-packages/airflow/example_dags/example_branch_python_dop_operator_3.py took 0.162 seconds
[2024-11-28T00:04:09.208+0000] {processor.py:186} INFO - Started process (PID=3415) to work on /home/airflow/.local/lib/python3.12/site-packages/airflow/example_dags/example_branch_python_dop_operator_3.py
[2024-11-28T00:04:09.210+0000] {processor.py:914} INFO - Processing file /home/airflow/.local/lib/python3.12/site-packages/airflow/example_dags/example_branch_python_dop_operator_3.py for tasks to queue
[2024-11-28T00:04:09.215+0000] {logging_mixin.py:190} INFO - [2024-11-28T00:04:09.214+0000] {dagbag.py:588} INFO - Filling up the DagBag from /home/airflow/.local/lib/python3.12/site-packages/airflow/example_dags/example_branch_python_dop_operator_3.py
[2024-11-28T00:04:09.233+0000] {processor.py:925} INFO - DAG(s) 'example_branch_dop_operator_v3' retrieved from /home/airflow/.local/lib/python3.12/site-packages/airflow/example_dags/example_branch_python_dop_operator_3.py
[2024-11-28T00:04:09.273+0000] {logging_mixin.py:190} INFO - [2024-11-28T00:04:09.273+0000] {dag.py:3239} INFO - Sync 1 DAGs
[2024-11-28T00:04:09.709+0000] {logging_mixin.py:190} INFO - [2024-11-28T00:04:09.708+0000] {dag.py:4180} INFO - Setting next_dagrun for example_branch_dop_operator_v3 to 2024-11-28 00:03:00+00:00, run_after=2024-11-28 00:04:00+00:00
[2024-11-28T00:04:09.761+0000] {processor.py:208} INFO - Processing /home/airflow/.local/lib/python3.12/site-packages/airflow/example_dags/example_branch_python_dop_operator_3.py took 0.563 seconds
[2024-11-28T00:04:40.951+0000] {processor.py:186} INFO - Started process (PID=3478) to work on /home/airflow/.local/lib/python3.12/site-packages/airflow/example_dags/example_branch_python_dop_operator_3.py
[2024-11-28T00:04:40.953+0000] {processor.py:914} INFO - Processing file /home/airflow/.local/lib/python3.12/site-packages/airflow/example_dags/example_branch_python_dop_operator_3.py for tasks to queue
[2024-11-28T00:04:40.960+0000] {logging_mixin.py:190} INFO - [2024-11-28T00:04:40.959+0000] {dagbag.py:588} INFO - Filling up the DagBag from /home/airflow/.local/lib/python3.12/site-packages/airflow/example_dags/example_branch_python_dop_operator_3.py
[2024-11-28T00:04:40.982+0000] {processor.py:925} INFO - DAG(s) 'example_branch_dop_operator_v3' retrieved from /home/airflow/.local/lib/python3.12/site-packages/airflow/example_dags/example_branch_python_dop_operator_3.py
[2024-11-28T00:04:41.018+0000] {logging_mixin.py:190} INFO - [2024-11-28T00:04:41.018+0000] {dag.py:3239} INFO - Sync 1 DAGs
[2024-11-28T00:04:42.166+0000] {logging_mixin.py:190} INFO - [2024-11-28T00:04:42.166+0000] {process_utils.py:266} INFO - Waiting up to 5 seconds for processes to exit...
[2024-11-28T00:04:42.168+0000] {logging_mixin.py:190} WARNING - Exception ignored in: <function WeakKeyDictionary.__init__.<locals>.remove at 0x7ba42ee0ba60>
[2024-11-28T00:04:42.168+0000] {logging_mixin.py:190} WARNING - Traceback (most recent call last):
[2024-11-28T00:04:42.168+0000] {logging_mixin.py:190} WARNING -   File "/usr/local/lib/python3.12/weakref.py", line 369, in remove
[2024-11-28T00:04:42.169+0000] {logging_mixin.py:190} WARNING -     def remove(k, selfref=ref(self)):
[2024-11-28T00:04:42.169+0000] {logging_mixin.py:190} WARNING -   File "/home/airflow/.local/lib/python3.12/site-packages/airflow/dag_processing/manager.py", line 466, in _exit_gracefully
[2024-11-28T00:04:42.169+0000] {logging_mixin.py:190} WARNING -     self.log.debug("Current Stacktrace is: %s", "\n".join(map(str, inspect.stack())))
[2024-11-28T00:04:42.170+0000] {logging_mixin.py:190} WARNING -                                                                    ^^^^^^^^^^^^^^^
[2024-11-28T00:04:42.170+0000] {logging_mixin.py:190} WARNING -   File "/usr/local/lib/python3.12/inspect.py", line 1777, in stack
[2024-11-28T00:04:42.196+0000] {logging_mixin.py:190} INFO - [2024-11-28T00:04:42.196+0000] {process_utils.py:266} INFO - Waiting up to 5 seconds for processes to exit...
[2024-11-28T00:04:42.197+0000] {logging_mixin.py:190} WARNING -   File "/usr/local/lib/python3.12/inspect.py", line 1752, in getouterframes
[2024-11-28T00:04:42.198+0000] {logging_mixin.py:190} WARNING -     traceback_info = getframeinfo(frame, context)
[2024-11-28T00:04:42.199+0000] {logging_mixin.py:190} WARNING -                      ^^^^^^^^^^^^^^^^^^^^^^^^^^^^
[2024-11-28T00:04:42.199+0000] {logging_mixin.py:190} WARNING -   File "/usr/local/lib/python3.12/inspect.py", line 1714, in getframeinfo
[2024-11-28T00:04:42.200+0000] {logging_mixin.py:190} WARNING -     lines, lnum = findsource(frame)
[2024-11-28T00:04:42.200+0000] {logging_mixin.py:190} WARNING -                   ^^^^^^^^^^^^^^^^^
[2024-11-28T00:04:42.200+0000] {logging_mixin.py:190} WARNING -   File "/usr/local/lib/python3.12/inspect.py", line 1092, in findsource
[2024-11-28T00:04:42.201+0000] {logging_mixin.py:190} WARNING -     lines = linecache.getlines(file, module.__dict__)
[2024-11-28T00:04:42.201+0000] {logging_mixin.py:190} WARNING -             ^^^^^^^^^^^^^^^^^^^^^^^^^^^^^^^^^^^^^^^^^
[2024-11-28T00:04:42.201+0000] {logging_mixin.py:190} WARNING -   File "/usr/local/lib/python3.12/linecache.py", line 46, in getlines
[2024-11-28T00:04:42.201+0000] {logging_mixin.py:190} WARNING -     return updatecache(filename, module_globals)
[2024-11-28T00:04:42.202+0000] {logging_mixin.py:190} WARNING -            ^^^^^^^^^^^^^^^^^^^^^^^^^^^^^^^^^^^^^
[2024-11-28T00:04:42.202+0000] {logging_mixin.py:190} WARNING -   File "/usr/local/lib/python3.12/linecache.py", line 139, in updatecache
[2024-11-28T00:04:42.202+0000] {logging_mixin.py:190} WARNING -     lines = fp.readlines()
[2024-11-28T00:04:42.203+0000] {logging_mixin.py:190} WARNING -             ^^^^^^^^^^^^^^
[2024-11-28T00:04:42.203+0000] {logging_mixin.py:190} WARNING -   File "<frozen codecs>", line 319, in decode
[2024-11-28T00:04:42.203+0000] {logging_mixin.py:190} WARNING -   File "/home/airflow/.local/lib/python3.12/site-packages/airflow/dag_processing/manager.py", line 470, in _exit_gracefully
[2024-11-28T00:04:42.203+0000] {logging_mixin.py:190} WARNING -     sys.exit(os.EX_OK)
[2024-11-28T00:04:42.204+0000] {logging_mixin.py:190} WARNING - SystemExit: 0
[2024-11-28T00:04:42.216+0000] {logging_mixin.py:190} INFO - [2024-11-28T00:04:42.215+0000] {dag.py:4180} INFO - Setting next_dagrun for example_branch_dop_operator_v3 to 2024-11-28 00:03:00+00:00, run_after=2024-11-28 00:04:00+00:00
[2024-11-28T00:04:42.254+0000] {processor.py:208} INFO - Processing /home/airflow/.local/lib/python3.12/site-packages/airflow/example_dags/example_branch_python_dop_operator_3.py took 1.318 seconds
