[2024-11-28T00:00:23.774+0000] {processor.py:186} INFO - Started process (PID=2959) to work on /home/airflow/.local/lib/python3.12/site-packages/airflow/example_dags/example_inlet_event_extra.py
[2024-11-28T00:00:23.776+0000] {processor.py:914} INFO - Processing file /home/airflow/.local/lib/python3.12/site-packages/airflow/example_dags/example_inlet_event_extra.py for tasks to queue
[2024-11-28T00:00:23.782+0000] {logging_mixin.py:190} INFO - [2024-11-28T00:00:23.781+0000] {dagbag.py:588} INFO - Filling up the DagBag from /home/airflow/.local/lib/python3.12/site-packages/airflow/example_dags/example_inlet_event_extra.py
[2024-11-28T00:00:24.971+0000] {processor.py:925} INFO - DAG(s) 'read_dataset_event', 'read_dataset_event_from_classic' retrieved from /home/airflow/.local/lib/python3.12/site-packages/airflow/example_dags/example_inlet_event_extra.py
[2024-11-28T00:00:25.009+0000] {logging_mixin.py:190} INFO - [2024-11-28T00:00:25.009+0000] {dag.py:3239} INFO - Sync 2 DAGs
[2024-11-28T00:00:25.054+0000] {logging_mixin.py:190} INFO - [2024-11-28T00:00:25.053+0000] {dag.py:4180} INFO - Setting next_dagrun for read_dataset_event to 2024-11-27 00:00:00+00:00, run_after=2024-11-28 00:00:00+00:00
[2024-11-28T00:00:25.063+0000] {logging_mixin.py:190} INFO - [2024-11-28T00:00:25.062+0000] {dag.py:4180} INFO - Setting next_dagrun for read_dataset_event_from_classic to 2024-11-27 00:00:00+00:00, run_after=2024-11-28 00:00:00+00:00
[2024-11-28T00:00:25.095+0000] {processor.py:208} INFO - Processing /home/airflow/.local/lib/python3.12/site-packages/airflow/example_dags/example_inlet_event_extra.py took 1.334 seconds
[2024-11-28T00:00:55.327+0000] {processor.py:186} INFO - Started process (PID=3023) to work on /home/airflow/.local/lib/python3.12/site-packages/airflow/example_dags/example_inlet_event_extra.py
[2024-11-28T00:00:55.329+0000] {processor.py:914} INFO - Processing file /home/airflow/.local/lib/python3.12/site-packages/airflow/example_dags/example_inlet_event_extra.py for tasks to queue
[2024-11-28T00:00:55.334+0000] {logging_mixin.py:190} INFO - [2024-11-28T00:00:55.333+0000] {dagbag.py:588} INFO - Filling up the DagBag from /home/airflow/.local/lib/python3.12/site-packages/airflow/example_dags/example_inlet_event_extra.py
[2024-11-28T00:00:56.679+0000] {processor.py:925} INFO - DAG(s) 'read_dataset_event', 'read_dataset_event_from_classic' retrieved from /home/airflow/.local/lib/python3.12/site-packages/airflow/example_dags/example_inlet_event_extra.py
[2024-11-28T00:00:56.726+0000] {logging_mixin.py:190} INFO - [2024-11-28T00:00:56.725+0000] {dag.py:3239} INFO - Sync 2 DAGs
[2024-11-28T00:00:56.782+0000] {logging_mixin.py:190} INFO - [2024-11-28T00:00:56.781+0000] {dag.py:4180} INFO - Setting next_dagrun for read_dataset_event to 2024-11-27 00:00:00+00:00, run_after=2024-11-28 00:00:00+00:00
[2024-11-28T00:00:56.793+0000] {logging_mixin.py:190} INFO - [2024-11-28T00:00:56.793+0000] {dag.py:4180} INFO - Setting next_dagrun for read_dataset_event_from_classic to 2024-11-27 00:00:00+00:00, run_after=2024-11-28 00:00:00+00:00
[2024-11-28T00:00:56.832+0000] {processor.py:208} INFO - Processing /home/airflow/.local/lib/python3.12/site-packages/airflow/example_dags/example_inlet_event_extra.py took 1.517 seconds
[2024-11-28T00:01:27.067+0000] {processor.py:186} INFO - Started process (PID=3087) to work on /home/airflow/.local/lib/python3.12/site-packages/airflow/example_dags/example_inlet_event_extra.py
[2024-11-28T00:01:27.069+0000] {processor.py:914} INFO - Processing file /home/airflow/.local/lib/python3.12/site-packages/airflow/example_dags/example_inlet_event_extra.py for tasks to queue
[2024-11-28T00:01:27.074+0000] {logging_mixin.py:190} INFO - [2024-11-28T00:01:27.074+0000] {dagbag.py:588} INFO - Filling up the DagBag from /home/airflow/.local/lib/python3.12/site-packages/airflow/example_dags/example_inlet_event_extra.py
[2024-11-28T00:01:28.299+0000] {processor.py:925} INFO - DAG(s) 'read_dataset_event_from_classic', 'read_dataset_event' retrieved from /home/airflow/.local/lib/python3.12/site-packages/airflow/example_dags/example_inlet_event_extra.py
[2024-11-28T00:01:28.346+0000] {logging_mixin.py:190} INFO - [2024-11-28T00:01:28.346+0000] {dag.py:3239} INFO - Sync 2 DAGs
[2024-11-28T00:01:28.397+0000] {logging_mixin.py:190} INFO - [2024-11-28T00:01:28.396+0000] {dag.py:4180} INFO - Setting next_dagrun for read_dataset_event to 2024-11-27 00:00:00+00:00, run_after=2024-11-28 00:00:00+00:00
[2024-11-28T00:01:28.408+0000] {logging_mixin.py:190} INFO - [2024-11-28T00:01:28.408+0000] {dag.py:4180} INFO - Setting next_dagrun for read_dataset_event_from_classic to 2024-11-27 00:00:00+00:00, run_after=2024-11-28 00:00:00+00:00
[2024-11-28T00:01:28.449+0000] {processor.py:208} INFO - Processing /home/airflow/.local/lib/python3.12/site-packages/airflow/example_dags/example_inlet_event_extra.py took 1.397 seconds
[2024-11-28T00:01:59.098+0000] {processor.py:186} INFO - Started process (PID=3151) to work on /home/airflow/.local/lib/python3.12/site-packages/airflow/example_dags/example_inlet_event_extra.py
[2024-11-28T00:01:59.100+0000] {processor.py:914} INFO - Processing file /home/airflow/.local/lib/python3.12/site-packages/airflow/example_dags/example_inlet_event_extra.py for tasks to queue
[2024-11-28T00:01:59.106+0000] {logging_mixin.py:190} INFO - [2024-11-28T00:01:59.106+0000] {dagbag.py:588} INFO - Filling up the DagBag from /home/airflow/.local/lib/python3.12/site-packages/airflow/example_dags/example_inlet_event_extra.py
[2024-11-28T00:02:00.800+0000] {processor.py:925} INFO - DAG(s) 'read_dataset_event', 'read_dataset_event_from_classic' retrieved from /home/airflow/.local/lib/python3.12/site-packages/airflow/example_dags/example_inlet_event_extra.py
[2024-11-28T00:02:00.868+0000] {logging_mixin.py:190} INFO - [2024-11-28T00:02:00.868+0000] {dag.py:3239} INFO - Sync 2 DAGs
[2024-11-28T00:02:00.939+0000] {logging_mixin.py:190} INFO - [2024-11-28T00:02:00.938+0000] {dag.py:4180} INFO - Setting next_dagrun for read_dataset_event to 2024-11-27 00:00:00+00:00, run_after=2024-11-28 00:00:00+00:00
[2024-11-28T00:02:00.961+0000] {logging_mixin.py:190} INFO - [2024-11-28T00:02:00.961+0000] {dag.py:4180} INFO - Setting next_dagrun for read_dataset_event_from_classic to 2024-11-27 00:00:00+00:00, run_after=2024-11-28 00:00:00+00:00
[2024-11-28T00:02:01.018+0000] {processor.py:208} INFO - Processing /home/airflow/.local/lib/python3.12/site-packages/airflow/example_dags/example_inlet_event_extra.py took 1.936 seconds
[2024-11-28T00:02:31.268+0000] {processor.py:186} INFO - Started process (PID=3215) to work on /home/airflow/.local/lib/python3.12/site-packages/airflow/example_dags/example_inlet_event_extra.py
[2024-11-28T00:02:31.271+0000] {processor.py:914} INFO - Processing file /home/airflow/.local/lib/python3.12/site-packages/airflow/example_dags/example_inlet_event_extra.py for tasks to queue
[2024-11-28T00:02:31.278+0000] {logging_mixin.py:190} INFO - [2024-11-28T00:02:31.277+0000] {dagbag.py:588} INFO - Filling up the DagBag from /home/airflow/.local/lib/python3.12/site-packages/airflow/example_dags/example_inlet_event_extra.py
[2024-11-28T00:02:32.588+0000] {processor.py:925} INFO - DAG(s) 'read_dataset_event', 'read_dataset_event_from_classic' retrieved from /home/airflow/.local/lib/python3.12/site-packages/airflow/example_dags/example_inlet_event_extra.py
[2024-11-28T00:02:32.645+0000] {logging_mixin.py:190} INFO - [2024-11-28T00:02:32.644+0000] {dag.py:3239} INFO - Sync 2 DAGs
[2024-11-28T00:02:32.716+0000] {logging_mixin.py:190} INFO - [2024-11-28T00:02:32.715+0000] {dag.py:4180} INFO - Setting next_dagrun for read_dataset_event to 2024-11-27 00:00:00+00:00, run_after=2024-11-28 00:00:00+00:00
[2024-11-28T00:02:32.729+0000] {logging_mixin.py:190} INFO - [2024-11-28T00:02:32.728+0000] {dag.py:4180} INFO - Setting next_dagrun for read_dataset_event_from_classic to 2024-11-27 00:00:00+00:00, run_after=2024-11-28 00:00:00+00:00
[2024-11-28T00:02:32.769+0000] {processor.py:208} INFO - Processing /home/airflow/.local/lib/python3.12/site-packages/airflow/example_dags/example_inlet_event_extra.py took 1.516 seconds
[2024-11-28T00:03:03.695+0000] {processor.py:186} INFO - Started process (PID=3280) to work on /home/airflow/.local/lib/python3.12/site-packages/airflow/example_dags/example_inlet_event_extra.py
[2024-11-28T00:03:03.698+0000] {processor.py:914} INFO - Processing file /home/airflow/.local/lib/python3.12/site-packages/airflow/example_dags/example_inlet_event_extra.py for tasks to queue
[2024-11-28T00:03:03.704+0000] {logging_mixin.py:190} INFO - [2024-11-28T00:03:03.703+0000] {dagbag.py:588} INFO - Filling up the DagBag from /home/airflow/.local/lib/python3.12/site-packages/airflow/example_dags/example_inlet_event_extra.py
[2024-11-28T00:03:05.077+0000] {processor.py:925} INFO - DAG(s) 'read_dataset_event_from_classic', 'read_dataset_event' retrieved from /home/airflow/.local/lib/python3.12/site-packages/airflow/example_dags/example_inlet_event_extra.py
[2024-11-28T00:03:05.136+0000] {logging_mixin.py:190} INFO - [2024-11-28T00:03:05.135+0000] {dag.py:3239} INFO - Sync 2 DAGs
[2024-11-28T00:03:05.218+0000] {logging_mixin.py:190} INFO - [2024-11-28T00:03:05.217+0000] {dag.py:4180} INFO - Setting next_dagrun for read_dataset_event to 2024-11-27 00:00:00+00:00, run_after=2024-11-28 00:00:00+00:00
[2024-11-28T00:03:05.232+0000] {logging_mixin.py:190} INFO - [2024-11-28T00:03:05.232+0000] {dag.py:4180} INFO - Setting next_dagrun for read_dataset_event_from_classic to 2024-11-27 00:00:00+00:00, run_after=2024-11-28 00:00:00+00:00
[2024-11-28T00:03:05.285+0000] {processor.py:208} INFO - Processing /home/airflow/.local/lib/python3.12/site-packages/airflow/example_dags/example_inlet_event_extra.py took 1.605 seconds
[2024-11-28T00:03:36.228+0000] {processor.py:186} INFO - Started process (PID=3349) to work on /home/airflow/.local/lib/python3.12/site-packages/airflow/example_dags/example_inlet_event_extra.py
[2024-11-28T00:03:36.229+0000] {processor.py:914} INFO - Processing file /home/airflow/.local/lib/python3.12/site-packages/airflow/example_dags/example_inlet_event_extra.py for tasks to queue
[2024-11-28T00:03:36.233+0000] {logging_mixin.py:190} INFO - [2024-11-28T00:03:36.232+0000] {dagbag.py:588} INFO - Filling up the DagBag from /home/airflow/.local/lib/python3.12/site-packages/airflow/example_dags/example_inlet_event_extra.py
[2024-11-28T00:03:37.313+0000] {processor.py:925} INFO - DAG(s) 'read_dataset_event_from_classic', 'read_dataset_event' retrieved from /home/airflow/.local/lib/python3.12/site-packages/airflow/example_dags/example_inlet_event_extra.py
[2024-11-28T00:03:37.360+0000] {logging_mixin.py:190} INFO - [2024-11-28T00:03:37.360+0000] {dag.py:3239} INFO - Sync 2 DAGs
[2024-11-28T00:03:37.415+0000] {logging_mixin.py:190} INFO - [2024-11-28T00:03:37.414+0000] {dag.py:4180} INFO - Setting next_dagrun for read_dataset_event to 2024-11-27 00:00:00+00:00, run_after=2024-11-28 00:00:00+00:00
[2024-11-28T00:03:37.424+0000] {logging_mixin.py:190} INFO - [2024-11-28T00:03:37.423+0000] {dag.py:4180} INFO - Setting next_dagrun for read_dataset_event_from_classic to 2024-11-27 00:00:00+00:00, run_after=2024-11-28 00:00:00+00:00
[2024-11-28T00:03:37.458+0000] {processor.py:208} INFO - Processing /home/airflow/.local/lib/python3.12/site-packages/airflow/example_dags/example_inlet_event_extra.py took 1.242 seconds
[2024-11-28T00:04:07.863+0000] {processor.py:186} INFO - Started process (PID=3413) to work on /home/airflow/.local/lib/python3.12/site-packages/airflow/example_dags/example_inlet_event_extra.py
[2024-11-28T00:04:07.864+0000] {processor.py:914} INFO - Processing file /home/airflow/.local/lib/python3.12/site-packages/airflow/example_dags/example_inlet_event_extra.py for tasks to queue
[2024-11-28T00:04:07.868+0000] {logging_mixin.py:190} INFO - [2024-11-28T00:04:07.868+0000] {dagbag.py:588} INFO - Filling up the DagBag from /home/airflow/.local/lib/python3.12/site-packages/airflow/example_dags/example_inlet_event_extra.py
[2024-11-28T00:04:08.980+0000] {processor.py:925} INFO - DAG(s) 'read_dataset_event_from_classic', 'read_dataset_event' retrieved from /home/airflow/.local/lib/python3.12/site-packages/airflow/example_dags/example_inlet_event_extra.py
[2024-11-28T00:04:09.022+0000] {logging_mixin.py:190} INFO - [2024-11-28T00:04:09.022+0000] {dag.py:3239} INFO - Sync 2 DAGs
[2024-11-28T00:04:09.077+0000] {logging_mixin.py:190} INFO - [2024-11-28T00:04:09.077+0000] {dag.py:4180} INFO - Setting next_dagrun for read_dataset_event to 2024-11-27 00:00:00+00:00, run_after=2024-11-28 00:00:00+00:00
[2024-11-28T00:04:09.087+0000] {logging_mixin.py:190} INFO - [2024-11-28T00:04:09.086+0000] {dag.py:4180} INFO - Setting next_dagrun for read_dataset_event_from_classic to 2024-11-27 00:00:00+00:00, run_after=2024-11-28 00:00:00+00:00
[2024-11-28T00:04:09.124+0000] {processor.py:208} INFO - Processing /home/airflow/.local/lib/python3.12/site-packages/airflow/example_dags/example_inlet_event_extra.py took 1.271 seconds
[2024-11-28T00:04:39.474+0000] {processor.py:186} INFO - Started process (PID=3476) to work on /home/airflow/.local/lib/python3.12/site-packages/airflow/example_dags/example_inlet_event_extra.py
[2024-11-28T00:04:39.476+0000] {processor.py:914} INFO - Processing file /home/airflow/.local/lib/python3.12/site-packages/airflow/example_dags/example_inlet_event_extra.py for tasks to queue
[2024-11-28T00:04:39.480+0000] {logging_mixin.py:190} INFO - [2024-11-28T00:04:39.480+0000] {dagbag.py:588} INFO - Filling up the DagBag from /home/airflow/.local/lib/python3.12/site-packages/airflow/example_dags/example_inlet_event_extra.py
[2024-11-28T00:04:40.706+0000] {processor.py:925} INFO - DAG(s) 'read_dataset_event', 'read_dataset_event_from_classic' retrieved from /home/airflow/.local/lib/python3.12/site-packages/airflow/example_dags/example_inlet_event_extra.py
[2024-11-28T00:04:40.751+0000] {logging_mixin.py:190} INFO - [2024-11-28T00:04:40.750+0000] {dag.py:3239} INFO - Sync 2 DAGs
[2024-11-28T00:04:40.804+0000] {logging_mixin.py:190} INFO - [2024-11-28T00:04:40.803+0000] {dag.py:4180} INFO - Setting next_dagrun for read_dataset_event to 2024-11-27 00:00:00+00:00, run_after=2024-11-28 00:00:00+00:00
[2024-11-28T00:04:40.816+0000] {logging_mixin.py:190} INFO - [2024-11-28T00:04:40.815+0000] {dag.py:4180} INFO - Setting next_dagrun for read_dataset_event_from_classic to 2024-11-27 00:00:00+00:00, run_after=2024-11-28 00:00:00+00:00
[2024-11-28T00:04:40.855+0000] {processor.py:208} INFO - Processing /home/airflow/.local/lib/python3.12/site-packages/airflow/example_dags/example_inlet_event_extra.py took 1.392 seconds
