[2024-11-28T00:00:18.317+0000] {processor.py:186} INFO - Started process (PID=2949) to work on /home/airflow/.local/lib/python3.12/site-packages/airflow/example_dags/example_bash_decorator.py
[2024-11-28T00:00:18.318+0000] {processor.py:914} INFO - Processing file /home/airflow/.local/lib/python3.12/site-packages/airflow/example_dags/example_bash_decorator.py for tasks to queue
[2024-11-28T00:00:18.322+0000] {logging_mixin.py:190} INFO - [2024-11-28T00:00:18.321+0000] {dagbag.py:588} INFO - Filling up the DagBag from /home/airflow/.local/lib/python3.12/site-packages/airflow/example_dags/example_bash_decorator.py
[2024-11-28T00:00:18.351+0000] {processor.py:925} INFO - DAG(s) 'example_bash_decorator' retrieved from /home/airflow/.local/lib/python3.12/site-packages/airflow/example_dags/example_bash_decorator.py
[2024-11-28T00:00:18.417+0000] {logging_mixin.py:190} INFO - [2024-11-28T00:00:18.416+0000] {dag.py:3239} INFO - Sync 1 DAGs
[2024-11-28T00:00:18.454+0000] {logging_mixin.py:190} INFO - [2024-11-28T00:00:18.453+0000] {dag.py:4180} INFO - Setting next_dagrun for example_bash_decorator to None, run_after=None
[2024-11-28T00:00:18.487+0000] {processor.py:208} INFO - Processing /home/airflow/.local/lib/python3.12/site-packages/airflow/example_dags/example_bash_decorator.py took 0.181 seconds
[2024-11-28T00:00:49.692+0000] {processor.py:186} INFO - Started process (PID=3013) to work on /home/airflow/.local/lib/python3.12/site-packages/airflow/example_dags/example_bash_decorator.py
[2024-11-28T00:00:49.694+0000] {processor.py:914} INFO - Processing file /home/airflow/.local/lib/python3.12/site-packages/airflow/example_dags/example_bash_decorator.py for tasks to queue
[2024-11-28T00:00:49.699+0000] {logging_mixin.py:190} INFO - [2024-11-28T00:00:49.698+0000] {dagbag.py:588} INFO - Filling up the DagBag from /home/airflow/.local/lib/python3.12/site-packages/airflow/example_dags/example_bash_decorator.py
[2024-11-28T00:00:49.728+0000] {processor.py:925} INFO - DAG(s) 'example_bash_decorator' retrieved from /home/airflow/.local/lib/python3.12/site-packages/airflow/example_dags/example_bash_decorator.py
[2024-11-28T00:00:49.776+0000] {logging_mixin.py:190} INFO - [2024-11-28T00:00:49.775+0000] {dag.py:3239} INFO - Sync 1 DAGs
[2024-11-28T00:00:49.804+0000] {logging_mixin.py:190} INFO - [2024-11-28T00:00:49.803+0000] {dag.py:4180} INFO - Setting next_dagrun for example_bash_decorator to None, run_after=None
[2024-11-28T00:00:49.839+0000] {processor.py:208} INFO - Processing /home/airflow/.local/lib/python3.12/site-packages/airflow/example_dags/example_bash_decorator.py took 0.158 seconds
[2024-11-28T00:01:20.882+0000] {processor.py:186} INFO - Started process (PID=3077) to work on /home/airflow/.local/lib/python3.12/site-packages/airflow/example_dags/example_bash_decorator.py
[2024-11-28T00:01:20.884+0000] {processor.py:914} INFO - Processing file /home/airflow/.local/lib/python3.12/site-packages/airflow/example_dags/example_bash_decorator.py for tasks to queue
[2024-11-28T00:01:20.888+0000] {logging_mixin.py:190} INFO - [2024-11-28T00:01:20.888+0000] {dagbag.py:588} INFO - Filling up the DagBag from /home/airflow/.local/lib/python3.12/site-packages/airflow/example_dags/example_bash_decorator.py
[2024-11-28T00:01:20.918+0000] {processor.py:925} INFO - DAG(s) 'example_bash_decorator' retrieved from /home/airflow/.local/lib/python3.12/site-packages/airflow/example_dags/example_bash_decorator.py
[2024-11-28T00:01:20.988+0000] {logging_mixin.py:190} INFO - [2024-11-28T00:01:20.987+0000] {dag.py:3239} INFO - Sync 1 DAGs
[2024-11-28T00:01:21.018+0000] {logging_mixin.py:190} INFO - [2024-11-28T00:01:21.018+0000] {dag.py:4180} INFO - Setting next_dagrun for example_bash_decorator to None, run_after=None
[2024-11-28T00:01:21.421+0000] {processor.py:208} INFO - Processing /home/airflow/.local/lib/python3.12/site-packages/airflow/example_dags/example_bash_decorator.py took 0.551 seconds
[2024-11-28T00:01:51.676+0000] {processor.py:186} INFO - Started process (PID=3140) to work on /home/airflow/.local/lib/python3.12/site-packages/airflow/example_dags/example_bash_decorator.py
[2024-11-28T00:01:51.679+0000] {processor.py:914} INFO - Processing file /home/airflow/.local/lib/python3.12/site-packages/airflow/example_dags/example_bash_decorator.py for tasks to queue
[2024-11-28T00:01:51.684+0000] {logging_mixin.py:190} INFO - [2024-11-28T00:01:51.683+0000] {dagbag.py:588} INFO - Filling up the DagBag from /home/airflow/.local/lib/python3.12/site-packages/airflow/example_dags/example_bash_decorator.py
[2024-11-28T00:01:51.735+0000] {processor.py:925} INFO - DAG(s) 'example_bash_decorator' retrieved from /home/airflow/.local/lib/python3.12/site-packages/airflow/example_dags/example_bash_decorator.py
[2024-11-28T00:01:51.805+0000] {logging_mixin.py:190} INFO - [2024-11-28T00:01:51.804+0000] {dag.py:3239} INFO - Sync 1 DAGs
[2024-11-28T00:01:51.842+0000] {logging_mixin.py:190} INFO - [2024-11-28T00:01:51.841+0000] {dag.py:4180} INFO - Setting next_dagrun for example_bash_decorator to None, run_after=None
[2024-11-28T00:01:51.893+0000] {processor.py:208} INFO - Processing /home/airflow/.local/lib/python3.12/site-packages/airflow/example_dags/example_bash_decorator.py took 0.236 seconds
[2024-11-28T00:02:22.103+0000] {processor.py:186} INFO - Started process (PID=3203) to work on /home/airflow/.local/lib/python3.12/site-packages/airflow/example_dags/example_bash_decorator.py
[2024-11-28T00:02:22.104+0000] {processor.py:914} INFO - Processing file /home/airflow/.local/lib/python3.12/site-packages/airflow/example_dags/example_bash_decorator.py for tasks to queue
[2024-11-28T00:02:22.109+0000] {logging_mixin.py:190} INFO - [2024-11-28T00:02:22.108+0000] {dagbag.py:588} INFO - Filling up the DagBag from /home/airflow/.local/lib/python3.12/site-packages/airflow/example_dags/example_bash_decorator.py
[2024-11-28T00:02:22.135+0000] {processor.py:925} INFO - DAG(s) 'example_bash_decorator' retrieved from /home/airflow/.local/lib/python3.12/site-packages/airflow/example_dags/example_bash_decorator.py
[2024-11-28T00:02:22.188+0000] {logging_mixin.py:190} INFO - [2024-11-28T00:02:22.188+0000] {dag.py:3239} INFO - Sync 1 DAGs
[2024-11-28T00:02:22.223+0000] {logging_mixin.py:190} INFO - [2024-11-28T00:02:22.223+0000] {dag.py:4180} INFO - Setting next_dagrun for example_bash_decorator to None, run_after=None
[2024-11-28T00:02:22.261+0000] {processor.py:208} INFO - Processing /home/airflow/.local/lib/python3.12/site-packages/airflow/example_dags/example_bash_decorator.py took 0.170 seconds
[2024-11-28T00:02:52.409+0000] {processor.py:186} INFO - Started process (PID=3267) to work on /home/airflow/.local/lib/python3.12/site-packages/airflow/example_dags/example_bash_decorator.py
[2024-11-28T00:02:52.410+0000] {processor.py:914} INFO - Processing file /home/airflow/.local/lib/python3.12/site-packages/airflow/example_dags/example_bash_decorator.py for tasks to queue
[2024-11-28T00:02:52.415+0000] {logging_mixin.py:190} INFO - [2024-11-28T00:02:52.414+0000] {dagbag.py:588} INFO - Filling up the DagBag from /home/airflow/.local/lib/python3.12/site-packages/airflow/example_dags/example_bash_decorator.py
[2024-11-28T00:02:52.443+0000] {processor.py:925} INFO - DAG(s) 'example_bash_decorator' retrieved from /home/airflow/.local/lib/python3.12/site-packages/airflow/example_dags/example_bash_decorator.py
[2024-11-28T00:02:52.492+0000] {logging_mixin.py:190} INFO - [2024-11-28T00:02:52.492+0000] {dag.py:3239} INFO - Sync 1 DAGs
[2024-11-28T00:02:52.523+0000] {logging_mixin.py:190} INFO - [2024-11-28T00:02:52.523+0000] {dag.py:4180} INFO - Setting next_dagrun for example_bash_decorator to None, run_after=None
[2024-11-28T00:02:52.560+0000] {processor.py:208} INFO - Processing /home/airflow/.local/lib/python3.12/site-packages/airflow/example_dags/example_bash_decorator.py took 0.164 seconds
[2024-11-28T00:03:25.181+0000] {processor.py:186} INFO - Started process (PID=3330) to work on /home/airflow/.local/lib/python3.12/site-packages/airflow/example_dags/example_bash_decorator.py
[2024-11-28T00:03:25.183+0000] {processor.py:914} INFO - Processing file /home/airflow/.local/lib/python3.12/site-packages/airflow/example_dags/example_bash_decorator.py for tasks to queue
[2024-11-28T00:03:25.187+0000] {logging_mixin.py:190} INFO - [2024-11-28T00:03:25.186+0000] {dagbag.py:588} INFO - Filling up the DagBag from /home/airflow/.local/lib/python3.12/site-packages/airflow/example_dags/example_bash_decorator.py
[2024-11-28T00:03:25.214+0000] {processor.py:925} INFO - DAG(s) 'example_bash_decorator' retrieved from /home/airflow/.local/lib/python3.12/site-packages/airflow/example_dags/example_bash_decorator.py
[2024-11-28T00:03:25.262+0000] {logging_mixin.py:190} INFO - [2024-11-28T00:03:25.261+0000] {dag.py:3239} INFO - Sync 1 DAGs
[2024-11-28T00:03:25.658+0000] {logging_mixin.py:190} INFO - [2024-11-28T00:03:25.658+0000] {dag.py:4180} INFO - Setting next_dagrun for example_bash_decorator to None, run_after=None
[2024-11-28T00:03:25.702+0000] {processor.py:208} INFO - Processing /home/airflow/.local/lib/python3.12/site-packages/airflow/example_dags/example_bash_decorator.py took 0.534 seconds
[2024-11-28T00:03:56.021+0000] {processor.py:186} INFO - Started process (PID=3394) to work on /home/airflow/.local/lib/python3.12/site-packages/airflow/example_dags/example_bash_decorator.py
[2024-11-28T00:03:56.022+0000] {processor.py:914} INFO - Processing file /home/airflow/.local/lib/python3.12/site-packages/airflow/example_dags/example_bash_decorator.py for tasks to queue
[2024-11-28T00:03:56.027+0000] {logging_mixin.py:190} INFO - [2024-11-28T00:03:56.026+0000] {dagbag.py:588} INFO - Filling up the DagBag from /home/airflow/.local/lib/python3.12/site-packages/airflow/example_dags/example_bash_decorator.py
[2024-11-28T00:03:56.052+0000] {processor.py:925} INFO - DAG(s) 'example_bash_decorator' retrieved from /home/airflow/.local/lib/python3.12/site-packages/airflow/example_dags/example_bash_decorator.py
[2024-11-28T00:03:56.096+0000] {logging_mixin.py:190} INFO - [2024-11-28T00:03:56.096+0000] {dag.py:3239} INFO - Sync 1 DAGs
[2024-11-28T00:03:56.124+0000] {logging_mixin.py:190} INFO - [2024-11-28T00:03:56.124+0000] {dag.py:4180} INFO - Setting next_dagrun for example_bash_decorator to None, run_after=None
[2024-11-28T00:03:56.487+0000] {processor.py:208} INFO - Processing /home/airflow/.local/lib/python3.12/site-packages/airflow/example_dags/example_bash_decorator.py took 0.476 seconds
[2024-11-28T00:04:26.802+0000] {processor.py:186} INFO - Started process (PID=3458) to work on /home/airflow/.local/lib/python3.12/site-packages/airflow/example_dags/example_bash_decorator.py
[2024-11-28T00:04:26.804+0000] {processor.py:914} INFO - Processing file /home/airflow/.local/lib/python3.12/site-packages/airflow/example_dags/example_bash_decorator.py for tasks to queue
[2024-11-28T00:04:26.808+0000] {logging_mixin.py:190} INFO - [2024-11-28T00:04:26.808+0000] {dagbag.py:588} INFO - Filling up the DagBag from /home/airflow/.local/lib/python3.12/site-packages/airflow/example_dags/example_bash_decorator.py
[2024-11-28T00:04:26.837+0000] {processor.py:925} INFO - DAG(s) 'example_bash_decorator' retrieved from /home/airflow/.local/lib/python3.12/site-packages/airflow/example_dags/example_bash_decorator.py
[2024-11-28T00:04:26.884+0000] {logging_mixin.py:190} INFO - [2024-11-28T00:04:26.883+0000] {dag.py:3239} INFO - Sync 1 DAGs
[2024-11-28T00:04:26.911+0000] {logging_mixin.py:190} INFO - [2024-11-28T00:04:26.911+0000] {dag.py:4180} INFO - Setting next_dagrun for example_bash_decorator to None, run_after=None
[2024-11-28T00:04:26.947+0000] {processor.py:208} INFO - Processing /home/airflow/.local/lib/python3.12/site-packages/airflow/example_dags/example_bash_decorator.py took 0.157 seconds
