[2024-11-28T00:00:19.076+0000] {processor.py:186} INFO - Started process (PID=2955) to work on /home/airflow/.local/lib/python3.12/site-packages/airflow/example_dags/example_latest_only_with_trigger.py
[2024-11-28T00:00:19.077+0000] {processor.py:914} INFO - Processing file /home/airflow/.local/lib/python3.12/site-packages/airflow/example_dags/example_latest_only_with_trigger.py for tasks to queue
[2024-11-28T00:00:19.082+0000] {logging_mixin.py:190} INFO - [2024-11-28T00:00:19.081+0000] {dagbag.py:588} INFO - Filling up the DagBag from /home/airflow/.local/lib/python3.12/site-packages/airflow/example_dags/example_latest_only_with_trigger.py
[2024-11-28T00:00:19.096+0000] {processor.py:925} INFO - DAG(s) 'latest_only_with_trigger' retrieved from /home/airflow/.local/lib/python3.12/site-packages/airflow/example_dags/example_latest_only_with_trigger.py
[2024-11-28T00:00:19.136+0000] {logging_mixin.py:190} INFO - [2024-11-28T00:00:19.135+0000] {dag.py:3239} INFO - Sync 1 DAGs
[2024-11-28T00:00:19.189+0000] {logging_mixin.py:190} INFO - [2024-11-28T00:00:19.188+0000] {dag.py:4180} INFO - Setting next_dagrun for latest_only_with_trigger to 2024-11-27 20:00:00+00:00, run_after=2024-11-28 00:00:00+00:00
[2024-11-28T00:00:19.228+0000] {processor.py:208} INFO - Processing /home/airflow/.local/lib/python3.12/site-packages/airflow/example_dags/example_latest_only_with_trigger.py took 0.163 seconds
[2024-11-28T00:00:50.814+0000] {processor.py:186} INFO - Started process (PID=3019) to work on /home/airflow/.local/lib/python3.12/site-packages/airflow/example_dags/example_latest_only_with_trigger.py
[2024-11-28T00:00:50.816+0000] {processor.py:914} INFO - Processing file /home/airflow/.local/lib/python3.12/site-packages/airflow/example_dags/example_latest_only_with_trigger.py for tasks to queue
[2024-11-28T00:00:50.821+0000] {logging_mixin.py:190} INFO - [2024-11-28T00:00:50.821+0000] {dagbag.py:588} INFO - Filling up the DagBag from /home/airflow/.local/lib/python3.12/site-packages/airflow/example_dags/example_latest_only_with_trigger.py
[2024-11-28T00:00:50.839+0000] {processor.py:925} INFO - DAG(s) 'latest_only_with_trigger' retrieved from /home/airflow/.local/lib/python3.12/site-packages/airflow/example_dags/example_latest_only_with_trigger.py
[2024-11-28T00:00:50.890+0000] {logging_mixin.py:190} INFO - [2024-11-28T00:00:50.889+0000] {dag.py:3239} INFO - Sync 1 DAGs
[2024-11-28T00:00:50.947+0000] {logging_mixin.py:190} INFO - [2024-11-28T00:00:50.946+0000] {dag.py:4180} INFO - Setting next_dagrun for latest_only_with_trigger to 2024-11-27 20:00:00+00:00, run_after=2024-11-28 00:00:00+00:00
[2024-11-28T00:00:50.984+0000] {processor.py:208} INFO - Processing /home/airflow/.local/lib/python3.12/site-packages/airflow/example_dags/example_latest_only_with_trigger.py took 0.183 seconds
[2024-11-28T00:01:22.791+0000] {processor.py:186} INFO - Started process (PID=3083) to work on /home/airflow/.local/lib/python3.12/site-packages/airflow/example_dags/example_latest_only_with_trigger.py
[2024-11-28T00:01:22.793+0000] {processor.py:914} INFO - Processing file /home/airflow/.local/lib/python3.12/site-packages/airflow/example_dags/example_latest_only_with_trigger.py for tasks to queue
[2024-11-28T00:01:22.798+0000] {logging_mixin.py:190} INFO - [2024-11-28T00:01:22.797+0000] {dagbag.py:588} INFO - Filling up the DagBag from /home/airflow/.local/lib/python3.12/site-packages/airflow/example_dags/example_latest_only_with_trigger.py
[2024-11-28T00:01:22.816+0000] {processor.py:925} INFO - DAG(s) 'latest_only_with_trigger' retrieved from /home/airflow/.local/lib/python3.12/site-packages/airflow/example_dags/example_latest_only_with_trigger.py
[2024-11-28T00:01:22.860+0000] {logging_mixin.py:190} INFO - [2024-11-28T00:01:22.860+0000] {dag.py:3239} INFO - Sync 1 DAGs
[2024-11-28T00:01:22.919+0000] {logging_mixin.py:190} INFO - [2024-11-28T00:01:22.919+0000] {dag.py:4180} INFO - Setting next_dagrun for latest_only_with_trigger to 2024-11-27 20:00:00+00:00, run_after=2024-11-28 00:00:00+00:00
[2024-11-28T00:01:23.317+0000] {processor.py:208} INFO - Processing /home/airflow/.local/lib/python3.12/site-packages/airflow/example_dags/example_latest_only_with_trigger.py took 0.539 seconds
[2024-11-28T00:01:54.441+0000] {processor.py:186} INFO - Started process (PID=3147) to work on /home/airflow/.local/lib/python3.12/site-packages/airflow/example_dags/example_latest_only_with_trigger.py
[2024-11-28T00:01:54.443+0000] {processor.py:914} INFO - Processing file /home/airflow/.local/lib/python3.12/site-packages/airflow/example_dags/example_latest_only_with_trigger.py for tasks to queue
[2024-11-28T00:01:54.450+0000] {logging_mixin.py:190} INFO - [2024-11-28T00:01:54.450+0000] {dagbag.py:588} INFO - Filling up the DagBag from /home/airflow/.local/lib/python3.12/site-packages/airflow/example_dags/example_latest_only_with_trigger.py
[2024-11-28T00:01:54.476+0000] {processor.py:925} INFO - DAG(s) 'latest_only_with_trigger' retrieved from /home/airflow/.local/lib/python3.12/site-packages/airflow/example_dags/example_latest_only_with_trigger.py
[2024-11-28T00:01:54.535+0000] {logging_mixin.py:190} INFO - [2024-11-28T00:01:54.534+0000] {dag.py:3239} INFO - Sync 1 DAGs
[2024-11-28T00:01:54.602+0000] {logging_mixin.py:190} INFO - [2024-11-28T00:01:54.602+0000] {dag.py:4180} INFO - Setting next_dagrun for latest_only_with_trigger to 2024-11-27 20:00:00+00:00, run_after=2024-11-28 00:00:00+00:00
[2024-11-28T00:01:54.681+0000] {processor.py:208} INFO - Processing /home/airflow/.local/lib/python3.12/site-packages/airflow/example_dags/example_latest_only_with_trigger.py took 0.255 seconds
[2024-11-28T00:02:25.479+0000] {processor.py:186} INFO - Started process (PID=3211) to work on /home/airflow/.local/lib/python3.12/site-packages/airflow/example_dags/example_latest_only_with_trigger.py
[2024-11-28T00:02:25.481+0000] {processor.py:914} INFO - Processing file /home/airflow/.local/lib/python3.12/site-packages/airflow/example_dags/example_latest_only_with_trigger.py for tasks to queue
[2024-11-28T00:02:25.486+0000] {logging_mixin.py:190} INFO - [2024-11-28T00:02:25.485+0000] {dagbag.py:588} INFO - Filling up the DagBag from /home/airflow/.local/lib/python3.12/site-packages/airflow/example_dags/example_latest_only_with_trigger.py
[2024-11-28T00:02:25.502+0000] {processor.py:925} INFO - DAG(s) 'latest_only_with_trigger' retrieved from /home/airflow/.local/lib/python3.12/site-packages/airflow/example_dags/example_latest_only_with_trigger.py
[2024-11-28T00:02:25.546+0000] {logging_mixin.py:190} INFO - [2024-11-28T00:02:25.546+0000] {dag.py:3239} INFO - Sync 1 DAGs
[2024-11-28T00:02:25.598+0000] {logging_mixin.py:190} INFO - [2024-11-28T00:02:25.598+0000] {dag.py:4180} INFO - Setting next_dagrun for latest_only_with_trigger to 2024-11-27 20:00:00+00:00, run_after=2024-11-28 00:00:00+00:00
[2024-11-28T00:02:25.643+0000] {processor.py:208} INFO - Processing /home/airflow/.local/lib/python3.12/site-packages/airflow/example_dags/example_latest_only_with_trigger.py took 0.174 seconds
[2024-11-28T00:02:55.816+0000] {processor.py:186} INFO - Started process (PID=3274) to work on /home/airflow/.local/lib/python3.12/site-packages/airflow/example_dags/example_latest_only_with_trigger.py
[2024-11-28T00:02:55.817+0000] {processor.py:914} INFO - Processing file /home/airflow/.local/lib/python3.12/site-packages/airflow/example_dags/example_latest_only_with_trigger.py for tasks to queue
[2024-11-28T00:02:55.821+0000] {logging_mixin.py:190} INFO - [2024-11-28T00:02:55.820+0000] {dagbag.py:588} INFO - Filling up the DagBag from /home/airflow/.local/lib/python3.12/site-packages/airflow/example_dags/example_latest_only_with_trigger.py
[2024-11-28T00:02:55.835+0000] {processor.py:925} INFO - DAG(s) 'latest_only_with_trigger' retrieved from /home/airflow/.local/lib/python3.12/site-packages/airflow/example_dags/example_latest_only_with_trigger.py
[2024-11-28T00:02:55.876+0000] {logging_mixin.py:190} INFO - [2024-11-28T00:02:55.875+0000] {dag.py:3239} INFO - Sync 1 DAGs
[2024-11-28T00:02:55.927+0000] {logging_mixin.py:190} INFO - [2024-11-28T00:02:55.927+0000] {dag.py:4180} INFO - Setting next_dagrun for latest_only_with_trigger to 2024-11-27 20:00:00+00:00, run_after=2024-11-28 00:00:00+00:00
[2024-11-28T00:02:55.972+0000] {processor.py:208} INFO - Processing /home/airflow/.local/lib/python3.12/site-packages/airflow/example_dags/example_latest_only_with_trigger.py took 0.168 seconds
[2024-11-28T00:03:27.745+0000] {processor.py:186} INFO - Started process (PID=3337) to work on /home/airflow/.local/lib/python3.12/site-packages/airflow/example_dags/example_latest_only_with_trigger.py
[2024-11-28T00:03:27.746+0000] {processor.py:914} INFO - Processing file /home/airflow/.local/lib/python3.12/site-packages/airflow/example_dags/example_latest_only_with_trigger.py for tasks to queue
[2024-11-28T00:03:27.750+0000] {logging_mixin.py:190} INFO - [2024-11-28T00:03:27.750+0000] {dagbag.py:588} INFO - Filling up the DagBag from /home/airflow/.local/lib/python3.12/site-packages/airflow/example_dags/example_latest_only_with_trigger.py
[2024-11-28T00:03:27.764+0000] {processor.py:925} INFO - DAG(s) 'latest_only_with_trigger' retrieved from /home/airflow/.local/lib/python3.12/site-packages/airflow/example_dags/example_latest_only_with_trigger.py
[2024-11-28T00:03:27.804+0000] {logging_mixin.py:190} INFO - [2024-11-28T00:03:27.804+0000] {dag.py:3239} INFO - Sync 1 DAGs
[2024-11-28T00:03:28.201+0000] {logging_mixin.py:190} INFO - [2024-11-28T00:03:28.200+0000] {dag.py:4180} INFO - Setting next_dagrun for latest_only_with_trigger to 2024-11-27 20:00:00+00:00, run_after=2024-11-28 00:00:00+00:00
[2024-11-28T00:03:28.237+0000] {processor.py:208} INFO - Processing /home/airflow/.local/lib/python3.12/site-packages/airflow/example_dags/example_latest_only_with_trigger.py took 0.502 seconds
[2024-11-28T00:03:59.341+0000] {processor.py:186} INFO - Started process (PID=3401) to work on /home/airflow/.local/lib/python3.12/site-packages/airflow/example_dags/example_latest_only_with_trigger.py
[2024-11-28T00:03:59.342+0000] {processor.py:914} INFO - Processing file /home/airflow/.local/lib/python3.12/site-packages/airflow/example_dags/example_latest_only_with_trigger.py for tasks to queue
[2024-11-28T00:03:59.347+0000] {logging_mixin.py:190} INFO - [2024-11-28T00:03:59.346+0000] {dagbag.py:588} INFO - Filling up the DagBag from /home/airflow/.local/lib/python3.12/site-packages/airflow/example_dags/example_latest_only_with_trigger.py
[2024-11-28T00:03:59.361+0000] {processor.py:925} INFO - DAG(s) 'latest_only_with_trigger' retrieved from /home/airflow/.local/lib/python3.12/site-packages/airflow/example_dags/example_latest_only_with_trigger.py
[2024-11-28T00:03:59.407+0000] {logging_mixin.py:190} INFO - [2024-11-28T00:03:59.406+0000] {dag.py:3239} INFO - Sync 1 DAGs
[2024-11-28T00:03:59.884+0000] {logging_mixin.py:190} INFO - [2024-11-28T00:03:59.883+0000] {dag.py:4180} INFO - Setting next_dagrun for latest_only_with_trigger to 2024-11-27 20:00:00+00:00, run_after=2024-11-28 00:00:00+00:00
[2024-11-28T00:03:59.931+0000] {processor.py:208} INFO - Processing /home/airflow/.local/lib/python3.12/site-packages/airflow/example_dags/example_latest_only_with_trigger.py took 0.603 seconds
[2024-11-28T00:04:30.921+0000] {processor.py:186} INFO - Started process (PID=3465) to work on /home/airflow/.local/lib/python3.12/site-packages/airflow/example_dags/example_latest_only_with_trigger.py
[2024-11-28T00:04:30.922+0000] {processor.py:914} INFO - Processing file /home/airflow/.local/lib/python3.12/site-packages/airflow/example_dags/example_latest_only_with_trigger.py for tasks to queue
[2024-11-28T00:04:30.926+0000] {logging_mixin.py:190} INFO - [2024-11-28T00:04:30.926+0000] {dagbag.py:588} INFO - Filling up the DagBag from /home/airflow/.local/lib/python3.12/site-packages/airflow/example_dags/example_latest_only_with_trigger.py
[2024-11-28T00:04:30.939+0000] {processor.py:925} INFO - DAG(s) 'latest_only_with_trigger' retrieved from /home/airflow/.local/lib/python3.12/site-packages/airflow/example_dags/example_latest_only_with_trigger.py
[2024-11-28T00:04:30.973+0000] {logging_mixin.py:190} INFO - [2024-11-28T00:04:30.972+0000] {dag.py:3239} INFO - Sync 1 DAGs
[2024-11-28T00:04:31.014+0000] {logging_mixin.py:190} INFO - [2024-11-28T00:04:31.013+0000] {dag.py:4180} INFO - Setting next_dagrun for latest_only_with_trigger to 2024-11-27 20:00:00+00:00, run_after=2024-11-28 00:00:00+00:00
[2024-11-28T00:04:31.051+0000] {processor.py:208} INFO - Processing /home/airflow/.local/lib/python3.12/site-packages/airflow/example_dags/example_latest_only_with_trigger.py took 0.141 seconds
