[2024-11-28T00:00:25.452+0000] {processor.py:186} INFO - Started process (PID=2963) to work on /home/airflow/.local/lib/python3.12/site-packages/airflow/example_dags/example_python_decorator.py
[2024-11-28T00:00:25.454+0000] {processor.py:914} INFO - Processing file /home/airflow/.local/lib/python3.12/site-packages/airflow/example_dags/example_python_decorator.py for tasks to queue
[2024-11-28T00:00:25.459+0000] {logging_mixin.py:190} INFO - [2024-11-28T00:00:25.458+0000] {dagbag.py:588} INFO - Filling up the DagBag from /home/airflow/.local/lib/python3.12/site-packages/airflow/example_dags/example_python_decorator.py
[2024-11-28T00:00:25.489+0000] {processor.py:925} INFO - DAG(s) 'example_python_decorator' retrieved from /home/airflow/.local/lib/python3.12/site-packages/airflow/example_dags/example_python_decorator.py
[2024-11-28T00:00:25.532+0000] {logging_mixin.py:190} INFO - [2024-11-28T00:00:25.531+0000] {dag.py:3239} INFO - Sync 1 DAGs
[2024-11-28T00:00:25.561+0000] {logging_mixin.py:190} INFO - [2024-11-28T00:00:25.560+0000] {dag.py:4180} INFO - Setting next_dagrun for example_python_decorator to None, run_after=None
[2024-11-28T00:00:25.601+0000] {processor.py:208} INFO - Processing /home/airflow/.local/lib/python3.12/site-packages/airflow/example_dags/example_python_decorator.py took 0.161 seconds
[2024-11-28T00:00:57.170+0000] {processor.py:186} INFO - Started process (PID=3027) to work on /home/airflow/.local/lib/python3.12/site-packages/airflow/example_dags/example_python_decorator.py
[2024-11-28T00:00:57.171+0000] {processor.py:914} INFO - Processing file /home/airflow/.local/lib/python3.12/site-packages/airflow/example_dags/example_python_decorator.py for tasks to queue
[2024-11-28T00:00:57.176+0000] {logging_mixin.py:190} INFO - [2024-11-28T00:00:57.175+0000] {dagbag.py:588} INFO - Filling up the DagBag from /home/airflow/.local/lib/python3.12/site-packages/airflow/example_dags/example_python_decorator.py
[2024-11-28T00:00:57.203+0000] {processor.py:925} INFO - DAG(s) 'example_python_decorator' retrieved from /home/airflow/.local/lib/python3.12/site-packages/airflow/example_dags/example_python_decorator.py
[2024-11-28T00:00:57.253+0000] {logging_mixin.py:190} INFO - [2024-11-28T00:00:57.252+0000] {dag.py:3239} INFO - Sync 1 DAGs
[2024-11-28T00:00:57.282+0000] {logging_mixin.py:190} INFO - [2024-11-28T00:00:57.281+0000] {dag.py:4180} INFO - Setting next_dagrun for example_python_decorator to None, run_after=None
[2024-11-28T00:00:57.317+0000] {processor.py:208} INFO - Processing /home/airflow/.local/lib/python3.12/site-packages/airflow/example_dags/example_python_decorator.py took 0.158 seconds
[2024-11-28T00:01:28.684+0000] {processor.py:186} INFO - Started process (PID=3090) to work on /home/airflow/.local/lib/python3.12/site-packages/airflow/example_dags/example_python_decorator.py
[2024-11-28T00:01:28.686+0000] {processor.py:914} INFO - Processing file /home/airflow/.local/lib/python3.12/site-packages/airflow/example_dags/example_python_decorator.py for tasks to queue
[2024-11-28T00:01:28.692+0000] {logging_mixin.py:190} INFO - [2024-11-28T00:01:28.691+0000] {dagbag.py:588} INFO - Filling up the DagBag from /home/airflow/.local/lib/python3.12/site-packages/airflow/example_dags/example_python_decorator.py
[2024-11-28T00:01:28.724+0000] {processor.py:925} INFO - DAG(s) 'example_python_decorator' retrieved from /home/airflow/.local/lib/python3.12/site-packages/airflow/example_dags/example_python_decorator.py
[2024-11-28T00:01:28.771+0000] {logging_mixin.py:190} INFO - [2024-11-28T00:01:28.770+0000] {dag.py:3239} INFO - Sync 1 DAGs
[2024-11-28T00:01:28.806+0000] {logging_mixin.py:190} INFO - [2024-11-28T00:01:28.805+0000] {dag.py:4180} INFO - Setting next_dagrun for example_python_decorator to None, run_after=None
[2024-11-28T00:01:28.849+0000] {processor.py:208} INFO - Processing /home/airflow/.local/lib/python3.12/site-packages/airflow/example_dags/example_python_decorator.py took 0.180 seconds
[2024-11-28T00:02:01.189+0000] {processor.py:186} INFO - Started process (PID=3154) to work on /home/airflow/.local/lib/python3.12/site-packages/airflow/example_dags/example_python_decorator.py
[2024-11-28T00:02:01.191+0000] {processor.py:914} INFO - Processing file /home/airflow/.local/lib/python3.12/site-packages/airflow/example_dags/example_python_decorator.py for tasks to queue
[2024-11-28T00:02:01.196+0000] {logging_mixin.py:190} INFO - [2024-11-28T00:02:01.195+0000] {dagbag.py:588} INFO - Filling up the DagBag from /home/airflow/.local/lib/python3.12/site-packages/airflow/example_dags/example_python_decorator.py
[2024-11-28T00:02:01.233+0000] {processor.py:925} INFO - DAG(s) 'example_python_decorator' retrieved from /home/airflow/.local/lib/python3.12/site-packages/airflow/example_dags/example_python_decorator.py
[2024-11-28T00:02:01.289+0000] {logging_mixin.py:190} INFO - [2024-11-28T00:02:01.288+0000] {dag.py:3239} INFO - Sync 1 DAGs
[2024-11-28T00:02:01.333+0000] {logging_mixin.py:190} INFO - [2024-11-28T00:02:01.332+0000] {dag.py:4180} INFO - Setting next_dagrun for example_python_decorator to None, run_after=None
[2024-11-28T00:02:01.814+0000] {processor.py:208} INFO - Processing /home/airflow/.local/lib/python3.12/site-packages/airflow/example_dags/example_python_decorator.py took 0.638 seconds
[2024-11-28T00:02:32.955+0000] {processor.py:186} INFO - Started process (PID=3218) to work on /home/airflow/.local/lib/python3.12/site-packages/airflow/example_dags/example_python_decorator.py
[2024-11-28T00:02:32.957+0000] {processor.py:914} INFO - Processing file /home/airflow/.local/lib/python3.12/site-packages/airflow/example_dags/example_python_decorator.py for tasks to queue
[2024-11-28T00:02:32.963+0000] {logging_mixin.py:190} INFO - [2024-11-28T00:02:32.962+0000] {dagbag.py:588} INFO - Filling up the DagBag from /home/airflow/.local/lib/python3.12/site-packages/airflow/example_dags/example_python_decorator.py
[2024-11-28T00:02:33.004+0000] {processor.py:925} INFO - DAG(s) 'example_python_decorator' retrieved from /home/airflow/.local/lib/python3.12/site-packages/airflow/example_dags/example_python_decorator.py
[2024-11-28T00:02:33.062+0000] {logging_mixin.py:190} INFO - [2024-11-28T00:02:33.062+0000] {dag.py:3239} INFO - Sync 1 DAGs
[2024-11-28T00:02:33.100+0000] {logging_mixin.py:190} INFO - [2024-11-28T00:02:33.099+0000] {dag.py:4180} INFO - Setting next_dagrun for example_python_decorator to None, run_after=None
[2024-11-28T00:02:33.143+0000] {processor.py:208} INFO - Processing /home/airflow/.local/lib/python3.12/site-packages/airflow/example_dags/example_python_decorator.py took 0.202 seconds
[2024-11-28T00:03:05.727+0000] {processor.py:186} INFO - Started process (PID=3288) to work on /home/airflow/.local/lib/python3.12/site-packages/airflow/example_dags/example_python_decorator.py
[2024-11-28T00:03:05.728+0000] {processor.py:914} INFO - Processing file /home/airflow/.local/lib/python3.12/site-packages/airflow/example_dags/example_python_decorator.py for tasks to queue
[2024-11-28T00:03:05.733+0000] {logging_mixin.py:190} INFO - [2024-11-28T00:03:05.732+0000] {dagbag.py:588} INFO - Filling up the DagBag from /home/airflow/.local/lib/python3.12/site-packages/airflow/example_dags/example_python_decorator.py
[2024-11-28T00:03:05.770+0000] {processor.py:925} INFO - DAG(s) 'example_python_decorator' retrieved from /home/airflow/.local/lib/python3.12/site-packages/airflow/example_dags/example_python_decorator.py
[2024-11-28T00:03:05.822+0000] {logging_mixin.py:190} INFO - [2024-11-28T00:03:05.821+0000] {dag.py:3239} INFO - Sync 1 DAGs
[2024-11-28T00:03:05.859+0000] {logging_mixin.py:190} INFO - [2024-11-28T00:03:05.858+0000] {dag.py:4180} INFO - Setting next_dagrun for example_python_decorator to None, run_after=None
[2024-11-28T00:03:05.897+0000] {processor.py:208} INFO - Processing /home/airflow/.local/lib/python3.12/site-packages/airflow/example_dags/example_python_decorator.py took 0.183 seconds
[2024-11-28T00:03:37.592+0000] {processor.py:186} INFO - Started process (PID=3352) to work on /home/airflow/.local/lib/python3.12/site-packages/airflow/example_dags/example_python_decorator.py
[2024-11-28T00:03:37.594+0000] {processor.py:914} INFO - Processing file /home/airflow/.local/lib/python3.12/site-packages/airflow/example_dags/example_python_decorator.py for tasks to queue
[2024-11-28T00:03:37.598+0000] {logging_mixin.py:190} INFO - [2024-11-28T00:03:37.597+0000] {dagbag.py:588} INFO - Filling up the DagBag from /home/airflow/.local/lib/python3.12/site-packages/airflow/example_dags/example_python_decorator.py
[2024-11-28T00:03:37.623+0000] {processor.py:925} INFO - DAG(s) 'example_python_decorator' retrieved from /home/airflow/.local/lib/python3.12/site-packages/airflow/example_dags/example_python_decorator.py
[2024-11-28T00:03:37.666+0000] {logging_mixin.py:190} INFO - [2024-11-28T00:03:37.666+0000] {dag.py:3239} INFO - Sync 1 DAGs
[2024-11-28T00:03:37.694+0000] {logging_mixin.py:190} INFO - [2024-11-28T00:03:37.693+0000] {dag.py:4180} INFO - Setting next_dagrun for example_python_decorator to None, run_after=None
[2024-11-28T00:03:37.726+0000] {processor.py:208} INFO - Processing /home/airflow/.local/lib/python3.12/site-packages/airflow/example_dags/example_python_decorator.py took 0.147 seconds
[2024-11-28T00:04:09.258+0000] {processor.py:186} INFO - Started process (PID=3416) to work on /home/airflow/.local/lib/python3.12/site-packages/airflow/example_dags/example_python_decorator.py
[2024-11-28T00:04:09.259+0000] {processor.py:914} INFO - Processing file /home/airflow/.local/lib/python3.12/site-packages/airflow/example_dags/example_python_decorator.py for tasks to queue
[2024-11-28T00:04:09.263+0000] {logging_mixin.py:190} INFO - [2024-11-28T00:04:09.263+0000] {dagbag.py:588} INFO - Filling up the DagBag from /home/airflow/.local/lib/python3.12/site-packages/airflow/example_dags/example_python_decorator.py
[2024-11-28T00:04:09.289+0000] {processor.py:925} INFO - DAG(s) 'example_python_decorator' retrieved from /home/airflow/.local/lib/python3.12/site-packages/airflow/example_dags/example_python_decorator.py
[2024-11-28T00:04:09.336+0000] {logging_mixin.py:190} INFO - [2024-11-28T00:04:09.335+0000] {dag.py:3239} INFO - Sync 1 DAGs
[2024-11-28T00:04:09.757+0000] {logging_mixin.py:190} INFO - [2024-11-28T00:04:09.756+0000] {dag.py:4180} INFO - Setting next_dagrun for example_python_decorator to None, run_after=None
[2024-11-28T00:04:09.806+0000] {processor.py:208} INFO - Processing /home/airflow/.local/lib/python3.12/site-packages/airflow/example_dags/example_python_decorator.py took 0.561 seconds
[2024-11-28T00:04:41.043+0000] {processor.py:186} INFO - Started process (PID=3479) to work on /home/airflow/.local/lib/python3.12/site-packages/airflow/example_dags/example_python_decorator.py
[2024-11-28T00:04:41.045+0000] {processor.py:914} INFO - Processing file /home/airflow/.local/lib/python3.12/site-packages/airflow/example_dags/example_python_decorator.py for tasks to queue
[2024-11-28T00:04:41.049+0000] {logging_mixin.py:190} INFO - [2024-11-28T00:04:41.048+0000] {dagbag.py:588} INFO - Filling up the DagBag from /home/airflow/.local/lib/python3.12/site-packages/airflow/example_dags/example_python_decorator.py
[2024-11-28T00:04:41.076+0000] {processor.py:925} INFO - DAG(s) 'example_python_decorator' retrieved from /home/airflow/.local/lib/python3.12/site-packages/airflow/example_dags/example_python_decorator.py
[2024-11-28T00:04:41.116+0000] {logging_mixin.py:190} INFO - [2024-11-28T00:04:41.116+0000] {dag.py:3239} INFO - Sync 1 DAGs
[2024-11-28T00:04:42.315+0000] {logging_mixin.py:190} INFO - [2024-11-28T00:04:42.314+0000] {process_utils.py:266} INFO - Waiting up to 5 seconds for processes to exit...
[2024-11-28T00:04:42.316+0000] {logging_mixin.py:190} WARNING - Exception ignored in: <function WeakKeyDictionary.__init__.<locals>.remove at 0x7ba42ee0ba60>
[2024-11-28T00:04:42.316+0000] {logging_mixin.py:190} WARNING - Traceback (most recent call last):
[2024-11-28T00:04:42.316+0000] {logging_mixin.py:190} WARNING -   File "/usr/local/lib/python3.12/weakref.py", line 369, in remove
[2024-11-28T00:04:42.317+0000] {logging_mixin.py:190} WARNING -     def remove(k, selfref=ref(self)):
[2024-11-28T00:04:42.317+0000] {logging_mixin.py:190} WARNING -   File "/home/airflow/.local/lib/python3.12/site-packages/airflow/dag_processing/manager.py", line 468, in _exit_gracefully
[2024-11-28T00:04:42.318+0000] {logging_mixin.py:190} WARNING -     self.end()
[2024-11-28T00:04:42.318+0000] {logging_mixin.py:190} WARNING -   File "/home/airflow/.local/lib/python3.12/site-packages/airflow/dag_processing/manager.py", line 1435, in end
[2024-11-28T00:04:42.319+0000] {logging_mixin.py:190} WARNING -     kill_child_processes_by_pids(pids_to_kill)
[2024-11-28T00:04:42.319+0000] {logging_mixin.py:190} WARNING -   File "/home/airflow/.local/lib/python3.12/site-packages/airflow/utils/process_utils.py", line 253, in kill_child_processes_by_pids
[2024-11-28T00:04:42.319+0000] {logging_mixin.py:190} WARNING -     this_process = psutil.Process(os.getpid())
[2024-11-28T00:04:42.320+0000] {logging_mixin.py:190} WARNING -                    ^^^^^^^^^^^^^^^^^^^^^^^^^^^
[2024-11-28T00:04:42.320+0000] {logging_mixin.py:190} WARNING -   File "/home/airflow/.local/lib/python3.12/site-packages/psutil/__init__.py", line 319, in __init__
[2024-11-28T00:04:42.320+0000] {logging_mixin.py:190} WARNING -     self._init(pid)
[2024-11-28T00:04:42.320+0000] {logging_mixin.py:190} WARNING -   File "/home/airflow/.local/lib/python3.12/site-packages/psutil/__init__.py", line 349, in _init
[2024-11-28T00:04:42.321+0000] {logging_mixin.py:190} WARNING -     self._proc = _psplatform.Process(pid)
[2024-11-28T00:04:42.321+0000] {logging_mixin.py:190} WARNING -                  ^^^^^^^^^^^^^^^^^^^^^^^^
[2024-11-28T00:04:42.322+0000] {logging_mixin.py:190} WARNING -   File "/home/airflow/.local/lib/python3.12/site-packages/psutil/_pslinux.py", line 1741, in __init__
[2024-11-28T00:04:42.322+0000] {logging_mixin.py:190} WARNING -     self._procfs_path = get_procfs_path()
[2024-11-28T00:04:42.323+0000] {logging_mixin.py:190} WARNING -                         ^^^^^^^^^^^^^^^^^
[2024-11-28T00:04:42.323+0000] {logging_mixin.py:190} WARNING -   File "/home/airflow/.local/lib/python3.12/site-packages/psutil/_common.py", line 873, in get_procfs_path
[2024-11-28T00:04:42.323+0000] {logging_mixin.py:190} WARNING -     def get_procfs_path():
[2024-11-28T00:04:42.324+0000] {logging_mixin.py:190} WARNING -     
[2024-11-28T00:04:42.324+0000] {logging_mixin.py:190} WARNING -   File "/home/airflow/.local/lib/python3.12/site-packages/airflow/dag_processing/manager.py", line 470, in _exit_gracefully
[2024-11-28T00:04:42.324+0000] {logging_mixin.py:190} WARNING -     sys.exit(os.EX_OK)
[2024-11-28T00:04:42.324+0000] {logging_mixin.py:190} WARNING - SystemExit: 0
[2024-11-28T00:04:42.329+0000] {logging_mixin.py:190} INFO - [2024-11-28T00:04:42.328+0000] {dag.py:4180} INFO - Setting next_dagrun for example_python_decorator to None, run_after=None
[2024-11-28T00:04:42.373+0000] {processor.py:208} INFO - Processing /home/airflow/.local/lib/python3.12/site-packages/airflow/example_dags/example_python_decorator.py took 1.342 seconds
