[2024-11-28T00:00:09.504+0000] {processor.py:186} INFO - Started process (PID=2917) to work on /home/airflow/.local/lib/python3.12/site-packages/airflow/example_dags/example_external_task_marker_dag.py
[2024-11-28T00:00:09.505+0000] {processor.py:914} INFO - Processing file /home/airflow/.local/lib/python3.12/site-packages/airflow/example_dags/example_external_task_marker_dag.py for tasks to queue
[2024-11-28T00:00:09.511+0000] {logging_mixin.py:190} INFO - [2024-11-28T00:00:09.510+0000] {dagbag.py:588} INFO - Filling up the DagBag from /home/airflow/.local/lib/python3.12/site-packages/airflow/example_dags/example_external_task_marker_dag.py
[2024-11-28T00:00:09.525+0000] {processor.py:925} INFO - DAG(s) 'example_external_task_marker_child', 'example_external_task_marker_parent' retrieved from /home/airflow/.local/lib/python3.12/site-packages/airflow/example_dags/example_external_task_marker_dag.py
[2024-11-28T00:00:09.576+0000] {logging_mixin.py:190} INFO - [2024-11-28T00:00:09.575+0000] {dag.py:3239} INFO - Sync 2 DAGs
[2024-11-28T00:00:09.607+0000] {logging_mixin.py:190} INFO - [2024-11-28T00:00:09.606+0000] {dag.py:4180} INFO - Setting next_dagrun for example_external_task_marker_child to None, run_after=None
[2024-11-28T00:00:09.615+0000] {logging_mixin.py:190} INFO - [2024-11-28T00:00:09.614+0000] {dag.py:4180} INFO - Setting next_dagrun for example_external_task_marker_parent to None, run_after=None
[2024-11-28T00:00:09.646+0000] {processor.py:208} INFO - Processing /home/airflow/.local/lib/python3.12/site-packages/airflow/example_dags/example_external_task_marker_dag.py took 0.155 seconds
[2024-11-28T00:00:39.747+0000] {processor.py:186} INFO - Started process (PID=2981) to work on /home/airflow/.local/lib/python3.12/site-packages/airflow/example_dags/example_external_task_marker_dag.py
[2024-11-28T00:00:39.749+0000] {processor.py:914} INFO - Processing file /home/airflow/.local/lib/python3.12/site-packages/airflow/example_dags/example_external_task_marker_dag.py for tasks to queue
[2024-11-28T00:00:39.754+0000] {logging_mixin.py:190} INFO - [2024-11-28T00:00:39.754+0000] {dagbag.py:588} INFO - Filling up the DagBag from /home/airflow/.local/lib/python3.12/site-packages/airflow/example_dags/example_external_task_marker_dag.py
[2024-11-28T00:00:39.776+0000] {processor.py:925} INFO - DAG(s) 'example_external_task_marker_child', 'example_external_task_marker_parent' retrieved from /home/airflow/.local/lib/python3.12/site-packages/airflow/example_dags/example_external_task_marker_dag.py
[2024-11-28T00:00:39.838+0000] {logging_mixin.py:190} INFO - [2024-11-28T00:00:39.837+0000] {dag.py:3239} INFO - Sync 2 DAGs
[2024-11-28T00:00:39.876+0000] {logging_mixin.py:190} INFO - [2024-11-28T00:00:39.875+0000] {dag.py:4180} INFO - Setting next_dagrun for example_external_task_marker_child to None, run_after=None
[2024-11-28T00:00:39.885+0000] {logging_mixin.py:190} INFO - [2024-11-28T00:00:39.885+0000] {dag.py:4180} INFO - Setting next_dagrun for example_external_task_marker_parent to None, run_after=None
[2024-11-28T00:00:39.921+0000] {processor.py:208} INFO - Processing /home/airflow/.local/lib/python3.12/site-packages/airflow/example_dags/example_external_task_marker_dag.py took 0.190 seconds
[2024-11-28T00:01:10.112+0000] {processor.py:186} INFO - Started process (PID=3045) to work on /home/airflow/.local/lib/python3.12/site-packages/airflow/example_dags/example_external_task_marker_dag.py
[2024-11-28T00:01:10.114+0000] {processor.py:914} INFO - Processing file /home/airflow/.local/lib/python3.12/site-packages/airflow/example_dags/example_external_task_marker_dag.py for tasks to queue
[2024-11-28T00:01:10.120+0000] {logging_mixin.py:190} INFO - [2024-11-28T00:01:10.119+0000] {dagbag.py:588} INFO - Filling up the DagBag from /home/airflow/.local/lib/python3.12/site-packages/airflow/example_dags/example_external_task_marker_dag.py
[2024-11-28T00:01:10.142+0000] {processor.py:925} INFO - DAG(s) 'example_external_task_marker_child', 'example_external_task_marker_parent' retrieved from /home/airflow/.local/lib/python3.12/site-packages/airflow/example_dags/example_external_task_marker_dag.py
[2024-11-28T00:01:10.203+0000] {logging_mixin.py:190} INFO - [2024-11-28T00:01:10.203+0000] {dag.py:3239} INFO - Sync 2 DAGs
[2024-11-28T00:01:10.245+0000] {logging_mixin.py:190} INFO - [2024-11-28T00:01:10.244+0000] {dag.py:4180} INFO - Setting next_dagrun for example_external_task_marker_child to None, run_after=None
[2024-11-28T00:01:10.255+0000] {logging_mixin.py:190} INFO - [2024-11-28T00:01:10.254+0000] {dag.py:4180} INFO - Setting next_dagrun for example_external_task_marker_parent to None, run_after=None
[2024-11-28T00:01:10.301+0000] {processor.py:208} INFO - Processing /home/airflow/.local/lib/python3.12/site-packages/airflow/example_dags/example_external_task_marker_dag.py took 0.202 seconds
[2024-11-28T00:01:40.947+0000] {processor.py:186} INFO - Started process (PID=3109) to work on /home/airflow/.local/lib/python3.12/site-packages/airflow/example_dags/example_external_task_marker_dag.py
[2024-11-28T00:01:40.949+0000] {processor.py:914} INFO - Processing file /home/airflow/.local/lib/python3.12/site-packages/airflow/example_dags/example_external_task_marker_dag.py for tasks to queue
[2024-11-28T00:01:40.953+0000] {logging_mixin.py:190} INFO - [2024-11-28T00:01:40.952+0000] {dagbag.py:588} INFO - Filling up the DagBag from /home/airflow/.local/lib/python3.12/site-packages/airflow/example_dags/example_external_task_marker_dag.py
[2024-11-28T00:01:40.967+0000] {processor.py:925} INFO - DAG(s) 'example_external_task_marker_child', 'example_external_task_marker_parent' retrieved from /home/airflow/.local/lib/python3.12/site-packages/airflow/example_dags/example_external_task_marker_dag.py
[2024-11-28T00:01:41.012+0000] {logging_mixin.py:190} INFO - [2024-11-28T00:01:41.011+0000] {dag.py:3239} INFO - Sync 2 DAGs
[2024-11-28T00:01:41.047+0000] {logging_mixin.py:190} INFO - [2024-11-28T00:01:41.046+0000] {dag.py:4180} INFO - Setting next_dagrun for example_external_task_marker_child to None, run_after=None
[2024-11-28T00:01:41.055+0000] {logging_mixin.py:190} INFO - [2024-11-28T00:01:41.055+0000] {dag.py:4180} INFO - Setting next_dagrun for example_external_task_marker_parent to None, run_after=None
[2024-11-28T00:01:41.088+0000] {processor.py:208} INFO - Processing /home/airflow/.local/lib/python3.12/site-packages/airflow/example_dags/example_external_task_marker_dag.py took 0.150 seconds
[2024-11-28T00:02:11.272+0000] {processor.py:186} INFO - Started process (PID=3173) to work on /home/airflow/.local/lib/python3.12/site-packages/airflow/example_dags/example_external_task_marker_dag.py
[2024-11-28T00:02:11.273+0000] {processor.py:914} INFO - Processing file /home/airflow/.local/lib/python3.12/site-packages/airflow/example_dags/example_external_task_marker_dag.py for tasks to queue
[2024-11-28T00:02:11.278+0000] {logging_mixin.py:190} INFO - [2024-11-28T00:02:11.277+0000] {dagbag.py:588} INFO - Filling up the DagBag from /home/airflow/.local/lib/python3.12/site-packages/airflow/example_dags/example_external_task_marker_dag.py
[2024-11-28T00:02:11.292+0000] {processor.py:925} INFO - DAG(s) 'example_external_task_marker_child', 'example_external_task_marker_parent' retrieved from /home/airflow/.local/lib/python3.12/site-packages/airflow/example_dags/example_external_task_marker_dag.py
[2024-11-28T00:02:11.337+0000] {logging_mixin.py:190} INFO - [2024-11-28T00:02:11.336+0000] {dag.py:3239} INFO - Sync 2 DAGs
[2024-11-28T00:02:11.373+0000] {logging_mixin.py:190} INFO - [2024-11-28T00:02:11.373+0000] {dag.py:4180} INFO - Setting next_dagrun for example_external_task_marker_child to None, run_after=None
[2024-11-28T00:02:11.382+0000] {logging_mixin.py:190} INFO - [2024-11-28T00:02:11.381+0000] {dag.py:4180} INFO - Setting next_dagrun for example_external_task_marker_parent to None, run_after=None
[2024-11-28T00:02:11.418+0000] {processor.py:208} INFO - Processing /home/airflow/.local/lib/python3.12/site-packages/airflow/example_dags/example_external_task_marker_dag.py took 0.157 seconds
[2024-11-28T00:02:42.577+0000] {processor.py:186} INFO - Started process (PID=3237) to work on /home/airflow/.local/lib/python3.12/site-packages/airflow/example_dags/example_external_task_marker_dag.py
[2024-11-28T00:02:42.578+0000] {processor.py:914} INFO - Processing file /home/airflow/.local/lib/python3.12/site-packages/airflow/example_dags/example_external_task_marker_dag.py for tasks to queue
[2024-11-28T00:02:42.583+0000] {logging_mixin.py:190} INFO - [2024-11-28T00:02:42.582+0000] {dagbag.py:588} INFO - Filling up the DagBag from /home/airflow/.local/lib/python3.12/site-packages/airflow/example_dags/example_external_task_marker_dag.py
[2024-11-28T00:02:42.598+0000] {processor.py:925} INFO - DAG(s) 'example_external_task_marker_child', 'example_external_task_marker_parent' retrieved from /home/airflow/.local/lib/python3.12/site-packages/airflow/example_dags/example_external_task_marker_dag.py
[2024-11-28T00:02:42.644+0000] {logging_mixin.py:190} INFO - [2024-11-28T00:02:42.644+0000] {dag.py:3239} INFO - Sync 2 DAGs
[2024-11-28T00:02:42.674+0000] {logging_mixin.py:190} INFO - [2024-11-28T00:02:42.674+0000] {dag.py:4180} INFO - Setting next_dagrun for example_external_task_marker_child to None, run_after=None
[2024-11-28T00:02:42.682+0000] {logging_mixin.py:190} INFO - [2024-11-28T00:02:42.681+0000] {dag.py:4180} INFO - Setting next_dagrun for example_external_task_marker_parent to None, run_after=None
[2024-11-28T00:02:43.090+0000] {processor.py:208} INFO - Processing /home/airflow/.local/lib/python3.12/site-packages/airflow/example_dags/example_external_task_marker_dag.py took 0.524 seconds
[2024-11-28T00:03:14.121+0000] {processor.py:186} INFO - Started process (PID=3300) to work on /home/airflow/.local/lib/python3.12/site-packages/airflow/example_dags/example_external_task_marker_dag.py
[2024-11-28T00:03:14.123+0000] {processor.py:914} INFO - Processing file /home/airflow/.local/lib/python3.12/site-packages/airflow/example_dags/example_external_task_marker_dag.py for tasks to queue
[2024-11-28T00:03:14.128+0000] {logging_mixin.py:190} INFO - [2024-11-28T00:03:14.127+0000] {dagbag.py:588} INFO - Filling up the DagBag from /home/airflow/.local/lib/python3.12/site-packages/airflow/example_dags/example_external_task_marker_dag.py
[2024-11-28T00:03:14.150+0000] {processor.py:925} INFO - DAG(s) 'example_external_task_marker_parent', 'example_external_task_marker_child' retrieved from /home/airflow/.local/lib/python3.12/site-packages/airflow/example_dags/example_external_task_marker_dag.py
[2024-11-28T00:03:14.206+0000] {logging_mixin.py:190} INFO - [2024-11-28T00:03:14.205+0000] {dag.py:3239} INFO - Sync 2 DAGs
[2024-11-28T00:03:14.241+0000] {logging_mixin.py:190} INFO - [2024-11-28T00:03:14.240+0000] {dag.py:4180} INFO - Setting next_dagrun for example_external_task_marker_child to None, run_after=None
[2024-11-28T00:03:14.250+0000] {logging_mixin.py:190} INFO - [2024-11-28T00:03:14.249+0000] {dag.py:4180} INFO - Setting next_dagrun for example_external_task_marker_parent to None, run_after=None
[2024-11-28T00:03:14.290+0000] {processor.py:208} INFO - Processing /home/airflow/.local/lib/python3.12/site-packages/airflow/example_dags/example_external_task_marker_dag.py took 0.181 seconds
[2024-11-28T00:03:44.738+0000] {processor.py:186} INFO - Started process (PID=3364) to work on /home/airflow/.local/lib/python3.12/site-packages/airflow/example_dags/example_external_task_marker_dag.py
[2024-11-28T00:03:44.739+0000] {processor.py:914} INFO - Processing file /home/airflow/.local/lib/python3.12/site-packages/airflow/example_dags/example_external_task_marker_dag.py for tasks to queue
[2024-11-28T00:03:44.743+0000] {logging_mixin.py:190} INFO - [2024-11-28T00:03:44.742+0000] {dagbag.py:588} INFO - Filling up the DagBag from /home/airflow/.local/lib/python3.12/site-packages/airflow/example_dags/example_external_task_marker_dag.py
[2024-11-28T00:03:44.758+0000] {processor.py:925} INFO - DAG(s) 'example_external_task_marker_parent', 'example_external_task_marker_child' retrieved from /home/airflow/.local/lib/python3.12/site-packages/airflow/example_dags/example_external_task_marker_dag.py
[2024-11-28T00:03:44.808+0000] {logging_mixin.py:190} INFO - [2024-11-28T00:03:44.808+0000] {dag.py:3239} INFO - Sync 2 DAGs
[2024-11-28T00:03:44.837+0000] {logging_mixin.py:190} INFO - [2024-11-28T00:03:44.836+0000] {dag.py:4180} INFO - Setting next_dagrun for example_external_task_marker_child to None, run_after=None
[2024-11-28T00:03:44.844+0000] {logging_mixin.py:190} INFO - [2024-11-28T00:03:44.844+0000] {dag.py:4180} INFO - Setting next_dagrun for example_external_task_marker_parent to None, run_after=None
[2024-11-28T00:03:44.880+0000] {processor.py:208} INFO - Processing /home/airflow/.local/lib/python3.12/site-packages/airflow/example_dags/example_external_task_marker_dag.py took 0.152 seconds
[2024-11-28T00:04:15.427+0000] {processor.py:186} INFO - Started process (PID=3428) to work on /home/airflow/.local/lib/python3.12/site-packages/airflow/example_dags/example_external_task_marker_dag.py
[2024-11-28T00:04:15.429+0000] {processor.py:914} INFO - Processing file /home/airflow/.local/lib/python3.12/site-packages/airflow/example_dags/example_external_task_marker_dag.py for tasks to queue
[2024-11-28T00:04:15.433+0000] {logging_mixin.py:190} INFO - [2024-11-28T00:04:15.432+0000] {dagbag.py:588} INFO - Filling up the DagBag from /home/airflow/.local/lib/python3.12/site-packages/airflow/example_dags/example_external_task_marker_dag.py
[2024-11-28T00:04:15.448+0000] {processor.py:925} INFO - DAG(s) 'example_external_task_marker_child', 'example_external_task_marker_parent' retrieved from /home/airflow/.local/lib/python3.12/site-packages/airflow/example_dags/example_external_task_marker_dag.py
[2024-11-28T00:04:15.492+0000] {logging_mixin.py:190} INFO - [2024-11-28T00:04:15.491+0000] {dag.py:3239} INFO - Sync 2 DAGs
[2024-11-28T00:04:15.521+0000] {logging_mixin.py:190} INFO - [2024-11-28T00:04:15.521+0000] {dag.py:4180} INFO - Setting next_dagrun for example_external_task_marker_child to None, run_after=None
[2024-11-28T00:04:15.528+0000] {logging_mixin.py:190} INFO - [2024-11-28T00:04:15.528+0000] {dag.py:4180} INFO - Setting next_dagrun for example_external_task_marker_parent to None, run_after=None
[2024-11-28T00:04:15.564+0000] {processor.py:208} INFO - Processing /home/airflow/.local/lib/python3.12/site-packages/airflow/example_dags/example_external_task_marker_dag.py took 0.147 seconds
