[2024-11-28T00:00:18.265+0000] {processor.py:186} INFO - Started process (PID=2948) to work on /home/airflow/.local/lib/python3.12/site-packages/airflow/example_dags/example_complex.py
[2024-11-28T00:00:18.267+0000] {processor.py:914} INFO - Processing file /home/airflow/.local/lib/python3.12/site-packages/airflow/example_dags/example_complex.py for tasks to queue
[2024-11-28T00:00:18.271+0000] {logging_mixin.py:190} INFO - [2024-11-28T00:00:18.270+0000] {dagbag.py:588} INFO - Filling up the DagBag from /home/airflow/.local/lib/python3.12/site-packages/airflow/example_dags/example_complex.py
[2024-11-28T00:00:18.292+0000] {processor.py:925} INFO - DAG(s) 'example_complex' retrieved from /home/airflow/.local/lib/python3.12/site-packages/airflow/example_dags/example_complex.py
[2024-11-28T00:00:18.350+0000] {logging_mixin.py:190} INFO - [2024-11-28T00:00:18.350+0000] {dag.py:3239} INFO - Sync 1 DAGs
[2024-11-28T00:00:18.389+0000] {logging_mixin.py:190} INFO - [2024-11-28T00:00:18.388+0000] {dag.py:4180} INFO - Setting next_dagrun for example_complex to None, run_after=None
[2024-11-28T00:00:18.432+0000] {processor.py:208} INFO - Processing /home/airflow/.local/lib/python3.12/site-packages/airflow/example_dags/example_complex.py took 0.177 seconds
[2024-11-28T00:00:49.439+0000] {processor.py:186} INFO - Started process (PID=3012) to work on /home/airflow/.local/lib/python3.12/site-packages/airflow/example_dags/example_complex.py
[2024-11-28T00:00:49.441+0000] {processor.py:914} INFO - Processing file /home/airflow/.local/lib/python3.12/site-packages/airflow/example_dags/example_complex.py for tasks to queue
[2024-11-28T00:00:49.448+0000] {logging_mixin.py:190} INFO - [2024-11-28T00:00:49.447+0000] {dagbag.py:588} INFO - Filling up the DagBag from /home/airflow/.local/lib/python3.12/site-packages/airflow/example_dags/example_complex.py
[2024-11-28T00:00:49.482+0000] {processor.py:925} INFO - DAG(s) 'example_complex' retrieved from /home/airflow/.local/lib/python3.12/site-packages/airflow/example_dags/example_complex.py
[2024-11-28T00:00:49.548+0000] {logging_mixin.py:190} INFO - [2024-11-28T00:00:49.547+0000] {dag.py:3239} INFO - Sync 1 DAGs
[2024-11-28T00:00:49.579+0000] {logging_mixin.py:190} INFO - [2024-11-28T00:00:49.579+0000] {dag.py:4180} INFO - Setting next_dagrun for example_complex to None, run_after=None
[2024-11-28T00:00:49.624+0000] {processor.py:208} INFO - Processing /home/airflow/.local/lib/python3.12/site-packages/airflow/example_dags/example_complex.py took 0.201 seconds
[2024-11-28T00:01:20.311+0000] {processor.py:186} INFO - Started process (PID=3075) to work on /home/airflow/.local/lib/python3.12/site-packages/airflow/example_dags/example_complex.py
[2024-11-28T00:01:20.313+0000] {processor.py:914} INFO - Processing file /home/airflow/.local/lib/python3.12/site-packages/airflow/example_dags/example_complex.py for tasks to queue
[2024-11-28T00:01:20.316+0000] {logging_mixin.py:190} INFO - [2024-11-28T00:01:20.316+0000] {dagbag.py:588} INFO - Filling up the DagBag from /home/airflow/.local/lib/python3.12/site-packages/airflow/example_dags/example_complex.py
[2024-11-28T00:01:20.341+0000] {processor.py:925} INFO - DAG(s) 'example_complex' retrieved from /home/airflow/.local/lib/python3.12/site-packages/airflow/example_dags/example_complex.py
[2024-11-28T00:01:20.398+0000] {logging_mixin.py:190} INFO - [2024-11-28T00:01:20.397+0000] {dag.py:3239} INFO - Sync 1 DAGs
[2024-11-28T00:01:20.425+0000] {logging_mixin.py:190} INFO - [2024-11-28T00:01:20.424+0000] {dag.py:4180} INFO - Setting next_dagrun for example_complex to None, run_after=None
[2024-11-28T00:01:20.462+0000] {processor.py:208} INFO - Processing /home/airflow/.local/lib/python3.12/site-packages/airflow/example_dags/example_complex.py took 0.161 seconds
[2024-11-28T00:01:51.055+0000] {processor.py:186} INFO - Started process (PID=3138) to work on /home/airflow/.local/lib/python3.12/site-packages/airflow/example_dags/example_complex.py
[2024-11-28T00:01:51.057+0000] {processor.py:914} INFO - Processing file /home/airflow/.local/lib/python3.12/site-packages/airflow/example_dags/example_complex.py for tasks to queue
[2024-11-28T00:01:51.062+0000] {logging_mixin.py:190} INFO - [2024-11-28T00:01:51.061+0000] {dagbag.py:588} INFO - Filling up the DagBag from /home/airflow/.local/lib/python3.12/site-packages/airflow/example_dags/example_complex.py
[2024-11-28T00:01:51.092+0000] {processor.py:925} INFO - DAG(s) 'example_complex' retrieved from /home/airflow/.local/lib/python3.12/site-packages/airflow/example_dags/example_complex.py
[2024-11-28T00:01:51.181+0000] {logging_mixin.py:190} INFO - [2024-11-28T00:01:51.180+0000] {dag.py:3239} INFO - Sync 1 DAGs
[2024-11-28T00:01:51.219+0000] {logging_mixin.py:190} INFO - [2024-11-28T00:01:51.218+0000] {dag.py:4180} INFO - Setting next_dagrun for example_complex to None, run_after=None
[2024-11-28T00:01:51.269+0000] {processor.py:208} INFO - Processing /home/airflow/.local/lib/python3.12/site-packages/airflow/example_dags/example_complex.py took 0.228 seconds
[2024-11-28T00:02:22.046+0000] {processor.py:186} INFO - Started process (PID=3202) to work on /home/airflow/.local/lib/python3.12/site-packages/airflow/example_dags/example_complex.py
[2024-11-28T00:02:22.047+0000] {processor.py:914} INFO - Processing file /home/airflow/.local/lib/python3.12/site-packages/airflow/example_dags/example_complex.py for tasks to queue
[2024-11-28T00:02:22.052+0000] {logging_mixin.py:190} INFO - [2024-11-28T00:02:22.051+0000] {dagbag.py:588} INFO - Filling up the DagBag from /home/airflow/.local/lib/python3.12/site-packages/airflow/example_dags/example_complex.py
[2024-11-28T00:02:22.082+0000] {processor.py:925} INFO - DAG(s) 'example_complex' retrieved from /home/airflow/.local/lib/python3.12/site-packages/airflow/example_dags/example_complex.py
[2024-11-28T00:02:22.141+0000] {logging_mixin.py:190} INFO - [2024-11-28T00:02:22.141+0000] {dag.py:3239} INFO - Sync 1 DAGs
[2024-11-28T00:02:22.173+0000] {logging_mixin.py:190} INFO - [2024-11-28T00:02:22.172+0000] {dag.py:4180} INFO - Setting next_dagrun for example_complex to None, run_after=None
[2024-11-28T00:02:22.209+0000] {processor.py:208} INFO - Processing /home/airflow/.local/lib/python3.12/site-packages/airflow/example_dags/example_complex.py took 0.175 seconds
[2024-11-28T00:02:52.370+0000] {processor.py:186} INFO - Started process (PID=3266) to work on /home/airflow/.local/lib/python3.12/site-packages/airflow/example_dags/example_complex.py
[2024-11-28T00:02:52.371+0000] {processor.py:914} INFO - Processing file /home/airflow/.local/lib/python3.12/site-packages/airflow/example_dags/example_complex.py for tasks to queue
[2024-11-28T00:02:52.375+0000] {logging_mixin.py:190} INFO - [2024-11-28T00:02:52.375+0000] {dagbag.py:588} INFO - Filling up the DagBag from /home/airflow/.local/lib/python3.12/site-packages/airflow/example_dags/example_complex.py
[2024-11-28T00:02:52.396+0000] {processor.py:925} INFO - DAG(s) 'example_complex' retrieved from /home/airflow/.local/lib/python3.12/site-packages/airflow/example_dags/example_complex.py
[2024-11-28T00:02:52.453+0000] {logging_mixin.py:190} INFO - [2024-11-28T00:02:52.453+0000] {dag.py:3239} INFO - Sync 1 DAGs
[2024-11-28T00:02:52.488+0000] {logging_mixin.py:190} INFO - [2024-11-28T00:02:52.487+0000] {dag.py:4180} INFO - Setting next_dagrun for example_complex to None, run_after=None
[2024-11-28T00:02:52.527+0000] {processor.py:208} INFO - Processing /home/airflow/.local/lib/python3.12/site-packages/airflow/example_dags/example_complex.py took 0.169 seconds
[2024-11-28T00:03:24.610+0000] {processor.py:186} INFO - Started process (PID=3329) to work on /home/airflow/.local/lib/python3.12/site-packages/airflow/example_dags/example_complex.py
[2024-11-28T00:03:24.612+0000] {processor.py:914} INFO - Processing file /home/airflow/.local/lib/python3.12/site-packages/airflow/example_dags/example_complex.py for tasks to queue
[2024-11-28T00:03:24.616+0000] {logging_mixin.py:190} INFO - [2024-11-28T00:03:24.616+0000] {dagbag.py:588} INFO - Filling up the DagBag from /home/airflow/.local/lib/python3.12/site-packages/airflow/example_dags/example_complex.py
[2024-11-28T00:03:24.647+0000] {processor.py:925} INFO - DAG(s) 'example_complex' retrieved from /home/airflow/.local/lib/python3.12/site-packages/airflow/example_dags/example_complex.py
[2024-11-28T00:03:24.829+0000] {logging_mixin.py:190} INFO - [2024-11-28T00:03:24.829+0000] {dag.py:3239} INFO - Sync 1 DAGs
[2024-11-28T00:03:25.261+0000] {logging_mixin.py:190} INFO - [2024-11-28T00:03:25.261+0000] {dag.py:4180} INFO - Setting next_dagrun for example_complex to None, run_after=None
[2024-11-28T00:03:25.299+0000] {processor.py:208} INFO - Processing /home/airflow/.local/lib/python3.12/site-packages/airflow/example_dags/example_complex.py took 0.703 seconds
[2024-11-28T00:03:55.446+0000] {processor.py:186} INFO - Started process (PID=3393) to work on /home/airflow/.local/lib/python3.12/site-packages/airflow/example_dags/example_complex.py
[2024-11-28T00:03:55.448+0000] {processor.py:914} INFO - Processing file /home/airflow/.local/lib/python3.12/site-packages/airflow/example_dags/example_complex.py for tasks to queue
[2024-11-28T00:03:55.454+0000] {logging_mixin.py:190} INFO - [2024-11-28T00:03:55.453+0000] {dagbag.py:588} INFO - Filling up the DagBag from /home/airflow/.local/lib/python3.12/site-packages/airflow/example_dags/example_complex.py
[2024-11-28T00:03:55.484+0000] {processor.py:925} INFO - DAG(s) 'example_complex' retrieved from /home/airflow/.local/lib/python3.12/site-packages/airflow/example_dags/example_complex.py
[2024-11-28T00:03:55.550+0000] {logging_mixin.py:190} INFO - [2024-11-28T00:03:55.550+0000] {dag.py:3239} INFO - Sync 1 DAGs
[2024-11-28T00:03:55.580+0000] {logging_mixin.py:190} INFO - [2024-11-28T00:03:55.579+0000] {dag.py:4180} INFO - Setting next_dagrun for example_complex to None, run_after=None
[2024-11-28T00:03:55.962+0000] {processor.py:208} INFO - Processing /home/airflow/.local/lib/python3.12/site-packages/airflow/example_dags/example_complex.py took 0.527 seconds
[2024-11-28T00:04:26.562+0000] {processor.py:186} INFO - Started process (PID=3457) to work on /home/airflow/.local/lib/python3.12/site-packages/airflow/example_dags/example_complex.py
[2024-11-28T00:04:26.563+0000] {processor.py:914} INFO - Processing file /home/airflow/.local/lib/python3.12/site-packages/airflow/example_dags/example_complex.py for tasks to queue
[2024-11-28T00:04:26.567+0000] {logging_mixin.py:190} INFO - [2024-11-28T00:04:26.566+0000] {dagbag.py:588} INFO - Filling up the DagBag from /home/airflow/.local/lib/python3.12/site-packages/airflow/example_dags/example_complex.py
[2024-11-28T00:04:26.587+0000] {processor.py:925} INFO - DAG(s) 'example_complex' retrieved from /home/airflow/.local/lib/python3.12/site-packages/airflow/example_dags/example_complex.py
[2024-11-28T00:04:26.645+0000] {logging_mixin.py:190} INFO - [2024-11-28T00:04:26.644+0000] {dag.py:3239} INFO - Sync 1 DAGs
[2024-11-28T00:04:26.677+0000] {logging_mixin.py:190} INFO - [2024-11-28T00:04:26.676+0000] {dag.py:4180} INFO - Setting next_dagrun for example_complex to None, run_after=None
[2024-11-28T00:04:26.716+0000] {processor.py:208} INFO - Processing /home/airflow/.local/lib/python3.12/site-packages/airflow/example_dags/example_complex.py took 0.166 seconds
