[2024-11-28T00:00:30.261+0000] {processor.py:186} INFO - Started process (PID=2970) to work on /home/airflow/.local/lib/python3.12/site-packages/airflow/example_dags/example_datasets.py
[2024-11-28T00:00:30.262+0000] {processor.py:914} INFO - Processing file /home/airflow/.local/lib/python3.12/site-packages/airflow/example_dags/example_datasets.py for tasks to queue
[2024-11-28T00:00:30.266+0000] {logging_mixin.py:190} INFO - [2024-11-28T00:00:30.266+0000] {dagbag.py:588} INFO - Filling up the DagBag from /home/airflow/.local/lib/python3.12/site-packages/airflow/example_dags/example_datasets.py
[2024-11-28T00:00:31.373+0000] {processor.py:925} INFO - DAG(s) 'conditional_dataset_and_time_based_timetable', 'dataset_produces_2', 'dataset_produces_1', 'consume_1_or_2_with_dataset_expressions', 'consume_1_or_both_2_and_3_with_dataset_expressions', 'dataset_consumes_unknown_never_scheduled', 'dataset_consumes_1_and_2', 'dataset_consumes_1', 'dataset_consumes_1_never_scheduled', 'consume_1_and_2_with_dataset_expressions' retrieved from /home/airflow/.local/lib/python3.12/site-packages/airflow/example_dags/example_datasets.py
[2024-11-28T00:00:31.477+0000] {logging_mixin.py:190} INFO - [2024-11-28T00:00:31.476+0000] {dag.py:3239} INFO - Sync 10 DAGs
[2024-11-28T00:00:31.525+0000] {logging_mixin.py:190} INFO - [2024-11-28T00:00:31.524+0000] {dag.py:4180} INFO - Setting next_dagrun for conditional_dataset_and_time_based_timetable to 2024-11-27 01:00:00+00:00, run_after=2024-11-27 01:00:00+00:00
[2024-11-28T00:00:31.532+0000] {logging_mixin.py:190} INFO - [2024-11-28T00:00:31.532+0000] {dag.py:4180} INFO - Setting next_dagrun for consume_1_and_2_with_dataset_expressions to None, run_after=None
[2024-11-28T00:00:31.535+0000] {logging_mixin.py:190} INFO - [2024-11-28T00:00:31.535+0000] {dag.py:4180} INFO - Setting next_dagrun for consume_1_or_2_with_dataset_expressions to None, run_after=None
[2024-11-28T00:00:31.538+0000] {logging_mixin.py:190} INFO - [2024-11-28T00:00:31.538+0000] {dag.py:4180} INFO - Setting next_dagrun for consume_1_or_both_2_and_3_with_dataset_expressions to None, run_after=None
[2024-11-28T00:00:31.541+0000] {logging_mixin.py:190} INFO - [2024-11-28T00:00:31.540+0000] {dag.py:4180} INFO - Setting next_dagrun for dataset_consumes_1 to None, run_after=None
[2024-11-28T00:00:31.543+0000] {logging_mixin.py:190} INFO - [2024-11-28T00:00:31.543+0000] {dag.py:4180} INFO - Setting next_dagrun for dataset_consumes_1_and_2 to None, run_after=None
[2024-11-28T00:00:31.546+0000] {logging_mixin.py:190} INFO - [2024-11-28T00:00:31.545+0000] {dag.py:4180} INFO - Setting next_dagrun for dataset_consumes_1_never_scheduled to None, run_after=None
[2024-11-28T00:00:31.548+0000] {logging_mixin.py:190} INFO - [2024-11-28T00:00:31.548+0000] {dag.py:4180} INFO - Setting next_dagrun for dataset_consumes_unknown_never_scheduled to None, run_after=None
[2024-11-28T00:00:31.553+0000] {logging_mixin.py:190} INFO - [2024-11-28T00:00:31.552+0000] {dag.py:4180} INFO - Setting next_dagrun for dataset_produces_1 to 2024-11-27 00:00:00+00:00, run_after=2024-11-28 00:00:00+00:00
[2024-11-28T00:00:31.555+0000] {logging_mixin.py:190} INFO - [2024-11-28T00:00:31.555+0000] {dag.py:4180} INFO - Setting next_dagrun for dataset_produces_2 to None, run_after=None
[2024-11-28T00:00:31.619+0000] {processor.py:208} INFO - Processing /home/airflow/.local/lib/python3.12/site-packages/airflow/example_dags/example_datasets.py took 1.369 seconds
[2024-11-28T00:01:02.058+0000] {processor.py:186} INFO - Started process (PID=3034) to work on /home/airflow/.local/lib/python3.12/site-packages/airflow/example_dags/example_datasets.py
[2024-11-28T00:01:02.060+0000] {processor.py:914} INFO - Processing file /home/airflow/.local/lib/python3.12/site-packages/airflow/example_dags/example_datasets.py for tasks to queue
[2024-11-28T00:01:02.064+0000] {logging_mixin.py:190} INFO - [2024-11-28T00:01:02.063+0000] {dagbag.py:588} INFO - Filling up the DagBag from /home/airflow/.local/lib/python3.12/site-packages/airflow/example_dags/example_datasets.py
[2024-11-28T00:01:03.413+0000] {processor.py:925} INFO - DAG(s) 'dataset_consumes_1_and_2', 'dataset_consumes_1', 'dataset_consumes_1_never_scheduled', 'consume_1_or_both_2_and_3_with_dataset_expressions', 'conditional_dataset_and_time_based_timetable', 'consume_1_and_2_with_dataset_expressions', 'consume_1_or_2_with_dataset_expressions', 'dataset_consumes_unknown_never_scheduled', 'dataset_produces_2', 'dataset_produces_1' retrieved from /home/airflow/.local/lib/python3.12/site-packages/airflow/example_dags/example_datasets.py
[2024-11-28T00:01:03.515+0000] {logging_mixin.py:190} INFO - [2024-11-28T00:01:03.514+0000] {dag.py:3239} INFO - Sync 10 DAGs
[2024-11-28T00:01:03.569+0000] {logging_mixin.py:190} INFO - [2024-11-28T00:01:03.568+0000] {dag.py:4180} INFO - Setting next_dagrun for conditional_dataset_and_time_based_timetable to 2024-11-27 01:00:00+00:00, run_after=2024-11-27 01:00:00+00:00
[2024-11-28T00:01:03.580+0000] {logging_mixin.py:190} INFO - [2024-11-28T00:01:03.579+0000] {dag.py:4180} INFO - Setting next_dagrun for consume_1_and_2_with_dataset_expressions to None, run_after=None
[2024-11-28T00:01:03.584+0000] {logging_mixin.py:190} INFO - [2024-11-28T00:01:03.583+0000] {dag.py:4180} INFO - Setting next_dagrun for consume_1_or_2_with_dataset_expressions to None, run_after=None
[2024-11-28T00:01:03.588+0000] {logging_mixin.py:190} INFO - [2024-11-28T00:01:03.587+0000] {dag.py:4180} INFO - Setting next_dagrun for consume_1_or_both_2_and_3_with_dataset_expressions to None, run_after=None
[2024-11-28T00:01:03.592+0000] {logging_mixin.py:190} INFO - [2024-11-28T00:01:03.591+0000] {dag.py:4180} INFO - Setting next_dagrun for dataset_consumes_1 to None, run_after=None
[2024-11-28T00:01:03.596+0000] {logging_mixin.py:190} INFO - [2024-11-28T00:01:03.595+0000] {dag.py:4180} INFO - Setting next_dagrun for dataset_consumes_1_and_2 to None, run_after=None
[2024-11-28T00:01:03.600+0000] {logging_mixin.py:190} INFO - [2024-11-28T00:01:03.599+0000] {dag.py:4180} INFO - Setting next_dagrun for dataset_consumes_1_never_scheduled to None, run_after=None
[2024-11-28T00:01:03.603+0000] {logging_mixin.py:190} INFO - [2024-11-28T00:01:03.603+0000] {dag.py:4180} INFO - Setting next_dagrun for dataset_consumes_unknown_never_scheduled to None, run_after=None
[2024-11-28T00:01:03.610+0000] {logging_mixin.py:190} INFO - [2024-11-28T00:01:03.610+0000] {dag.py:4180} INFO - Setting next_dagrun for dataset_produces_1 to 2024-11-27 00:00:00+00:00, run_after=2024-11-28 00:00:00+00:00
[2024-11-28T00:01:03.614+0000] {logging_mixin.py:190} INFO - [2024-11-28T00:01:03.613+0000] {dag.py:4180} INFO - Setting next_dagrun for dataset_produces_2 to None, run_after=None
[2024-11-28T00:01:03.704+0000] {processor.py:208} INFO - Processing /home/airflow/.local/lib/python3.12/site-packages/airflow/example_dags/example_datasets.py took 1.658 seconds
[2024-11-28T00:01:34.438+0000] {processor.py:186} INFO - Started process (PID=3098) to work on /home/airflow/.local/lib/python3.12/site-packages/airflow/example_dags/example_datasets.py
[2024-11-28T00:01:34.440+0000] {processor.py:914} INFO - Processing file /home/airflow/.local/lib/python3.12/site-packages/airflow/example_dags/example_datasets.py for tasks to queue
[2024-11-28T00:01:34.444+0000] {logging_mixin.py:190} INFO - [2024-11-28T00:01:34.443+0000] {dagbag.py:588} INFO - Filling up the DagBag from /home/airflow/.local/lib/python3.12/site-packages/airflow/example_dags/example_datasets.py
[2024-11-28T00:01:35.672+0000] {processor.py:925} INFO - DAG(s) 'dataset_consumes_unknown_never_scheduled', 'dataset_produces_2', 'consume_1_or_both_2_and_3_with_dataset_expressions', 'consume_1_and_2_with_dataset_expressions', 'dataset_produces_1', 'conditional_dataset_and_time_based_timetable', 'dataset_consumes_1_never_scheduled', 'consume_1_or_2_with_dataset_expressions', 'dataset_consumes_1', 'dataset_consumes_1_and_2' retrieved from /home/airflow/.local/lib/python3.12/site-packages/airflow/example_dags/example_datasets.py
[2024-11-28T00:01:35.764+0000] {logging_mixin.py:190} INFO - [2024-11-28T00:01:35.763+0000] {dag.py:3239} INFO - Sync 10 DAGs
[2024-11-28T00:01:35.817+0000] {logging_mixin.py:190} INFO - [2024-11-28T00:01:35.817+0000] {dag.py:4180} INFO - Setting next_dagrun for conditional_dataset_and_time_based_timetable to 2024-11-27 01:00:00+00:00, run_after=2024-11-27 01:00:00+00:00
[2024-11-28T00:01:35.825+0000] {logging_mixin.py:190} INFO - [2024-11-28T00:01:35.824+0000] {dag.py:4180} INFO - Setting next_dagrun for consume_1_and_2_with_dataset_expressions to None, run_after=None
[2024-11-28T00:01:35.828+0000] {logging_mixin.py:190} INFO - [2024-11-28T00:01:35.827+0000] {dag.py:4180} INFO - Setting next_dagrun for consume_1_or_2_with_dataset_expressions to None, run_after=None
[2024-11-28T00:01:35.831+0000] {logging_mixin.py:190} INFO - [2024-11-28T00:01:35.830+0000] {dag.py:4180} INFO - Setting next_dagrun for consume_1_or_both_2_and_3_with_dataset_expressions to None, run_after=None
[2024-11-28T00:01:35.833+0000] {logging_mixin.py:190} INFO - [2024-11-28T00:01:35.833+0000] {dag.py:4180} INFO - Setting next_dagrun for dataset_consumes_1 to None, run_after=None
[2024-11-28T00:01:35.836+0000] {logging_mixin.py:190} INFO - [2024-11-28T00:01:35.836+0000] {dag.py:4180} INFO - Setting next_dagrun for dataset_consumes_1_and_2 to None, run_after=None
[2024-11-28T00:01:35.839+0000] {logging_mixin.py:190} INFO - [2024-11-28T00:01:35.839+0000] {dag.py:4180} INFO - Setting next_dagrun for dataset_consumes_1_never_scheduled to None, run_after=None
[2024-11-28T00:01:35.842+0000] {logging_mixin.py:190} INFO - [2024-11-28T00:01:35.842+0000] {dag.py:4180} INFO - Setting next_dagrun for dataset_consumes_unknown_never_scheduled to None, run_after=None
[2024-11-28T00:01:35.847+0000] {logging_mixin.py:190} INFO - [2024-11-28T00:01:35.847+0000] {dag.py:4180} INFO - Setting next_dagrun for dataset_produces_1 to 2024-11-27 00:00:00+00:00, run_after=2024-11-28 00:00:00+00:00
[2024-11-28T00:01:35.851+0000] {logging_mixin.py:190} INFO - [2024-11-28T00:01:35.850+0000] {dag.py:4180} INFO - Setting next_dagrun for dataset_produces_2 to None, run_after=None
[2024-11-28T00:01:35.921+0000] {processor.py:208} INFO - Processing /home/airflow/.local/lib/python3.12/site-packages/airflow/example_dags/example_datasets.py took 1.493 seconds
[2024-11-28T00:02:06.138+0000] {processor.py:186} INFO - Started process (PID=3168) to work on /home/airflow/.local/lib/python3.12/site-packages/airflow/example_dags/example_datasets.py
[2024-11-28T00:02:06.140+0000] {processor.py:914} INFO - Processing file /home/airflow/.local/lib/python3.12/site-packages/airflow/example_dags/example_datasets.py for tasks to queue
[2024-11-28T00:02:06.146+0000] {logging_mixin.py:190} INFO - [2024-11-28T00:02:06.145+0000] {dagbag.py:588} INFO - Filling up the DagBag from /home/airflow/.local/lib/python3.12/site-packages/airflow/example_dags/example_datasets.py
[2024-11-28T00:02:07.573+0000] {processor.py:925} INFO - DAG(s) 'dataset_consumes_unknown_never_scheduled', 'dataset_produces_1', 'consume_1_or_both_2_and_3_with_dataset_expressions', 'dataset_produces_2', 'dataset_consumes_1', 'dataset_consumes_1_and_2', 'consume_1_and_2_with_dataset_expressions', 'conditional_dataset_and_time_based_timetable', 'dataset_consumes_1_never_scheduled', 'consume_1_or_2_with_dataset_expressions' retrieved from /home/airflow/.local/lib/python3.12/site-packages/airflow/example_dags/example_datasets.py
[2024-11-28T00:02:07.695+0000] {logging_mixin.py:190} INFO - [2024-11-28T00:02:07.694+0000] {dag.py:3239} INFO - Sync 10 DAGs
[2024-11-28T00:02:07.745+0000] {logging_mixin.py:190} INFO - [2024-11-28T00:02:07.745+0000] {dag.py:4180} INFO - Setting next_dagrun for conditional_dataset_and_time_based_timetable to 2024-11-27 01:00:00+00:00, run_after=2024-11-27 01:00:00+00:00
[2024-11-28T00:02:07.755+0000] {logging_mixin.py:190} INFO - [2024-11-28T00:02:07.755+0000] {dag.py:4180} INFO - Setting next_dagrun for consume_1_and_2_with_dataset_expressions to None, run_after=None
[2024-11-28T00:02:07.758+0000] {logging_mixin.py:190} INFO - [2024-11-28T00:02:07.758+0000] {dag.py:4180} INFO - Setting next_dagrun for consume_1_or_2_with_dataset_expressions to None, run_after=None
[2024-11-28T00:02:07.761+0000] {logging_mixin.py:190} INFO - [2024-11-28T00:02:07.761+0000] {dag.py:4180} INFO - Setting next_dagrun for consume_1_or_both_2_and_3_with_dataset_expressions to None, run_after=None
[2024-11-28T00:02:07.764+0000] {logging_mixin.py:190} INFO - [2024-11-28T00:02:07.764+0000] {dag.py:4180} INFO - Setting next_dagrun for dataset_consumes_1 to None, run_after=None
[2024-11-28T00:02:07.768+0000] {logging_mixin.py:190} INFO - [2024-11-28T00:02:07.767+0000] {dag.py:4180} INFO - Setting next_dagrun for dataset_consumes_1_and_2 to None, run_after=None
[2024-11-28T00:02:07.771+0000] {logging_mixin.py:190} INFO - [2024-11-28T00:02:07.771+0000] {dag.py:4180} INFO - Setting next_dagrun for dataset_consumes_1_never_scheduled to None, run_after=None
[2024-11-28T00:02:07.775+0000] {logging_mixin.py:190} INFO - [2024-11-28T00:02:07.774+0000] {dag.py:4180} INFO - Setting next_dagrun for dataset_consumes_unknown_never_scheduled to None, run_after=None
[2024-11-28T00:02:07.780+0000] {logging_mixin.py:190} INFO - [2024-11-28T00:02:07.780+0000] {dag.py:4180} INFO - Setting next_dagrun for dataset_produces_1 to 2024-11-27 00:00:00+00:00, run_after=2024-11-28 00:00:00+00:00
[2024-11-28T00:02:07.784+0000] {logging_mixin.py:190} INFO - [2024-11-28T00:02:07.783+0000] {dag.py:4180} INFO - Setting next_dagrun for dataset_produces_2 to None, run_after=None
[2024-11-28T00:02:07.887+0000] {processor.py:208} INFO - Processing /home/airflow/.local/lib/python3.12/site-packages/airflow/example_dags/example_datasets.py took 1.763 seconds
[2024-11-28T00:02:38.216+0000] {processor.py:186} INFO - Started process (PID=3233) to work on /home/airflow/.local/lib/python3.12/site-packages/airflow/example_dags/example_datasets.py
[2024-11-28T00:02:38.217+0000] {processor.py:914} INFO - Processing file /home/airflow/.local/lib/python3.12/site-packages/airflow/example_dags/example_datasets.py for tasks to queue
[2024-11-28T00:02:38.222+0000] {logging_mixin.py:190} INFO - [2024-11-28T00:02:38.221+0000] {dagbag.py:588} INFO - Filling up the DagBag from /home/airflow/.local/lib/python3.12/site-packages/airflow/example_dags/example_datasets.py
[2024-11-28T00:02:39.564+0000] {processor.py:925} INFO - DAG(s) 'consume_1_or_2_with_dataset_expressions', 'dataset_consumes_1_and_2', 'dataset_consumes_1_never_scheduled', 'dataset_consumes_unknown_never_scheduled', 'dataset_produces_2', 'consume_1_and_2_with_dataset_expressions', 'consume_1_or_both_2_and_3_with_dataset_expressions', 'dataset_consumes_1', 'conditional_dataset_and_time_based_timetable', 'dataset_produces_1' retrieved from /home/airflow/.local/lib/python3.12/site-packages/airflow/example_dags/example_datasets.py
[2024-11-28T00:02:39.669+0000] {logging_mixin.py:190} INFO - [2024-11-28T00:02:39.668+0000] {dag.py:3239} INFO - Sync 10 DAGs
[2024-11-28T00:02:39.728+0000] {logging_mixin.py:190} INFO - [2024-11-28T00:02:39.727+0000] {dag.py:4180} INFO - Setting next_dagrun for conditional_dataset_and_time_based_timetable to 2024-11-27 01:00:00+00:00, run_after=2024-11-27 01:00:00+00:00
[2024-11-28T00:02:39.741+0000] {logging_mixin.py:190} INFO - [2024-11-28T00:02:39.740+0000] {dag.py:4180} INFO - Setting next_dagrun for consume_1_and_2_with_dataset_expressions to None, run_after=None
[2024-11-28T00:02:39.744+0000] {logging_mixin.py:190} INFO - [2024-11-28T00:02:39.744+0000] {dag.py:4180} INFO - Setting next_dagrun for consume_1_or_2_with_dataset_expressions to None, run_after=None
[2024-11-28T00:02:39.747+0000] {logging_mixin.py:190} INFO - [2024-11-28T00:02:39.747+0000] {dag.py:4180} INFO - Setting next_dagrun for consume_1_or_both_2_and_3_with_dataset_expressions to None, run_after=None
[2024-11-28T00:02:39.750+0000] {logging_mixin.py:190} INFO - [2024-11-28T00:02:39.750+0000] {dag.py:4180} INFO - Setting next_dagrun for dataset_consumes_1 to None, run_after=None
[2024-11-28T00:02:39.754+0000] {logging_mixin.py:190} INFO - [2024-11-28T00:02:39.753+0000] {dag.py:4180} INFO - Setting next_dagrun for dataset_consumes_1_and_2 to None, run_after=None
[2024-11-28T00:02:39.757+0000] {logging_mixin.py:190} INFO - [2024-11-28T00:02:39.757+0000] {dag.py:4180} INFO - Setting next_dagrun for dataset_consumes_1_never_scheduled to None, run_after=None
[2024-11-28T00:02:39.760+0000] {logging_mixin.py:190} INFO - [2024-11-28T00:02:39.760+0000] {dag.py:4180} INFO - Setting next_dagrun for dataset_consumes_unknown_never_scheduled to None, run_after=None
[2024-11-28T00:02:39.766+0000] {logging_mixin.py:190} INFO - [2024-11-28T00:02:39.765+0000] {dag.py:4180} INFO - Setting next_dagrun for dataset_produces_1 to 2024-11-27 00:00:00+00:00, run_after=2024-11-28 00:00:00+00:00
[2024-11-28T00:02:39.769+0000] {logging_mixin.py:190} INFO - [2024-11-28T00:02:39.769+0000] {dag.py:4180} INFO - Setting next_dagrun for dataset_produces_2 to None, run_after=None
[2024-11-28T00:02:39.841+0000] {processor.py:208} INFO - Processing /home/airflow/.local/lib/python3.12/site-packages/airflow/example_dags/example_datasets.py took 1.639 seconds
[2024-11-28T00:03:10.636+0000] {processor.py:186} INFO - Started process (PID=3296) to work on /home/airflow/.local/lib/python3.12/site-packages/airflow/example_dags/example_datasets.py
[2024-11-28T00:03:10.637+0000] {processor.py:914} INFO - Processing file /home/airflow/.local/lib/python3.12/site-packages/airflow/example_dags/example_datasets.py for tasks to queue
[2024-11-28T00:03:10.641+0000] {logging_mixin.py:190} INFO - [2024-11-28T00:03:10.641+0000] {dagbag.py:588} INFO - Filling up the DagBag from /home/airflow/.local/lib/python3.12/site-packages/airflow/example_dags/example_datasets.py
[2024-11-28T00:03:12.005+0000] {processor.py:925} INFO - DAG(s) 'conditional_dataset_and_time_based_timetable', 'consume_1_or_2_with_dataset_expressions', 'dataset_consumes_1_never_scheduled', 'dataset_consumes_1_and_2', 'dataset_produces_1', 'dataset_consumes_unknown_never_scheduled', 'dataset_consumes_1', 'dataset_produces_2', 'consume_1_or_both_2_and_3_with_dataset_expressions', 'consume_1_and_2_with_dataset_expressions' retrieved from /home/airflow/.local/lib/python3.12/site-packages/airflow/example_dags/example_datasets.py
[2024-11-28T00:03:12.116+0000] {logging_mixin.py:190} INFO - [2024-11-28T00:03:12.115+0000] {dag.py:3239} INFO - Sync 10 DAGs
[2024-11-28T00:03:12.171+0000] {logging_mixin.py:190} INFO - [2024-11-28T00:03:12.170+0000] {dag.py:4180} INFO - Setting next_dagrun for conditional_dataset_and_time_based_timetable to 2024-11-27 01:00:00+00:00, run_after=2024-11-27 01:00:00+00:00
[2024-11-28T00:03:12.181+0000] {logging_mixin.py:190} INFO - [2024-11-28T00:03:12.180+0000] {dag.py:4180} INFO - Setting next_dagrun for consume_1_and_2_with_dataset_expressions to None, run_after=None
[2024-11-28T00:03:12.184+0000] {logging_mixin.py:190} INFO - [2024-11-28T00:03:12.184+0000] {dag.py:4180} INFO - Setting next_dagrun for consume_1_or_2_with_dataset_expressions to None, run_after=None
[2024-11-28T00:03:12.188+0000] {logging_mixin.py:190} INFO - [2024-11-28T00:03:12.187+0000] {dag.py:4180} INFO - Setting next_dagrun for consume_1_or_both_2_and_3_with_dataset_expressions to None, run_after=None
[2024-11-28T00:03:12.191+0000] {logging_mixin.py:190} INFO - [2024-11-28T00:03:12.190+0000] {dag.py:4180} INFO - Setting next_dagrun for dataset_consumes_1 to None, run_after=None
[2024-11-28T00:03:12.194+0000] {logging_mixin.py:190} INFO - [2024-11-28T00:03:12.193+0000] {dag.py:4180} INFO - Setting next_dagrun for dataset_consumes_1_and_2 to None, run_after=None
[2024-11-28T00:03:12.197+0000] {logging_mixin.py:190} INFO - [2024-11-28T00:03:12.196+0000] {dag.py:4180} INFO - Setting next_dagrun for dataset_consumes_1_never_scheduled to None, run_after=None
[2024-11-28T00:03:12.199+0000] {logging_mixin.py:190} INFO - [2024-11-28T00:03:12.199+0000] {dag.py:4180} INFO - Setting next_dagrun for dataset_consumes_unknown_never_scheduled to None, run_after=None
[2024-11-28T00:03:12.204+0000] {logging_mixin.py:190} INFO - [2024-11-28T00:03:12.204+0000] {dag.py:4180} INFO - Setting next_dagrun for dataset_produces_1 to 2024-11-27 00:00:00+00:00, run_after=2024-11-28 00:00:00+00:00
[2024-11-28T00:03:12.207+0000] {logging_mixin.py:190} INFO - [2024-11-28T00:03:12.207+0000] {dag.py:4180} INFO - Setting next_dagrun for dataset_produces_2 to None, run_after=None
[2024-11-28T00:03:12.293+0000] {processor.py:208} INFO - Processing /home/airflow/.local/lib/python3.12/site-packages/airflow/example_dags/example_datasets.py took 1.669 seconds
[2024-11-28T00:03:42.459+0000] {processor.py:186} INFO - Started process (PID=3361) to work on /home/airflow/.local/lib/python3.12/site-packages/airflow/example_dags/example_datasets.py
[2024-11-28T00:03:42.461+0000] {processor.py:914} INFO - Processing file /home/airflow/.local/lib/python3.12/site-packages/airflow/example_dags/example_datasets.py for tasks to queue
[2024-11-28T00:03:42.465+0000] {logging_mixin.py:190} INFO - [2024-11-28T00:03:42.464+0000] {dagbag.py:588} INFO - Filling up the DagBag from /home/airflow/.local/lib/python3.12/site-packages/airflow/example_dags/example_datasets.py
[2024-11-28T00:03:43.530+0000] {processor.py:925} INFO - DAG(s) 'dataset_consumes_unknown_never_scheduled', 'dataset_produces_2', 'dataset_consumes_1_never_scheduled', 'dataset_produces_1', 'conditional_dataset_and_time_based_timetable', 'dataset_consumes_1', 'consume_1_or_both_2_and_3_with_dataset_expressions', 'consume_1_or_2_with_dataset_expressions', 'dataset_consumes_1_and_2', 'consume_1_and_2_with_dataset_expressions' retrieved from /home/airflow/.local/lib/python3.12/site-packages/airflow/example_dags/example_datasets.py
[2024-11-28T00:03:43.637+0000] {logging_mixin.py:190} INFO - [2024-11-28T00:03:43.636+0000] {dag.py:3239} INFO - Sync 10 DAGs
[2024-11-28T00:03:43.690+0000] {logging_mixin.py:190} INFO - [2024-11-28T00:03:43.690+0000] {dag.py:4180} INFO - Setting next_dagrun for conditional_dataset_and_time_based_timetable to 2024-11-27 01:00:00+00:00, run_after=2024-11-27 01:00:00+00:00
[2024-11-28T00:03:43.699+0000] {logging_mixin.py:190} INFO - [2024-11-28T00:03:43.699+0000] {dag.py:4180} INFO - Setting next_dagrun for consume_1_and_2_with_dataset_expressions to None, run_after=None
[2024-11-28T00:03:43.703+0000] {logging_mixin.py:190} INFO - [2024-11-28T00:03:43.703+0000] {dag.py:4180} INFO - Setting next_dagrun for consume_1_or_2_with_dataset_expressions to None, run_after=None
[2024-11-28T00:03:43.707+0000] {logging_mixin.py:190} INFO - [2024-11-28T00:03:43.706+0000] {dag.py:4180} INFO - Setting next_dagrun for consume_1_or_both_2_and_3_with_dataset_expressions to None, run_after=None
[2024-11-28T00:03:43.710+0000] {logging_mixin.py:190} INFO - [2024-11-28T00:03:43.710+0000] {dag.py:4180} INFO - Setting next_dagrun for dataset_consumes_1 to None, run_after=None
[2024-11-28T00:03:43.714+0000] {logging_mixin.py:190} INFO - [2024-11-28T00:03:43.713+0000] {dag.py:4180} INFO - Setting next_dagrun for dataset_consumes_1_and_2 to None, run_after=None
[2024-11-28T00:03:43.717+0000] {logging_mixin.py:190} INFO - [2024-11-28T00:03:43.717+0000] {dag.py:4180} INFO - Setting next_dagrun for dataset_consumes_1_never_scheduled to None, run_after=None
[2024-11-28T00:03:43.721+0000] {logging_mixin.py:190} INFO - [2024-11-28T00:03:43.720+0000] {dag.py:4180} INFO - Setting next_dagrun for dataset_consumes_unknown_never_scheduled to None, run_after=None
[2024-11-28T00:03:43.726+0000] {logging_mixin.py:190} INFO - [2024-11-28T00:03:43.725+0000] {dag.py:4180} INFO - Setting next_dagrun for dataset_produces_1 to 2024-11-27 00:00:00+00:00, run_after=2024-11-28 00:00:00+00:00
[2024-11-28T00:03:43.729+0000] {logging_mixin.py:190} INFO - [2024-11-28T00:03:43.729+0000] {dag.py:4180} INFO - Setting next_dagrun for dataset_produces_2 to None, run_after=None
[2024-11-28T00:03:43.803+0000] {processor.py:208} INFO - Processing /home/airflow/.local/lib/python3.12/site-packages/airflow/example_dags/example_datasets.py took 1.356 seconds
[2024-11-28T00:04:14.646+0000] {processor.py:186} INFO - Started process (PID=3427) to work on /home/airflow/.local/lib/python3.12/site-packages/airflow/example_dags/example_datasets.py
[2024-11-28T00:04:14.647+0000] {processor.py:914} INFO - Processing file /home/airflow/.local/lib/python3.12/site-packages/airflow/example_dags/example_datasets.py for tasks to queue
[2024-11-28T00:04:14.651+0000] {logging_mixin.py:190} INFO - [2024-11-28T00:04:14.651+0000] {dagbag.py:588} INFO - Filling up the DagBag from /home/airflow/.local/lib/python3.12/site-packages/airflow/example_dags/example_datasets.py
[2024-11-28T00:04:15.939+0000] {processor.py:925} INFO - DAG(s) 'dataset_produces_2', 'dataset_consumes_1_and_2', 'consume_1_or_both_2_and_3_with_dataset_expressions', 'conditional_dataset_and_time_based_timetable', 'dataset_consumes_1_never_scheduled', 'dataset_consumes_1', 'dataset_produces_1', 'dataset_consumes_unknown_never_scheduled', 'consume_1_or_2_with_dataset_expressions', 'consume_1_and_2_with_dataset_expressions' retrieved from /home/airflow/.local/lib/python3.12/site-packages/airflow/example_dags/example_datasets.py
[2024-11-28T00:04:16.035+0000] {logging_mixin.py:190} INFO - [2024-11-28T00:04:16.035+0000] {dag.py:3239} INFO - Sync 10 DAGs
[2024-11-28T00:04:16.094+0000] {logging_mixin.py:190} INFO - [2024-11-28T00:04:16.093+0000] {dag.py:4180} INFO - Setting next_dagrun for conditional_dataset_and_time_based_timetable to 2024-11-27 01:00:00+00:00, run_after=2024-11-27 01:00:00+00:00
[2024-11-28T00:04:16.104+0000] {logging_mixin.py:190} INFO - [2024-11-28T00:04:16.103+0000] {dag.py:4180} INFO - Setting next_dagrun for consume_1_and_2_with_dataset_expressions to None, run_after=None
[2024-11-28T00:04:16.107+0000] {logging_mixin.py:190} INFO - [2024-11-28T00:04:16.107+0000] {dag.py:4180} INFO - Setting next_dagrun for consume_1_or_2_with_dataset_expressions to None, run_after=None
[2024-11-28T00:04:16.110+0000] {logging_mixin.py:190} INFO - [2024-11-28T00:04:16.110+0000] {dag.py:4180} INFO - Setting next_dagrun for consume_1_or_both_2_and_3_with_dataset_expressions to None, run_after=None
[2024-11-28T00:04:16.113+0000] {logging_mixin.py:190} INFO - [2024-11-28T00:04:16.113+0000] {dag.py:4180} INFO - Setting next_dagrun for dataset_consumes_1 to None, run_after=None
[2024-11-28T00:04:16.116+0000] {logging_mixin.py:190} INFO - [2024-11-28T00:04:16.116+0000] {dag.py:4180} INFO - Setting next_dagrun for dataset_consumes_1_and_2 to None, run_after=None
[2024-11-28T00:04:16.119+0000] {logging_mixin.py:190} INFO - [2024-11-28T00:04:16.118+0000] {dag.py:4180} INFO - Setting next_dagrun for dataset_consumes_1_never_scheduled to None, run_after=None
[2024-11-28T00:04:16.121+0000] {logging_mixin.py:190} INFO - [2024-11-28T00:04:16.121+0000] {dag.py:4180} INFO - Setting next_dagrun for dataset_consumes_unknown_never_scheduled to None, run_after=None
[2024-11-28T00:04:16.126+0000] {logging_mixin.py:190} INFO - [2024-11-28T00:04:16.126+0000] {dag.py:4180} INFO - Setting next_dagrun for dataset_produces_1 to 2024-11-27 00:00:00+00:00, run_after=2024-11-28 00:00:00+00:00
[2024-11-28T00:04:16.129+0000] {logging_mixin.py:190} INFO - [2024-11-28T00:04:16.128+0000] {dag.py:4180} INFO - Setting next_dagrun for dataset_produces_2 to None, run_after=None
[2024-11-28T00:04:16.196+0000] {processor.py:208} INFO - Processing /home/airflow/.local/lib/python3.12/site-packages/airflow/example_dags/example_datasets.py took 1.564 seconds
