[2024-11-28T00:00:11.536+0000] {processor.py:186} INFO - Started process (PID=2925) to work on /home/airflow/.local/lib/python3.12/site-packages/airflow/example_dags/example_short_circuit_decorator.py
[2024-11-28T00:00:11.538+0000] {processor.py:914} INFO - Processing file /home/airflow/.local/lib/python3.12/site-packages/airflow/example_dags/example_short_circuit_decorator.py for tasks to queue
[2024-11-28T00:00:11.543+0000] {logging_mixin.py:190} INFO - [2024-11-28T00:00:11.542+0000] {dagbag.py:588} INFO - Filling up the DagBag from /home/airflow/.local/lib/python3.12/site-packages/airflow/example_dags/example_short_circuit_decorator.py
[2024-11-28T00:00:11.567+0000] {processor.py:925} INFO - DAG(s) 'example_short_circuit_decorator' retrieved from /home/airflow/.local/lib/python3.12/site-packages/airflow/example_dags/example_short_circuit_decorator.py
[2024-11-28T00:00:11.636+0000] {logging_mixin.py:190} INFO - [2024-11-28T00:00:11.635+0000] {dag.py:3239} INFO - Sync 1 DAGs
[2024-11-28T00:00:11.667+0000] {logging_mixin.py:190} INFO - [2024-11-28T00:00:11.667+0000] {dag.py:4180} INFO - Setting next_dagrun for example_short_circuit_decorator to None, run_after=None
[2024-11-28T00:00:11.714+0000] {processor.py:208} INFO - Processing /home/airflow/.local/lib/python3.12/site-packages/airflow/example_dags/example_short_circuit_decorator.py took 0.189 seconds
[2024-11-28T00:00:41.954+0000] {processor.py:186} INFO - Started process (PID=2989) to work on /home/airflow/.local/lib/python3.12/site-packages/airflow/example_dags/example_short_circuit_decorator.py
[2024-11-28T00:00:41.956+0000] {processor.py:914} INFO - Processing file /home/airflow/.local/lib/python3.12/site-packages/airflow/example_dags/example_short_circuit_decorator.py for tasks to queue
[2024-11-28T00:00:41.961+0000] {logging_mixin.py:190} INFO - [2024-11-28T00:00:41.960+0000] {dagbag.py:588} INFO - Filling up the DagBag from /home/airflow/.local/lib/python3.12/site-packages/airflow/example_dags/example_short_circuit_decorator.py
[2024-11-28T00:00:41.983+0000] {processor.py:925} INFO - DAG(s) 'example_short_circuit_decorator' retrieved from /home/airflow/.local/lib/python3.12/site-packages/airflow/example_dags/example_short_circuit_decorator.py
[2024-11-28T00:00:42.038+0000] {logging_mixin.py:190} INFO - [2024-11-28T00:00:42.038+0000] {dag.py:3239} INFO - Sync 1 DAGs
[2024-11-28T00:00:42.069+0000] {logging_mixin.py:190} INFO - [2024-11-28T00:00:42.069+0000] {dag.py:4180} INFO - Setting next_dagrun for example_short_circuit_decorator to None, run_after=None
[2024-11-28T00:00:42.105+0000] {processor.py:208} INFO - Processing /home/airflow/.local/lib/python3.12/site-packages/airflow/example_dags/example_short_circuit_decorator.py took 0.166 seconds
[2024-11-28T00:01:12.251+0000] {processor.py:186} INFO - Started process (PID=3052) to work on /home/airflow/.local/lib/python3.12/site-packages/airflow/example_dags/example_short_circuit_decorator.py
[2024-11-28T00:01:12.253+0000] {processor.py:914} INFO - Processing file /home/airflow/.local/lib/python3.12/site-packages/airflow/example_dags/example_short_circuit_decorator.py for tasks to queue
[2024-11-28T00:01:12.257+0000] {logging_mixin.py:190} INFO - [2024-11-28T00:01:12.256+0000] {dagbag.py:588} INFO - Filling up the DagBag from /home/airflow/.local/lib/python3.12/site-packages/airflow/example_dags/example_short_circuit_decorator.py
[2024-11-28T00:01:12.280+0000] {processor.py:925} INFO - DAG(s) 'example_short_circuit_decorator' retrieved from /home/airflow/.local/lib/python3.12/site-packages/airflow/example_dags/example_short_circuit_decorator.py
[2024-11-28T00:01:12.331+0000] {logging_mixin.py:190} INFO - [2024-11-28T00:01:12.330+0000] {dag.py:3239} INFO - Sync 1 DAGs
[2024-11-28T00:01:12.370+0000] {logging_mixin.py:190} INFO - [2024-11-28T00:01:12.369+0000] {dag.py:4180} INFO - Setting next_dagrun for example_short_circuit_decorator to None, run_after=None
[2024-11-28T00:01:12.417+0000] {processor.py:208} INFO - Processing /home/airflow/.local/lib/python3.12/site-packages/airflow/example_dags/example_short_circuit_decorator.py took 0.177 seconds
[2024-11-28T00:01:42.656+0000] {processor.py:186} INFO - Started process (PID=3116) to work on /home/airflow/.local/lib/python3.12/site-packages/airflow/example_dags/example_short_circuit_decorator.py
[2024-11-28T00:01:42.658+0000] {processor.py:914} INFO - Processing file /home/airflow/.local/lib/python3.12/site-packages/airflow/example_dags/example_short_circuit_decorator.py for tasks to queue
[2024-11-28T00:01:42.663+0000] {logging_mixin.py:190} INFO - [2024-11-28T00:01:42.662+0000] {dagbag.py:588} INFO - Filling up the DagBag from /home/airflow/.local/lib/python3.12/site-packages/airflow/example_dags/example_short_circuit_decorator.py
[2024-11-28T00:01:42.684+0000] {processor.py:925} INFO - DAG(s) 'example_short_circuit_decorator' retrieved from /home/airflow/.local/lib/python3.12/site-packages/airflow/example_dags/example_short_circuit_decorator.py
[2024-11-28T00:01:42.737+0000] {logging_mixin.py:190} INFO - [2024-11-28T00:01:42.736+0000] {dag.py:3239} INFO - Sync 1 DAGs
[2024-11-28T00:01:42.774+0000] {logging_mixin.py:190} INFO - [2024-11-28T00:01:42.773+0000] {dag.py:4180} INFO - Setting next_dagrun for example_short_circuit_decorator to None, run_after=None
[2024-11-28T00:01:42.823+0000] {processor.py:208} INFO - Processing /home/airflow/.local/lib/python3.12/site-packages/airflow/example_dags/example_short_circuit_decorator.py took 0.180 seconds
[2024-11-28T00:02:13.129+0000] {processor.py:186} INFO - Started process (PID=3180) to work on /home/airflow/.local/lib/python3.12/site-packages/airflow/example_dags/example_short_circuit_decorator.py
[2024-11-28T00:02:13.130+0000] {processor.py:914} INFO - Processing file /home/airflow/.local/lib/python3.12/site-packages/airflow/example_dags/example_short_circuit_decorator.py for tasks to queue
[2024-11-28T00:02:13.134+0000] {logging_mixin.py:190} INFO - [2024-11-28T00:02:13.134+0000] {dagbag.py:588} INFO - Filling up the DagBag from /home/airflow/.local/lib/python3.12/site-packages/airflow/example_dags/example_short_circuit_decorator.py
[2024-11-28T00:02:13.151+0000] {processor.py:925} INFO - DAG(s) 'example_short_circuit_decorator' retrieved from /home/airflow/.local/lib/python3.12/site-packages/airflow/example_dags/example_short_circuit_decorator.py
[2024-11-28T00:02:13.193+0000] {logging_mixin.py:190} INFO - [2024-11-28T00:02:13.193+0000] {dag.py:3239} INFO - Sync 1 DAGs
[2024-11-28T00:02:13.222+0000] {logging_mixin.py:190} INFO - [2024-11-28T00:02:13.222+0000] {dag.py:4180} INFO - Setting next_dagrun for example_short_circuit_decorator to None, run_after=None
[2024-11-28T00:02:13.259+0000] {processor.py:208} INFO - Processing /home/airflow/.local/lib/python3.12/site-packages/airflow/example_dags/example_short_circuit_decorator.py took 0.140 seconds
[2024-11-28T00:02:45.745+0000] {processor.py:186} INFO - Started process (PID=3245) to work on /home/airflow/.local/lib/python3.12/site-packages/airflow/example_dags/example_short_circuit_decorator.py
[2024-11-28T00:02:45.747+0000] {processor.py:914} INFO - Processing file /home/airflow/.local/lib/python3.12/site-packages/airflow/example_dags/example_short_circuit_decorator.py for tasks to queue
[2024-11-28T00:02:45.752+0000] {logging_mixin.py:190} INFO - [2024-11-28T00:02:45.751+0000] {dagbag.py:588} INFO - Filling up the DagBag from /home/airflow/.local/lib/python3.12/site-packages/airflow/example_dags/example_short_circuit_decorator.py
[2024-11-28T00:02:45.776+0000] {processor.py:925} INFO - DAG(s) 'example_short_circuit_decorator' retrieved from /home/airflow/.local/lib/python3.12/site-packages/airflow/example_dags/example_short_circuit_decorator.py
[2024-11-28T00:02:45.832+0000] {logging_mixin.py:190} INFO - [2024-11-28T00:02:45.831+0000] {dag.py:3239} INFO - Sync 1 DAGs
[2024-11-28T00:02:46.307+0000] {logging_mixin.py:190} INFO - [2024-11-28T00:02:46.307+0000] {dag.py:4180} INFO - Setting next_dagrun for example_short_circuit_decorator to None, run_after=None
[2024-11-28T00:02:46.349+0000] {processor.py:208} INFO - Processing /home/airflow/.local/lib/python3.12/site-packages/airflow/example_dags/example_short_circuit_decorator.py took 0.615 seconds
[2024-11-28T00:03:16.942+0000] {processor.py:186} INFO - Started process (PID=3308) to work on /home/airflow/.local/lib/python3.12/site-packages/airflow/example_dags/example_short_circuit_decorator.py
[2024-11-28T00:03:16.944+0000] {processor.py:914} INFO - Processing file /home/airflow/.local/lib/python3.12/site-packages/airflow/example_dags/example_short_circuit_decorator.py for tasks to queue
[2024-11-28T00:03:16.948+0000] {logging_mixin.py:190} INFO - [2024-11-28T00:03:16.948+0000] {dagbag.py:588} INFO - Filling up the DagBag from /home/airflow/.local/lib/python3.12/site-packages/airflow/example_dags/example_short_circuit_decorator.py
[2024-11-28T00:03:16.968+0000] {processor.py:925} INFO - DAG(s) 'example_short_circuit_decorator' retrieved from /home/airflow/.local/lib/python3.12/site-packages/airflow/example_dags/example_short_circuit_decorator.py
[2024-11-28T00:03:17.022+0000] {logging_mixin.py:190} INFO - [2024-11-28T00:03:17.022+0000] {dag.py:3239} INFO - Sync 1 DAGs
[2024-11-28T00:03:17.060+0000] {logging_mixin.py:190} INFO - [2024-11-28T00:03:17.059+0000] {dag.py:4180} INFO - Setting next_dagrun for example_short_circuit_decorator to None, run_after=None
[2024-11-28T00:03:17.115+0000] {processor.py:208} INFO - Processing /home/airflow/.local/lib/python3.12/site-packages/airflow/example_dags/example_short_circuit_decorator.py took 0.183 seconds
[2024-11-28T00:03:47.440+0000] {processor.py:186} INFO - Started process (PID=3371) to work on /home/airflow/.local/lib/python3.12/site-packages/airflow/example_dags/example_short_circuit_decorator.py
[2024-11-28T00:03:47.442+0000] {processor.py:914} INFO - Processing file /home/airflow/.local/lib/python3.12/site-packages/airflow/example_dags/example_short_circuit_decorator.py for tasks to queue
[2024-11-28T00:03:47.447+0000] {logging_mixin.py:190} INFO - [2024-11-28T00:03:47.446+0000] {dagbag.py:588} INFO - Filling up the DagBag from /home/airflow/.local/lib/python3.12/site-packages/airflow/example_dags/example_short_circuit_decorator.py
[2024-11-28T00:03:47.467+0000] {processor.py:925} INFO - DAG(s) 'example_short_circuit_decorator' retrieved from /home/airflow/.local/lib/python3.12/site-packages/airflow/example_dags/example_short_circuit_decorator.py
[2024-11-28T00:03:47.516+0000] {logging_mixin.py:190} INFO - [2024-11-28T00:03:47.516+0000] {dag.py:3239} INFO - Sync 1 DAGs
[2024-11-28T00:03:47.554+0000] {logging_mixin.py:190} INFO - [2024-11-28T00:03:47.553+0000] {dag.py:4180} INFO - Setting next_dagrun for example_short_circuit_decorator to None, run_after=None
[2024-11-28T00:03:47.602+0000] {processor.py:208} INFO - Processing /home/airflow/.local/lib/python3.12/site-packages/airflow/example_dags/example_short_circuit_decorator.py took 0.175 seconds
[2024-11-28T00:04:17.682+0000] {processor.py:186} INFO - Started process (PID=3435) to work on /home/airflow/.local/lib/python3.12/site-packages/airflow/example_dags/example_short_circuit_decorator.py
[2024-11-28T00:04:17.684+0000] {processor.py:914} INFO - Processing file /home/airflow/.local/lib/python3.12/site-packages/airflow/example_dags/example_short_circuit_decorator.py for tasks to queue
[2024-11-28T00:04:17.687+0000] {logging_mixin.py:190} INFO - [2024-11-28T00:04:17.687+0000] {dagbag.py:588} INFO - Filling up the DagBag from /home/airflow/.local/lib/python3.12/site-packages/airflow/example_dags/example_short_circuit_decorator.py
[2024-11-28T00:04:17.707+0000] {processor.py:925} INFO - DAG(s) 'example_short_circuit_decorator' retrieved from /home/airflow/.local/lib/python3.12/site-packages/airflow/example_dags/example_short_circuit_decorator.py
[2024-11-28T00:04:17.758+0000] {logging_mixin.py:190} INFO - [2024-11-28T00:04:17.757+0000] {dag.py:3239} INFO - Sync 1 DAGs
[2024-11-28T00:04:17.793+0000] {logging_mixin.py:190} INFO - [2024-11-28T00:04:17.792+0000] {dag.py:4180} INFO - Setting next_dagrun for example_short_circuit_decorator to None, run_after=None
[2024-11-28T00:04:17.841+0000] {processor.py:208} INFO - Processing /home/airflow/.local/lib/python3.12/site-packages/airflow/example_dags/example_short_circuit_decorator.py took 0.172 seconds
