[2024-11-28T00:00:16.313+0000] {processor.py:186} INFO - Started process (PID=2937) to work on /home/airflow/.local/lib/python3.12/site-packages/airflow/example_dags/example_task_group.py
[2024-11-28T00:00:16.314+0000] {processor.py:914} INFO - Processing file /home/airflow/.local/lib/python3.12/site-packages/airflow/example_dags/example_task_group.py for tasks to queue
[2024-11-28T00:00:16.319+0000] {logging_mixin.py:190} INFO - [2024-11-28T00:00:16.318+0000] {dagbag.py:588} INFO - Filling up the DagBag from /home/airflow/.local/lib/python3.12/site-packages/airflow/example_dags/example_task_group.py
[2024-11-28T00:00:16.336+0000] {processor.py:925} INFO - DAG(s) 'example_task_group' retrieved from /home/airflow/.local/lib/python3.12/site-packages/airflow/example_dags/example_task_group.py
[2024-11-28T00:00:16.375+0000] {logging_mixin.py:190} INFO - [2024-11-28T00:00:16.374+0000] {dag.py:3239} INFO - Sync 1 DAGs
[2024-11-28T00:00:16.403+0000] {logging_mixin.py:190} INFO - [2024-11-28T00:00:16.402+0000] {dag.py:4180} INFO - Setting next_dagrun for example_task_group to None, run_after=None
[2024-11-28T00:00:16.439+0000] {processor.py:208} INFO - Processing /home/airflow/.local/lib/python3.12/site-packages/airflow/example_dags/example_task_group.py took 0.136 seconds
[2024-11-28T00:00:46.921+0000] {processor.py:186} INFO - Started process (PID=3001) to work on /home/airflow/.local/lib/python3.12/site-packages/airflow/example_dags/example_task_group.py
[2024-11-28T00:00:46.923+0000] {processor.py:914} INFO - Processing file /home/airflow/.local/lib/python3.12/site-packages/airflow/example_dags/example_task_group.py for tasks to queue
[2024-11-28T00:00:46.927+0000] {logging_mixin.py:190} INFO - [2024-11-28T00:00:46.926+0000] {dagbag.py:588} INFO - Filling up the DagBag from /home/airflow/.local/lib/python3.12/site-packages/airflow/example_dags/example_task_group.py
[2024-11-28T00:00:46.946+0000] {processor.py:925} INFO - DAG(s) 'example_task_group' retrieved from /home/airflow/.local/lib/python3.12/site-packages/airflow/example_dags/example_task_group.py
[2024-11-28T00:00:47.001+0000] {logging_mixin.py:190} INFO - [2024-11-28T00:00:47.000+0000] {dag.py:3239} INFO - Sync 1 DAGs
[2024-11-28T00:00:47.043+0000] {logging_mixin.py:190} INFO - [2024-11-28T00:00:47.042+0000] {dag.py:4180} INFO - Setting next_dagrun for example_task_group to None, run_after=None
[2024-11-28T00:00:47.090+0000] {processor.py:208} INFO - Processing /home/airflow/.local/lib/python3.12/site-packages/airflow/example_dags/example_task_group.py took 0.180 seconds
[2024-11-28T00:01:17.218+0000] {processor.py:186} INFO - Started process (PID=3064) to work on /home/airflow/.local/lib/python3.12/site-packages/airflow/example_dags/example_task_group.py
[2024-11-28T00:01:17.219+0000] {processor.py:914} INFO - Processing file /home/airflow/.local/lib/python3.12/site-packages/airflow/example_dags/example_task_group.py for tasks to queue
[2024-11-28T00:01:17.224+0000] {logging_mixin.py:190} INFO - [2024-11-28T00:01:17.223+0000] {dagbag.py:588} INFO - Filling up the DagBag from /home/airflow/.local/lib/python3.12/site-packages/airflow/example_dags/example_task_group.py
[2024-11-28T00:01:17.241+0000] {processor.py:925} INFO - DAG(s) 'example_task_group' retrieved from /home/airflow/.local/lib/python3.12/site-packages/airflow/example_dags/example_task_group.py
[2024-11-28T00:01:17.297+0000] {logging_mixin.py:190} INFO - [2024-11-28T00:01:17.296+0000] {dag.py:3239} INFO - Sync 1 DAGs
[2024-11-28T00:01:17.324+0000] {logging_mixin.py:190} INFO - [2024-11-28T00:01:17.323+0000] {dag.py:4180} INFO - Setting next_dagrun for example_task_group to None, run_after=None
[2024-11-28T00:01:17.364+0000] {processor.py:208} INFO - Processing /home/airflow/.local/lib/python3.12/site-packages/airflow/example_dags/example_task_group.py took 0.158 seconds
[2024-11-28T00:01:47.605+0000] {processor.py:186} INFO - Started process (PID=3128) to work on /home/airflow/.local/lib/python3.12/site-packages/airflow/example_dags/example_task_group.py
[2024-11-28T00:01:47.607+0000] {processor.py:914} INFO - Processing file /home/airflow/.local/lib/python3.12/site-packages/airflow/example_dags/example_task_group.py for tasks to queue
[2024-11-28T00:01:47.611+0000] {logging_mixin.py:190} INFO - [2024-11-28T00:01:47.610+0000] {dagbag.py:588} INFO - Filling up the DagBag from /home/airflow/.local/lib/python3.12/site-packages/airflow/example_dags/example_task_group.py
[2024-11-28T00:01:47.626+0000] {processor.py:925} INFO - DAG(s) 'example_task_group' retrieved from /home/airflow/.local/lib/python3.12/site-packages/airflow/example_dags/example_task_group.py
[2024-11-28T00:01:47.664+0000] {logging_mixin.py:190} INFO - [2024-11-28T00:01:47.664+0000] {dag.py:3239} INFO - Sync 1 DAGs
[2024-11-28T00:01:47.692+0000] {logging_mixin.py:190} INFO - [2024-11-28T00:01:47.692+0000] {dag.py:4180} INFO - Setting next_dagrun for example_task_group to None, run_after=None
[2024-11-28T00:01:47.727+0000] {processor.py:208} INFO - Processing /home/airflow/.local/lib/python3.12/site-packages/airflow/example_dags/example_task_group.py took 0.135 seconds
[2024-11-28T00:02:17.878+0000] {processor.py:186} INFO - Started process (PID=3192) to work on /home/airflow/.local/lib/python3.12/site-packages/airflow/example_dags/example_task_group.py
[2024-11-28T00:02:17.879+0000] {processor.py:914} INFO - Processing file /home/airflow/.local/lib/python3.12/site-packages/airflow/example_dags/example_task_group.py for tasks to queue
[2024-11-28T00:02:17.884+0000] {logging_mixin.py:190} INFO - [2024-11-28T00:02:17.883+0000] {dagbag.py:588} INFO - Filling up the DagBag from /home/airflow/.local/lib/python3.12/site-packages/airflow/example_dags/example_task_group.py
[2024-11-28T00:02:17.907+0000] {processor.py:925} INFO - DAG(s) 'example_task_group' retrieved from /home/airflow/.local/lib/python3.12/site-packages/airflow/example_dags/example_task_group.py
[2024-11-28T00:02:17.959+0000] {logging_mixin.py:190} INFO - [2024-11-28T00:02:17.959+0000] {dag.py:3239} INFO - Sync 1 DAGs
[2024-11-28T00:02:17.990+0000] {logging_mixin.py:190} INFO - [2024-11-28T00:02:17.990+0000] {dag.py:4180} INFO - Setting next_dagrun for example_task_group to None, run_after=None
[2024-11-28T00:02:18.034+0000] {processor.py:208} INFO - Processing /home/airflow/.local/lib/python3.12/site-packages/airflow/example_dags/example_task_group.py took 0.168 seconds
[2024-11-28T00:02:48.236+0000] {processor.py:186} INFO - Started process (PID=3256) to work on /home/airflow/.local/lib/python3.12/site-packages/airflow/example_dags/example_task_group.py
[2024-11-28T00:02:48.237+0000] {processor.py:914} INFO - Processing file /home/airflow/.local/lib/python3.12/site-packages/airflow/example_dags/example_task_group.py for tasks to queue
[2024-11-28T00:02:48.241+0000] {logging_mixin.py:190} INFO - [2024-11-28T00:02:48.240+0000] {dagbag.py:588} INFO - Filling up the DagBag from /home/airflow/.local/lib/python3.12/site-packages/airflow/example_dags/example_task_group.py
[2024-11-28T00:02:48.257+0000] {processor.py:925} INFO - DAG(s) 'example_task_group' retrieved from /home/airflow/.local/lib/python3.12/site-packages/airflow/example_dags/example_task_group.py
[2024-11-28T00:02:48.297+0000] {logging_mixin.py:190} INFO - [2024-11-28T00:02:48.297+0000] {dag.py:3239} INFO - Sync 1 DAGs
[2024-11-28T00:02:48.328+0000] {logging_mixin.py:190} INFO - [2024-11-28T00:02:48.327+0000] {dag.py:4180} INFO - Setting next_dagrun for example_task_group to None, run_after=None
[2024-11-28T00:02:48.367+0000] {processor.py:208} INFO - Processing /home/airflow/.local/lib/python3.12/site-packages/airflow/example_dags/example_task_group.py took 0.145 seconds
[2024-11-28T00:03:21.325+0000] {processor.py:186} INFO - Started process (PID=3319) to work on /home/airflow/.local/lib/python3.12/site-packages/airflow/example_dags/example_task_group.py
[2024-11-28T00:03:21.328+0000] {processor.py:914} INFO - Processing file /home/airflow/.local/lib/python3.12/site-packages/airflow/example_dags/example_task_group.py for tasks to queue
[2024-11-28T00:03:21.335+0000] {logging_mixin.py:190} INFO - [2024-11-28T00:03:21.334+0000] {dagbag.py:588} INFO - Filling up the DagBag from /home/airflow/.local/lib/python3.12/site-packages/airflow/example_dags/example_task_group.py
[2024-11-28T00:03:21.373+0000] {processor.py:925} INFO - DAG(s) 'example_task_group' retrieved from /home/airflow/.local/lib/python3.12/site-packages/airflow/example_dags/example_task_group.py
[2024-11-28T00:03:21.463+0000] {logging_mixin.py:190} INFO - [2024-11-28T00:03:21.462+0000] {dag.py:3239} INFO - Sync 1 DAGs
[2024-11-28T00:03:21.890+0000] {logging_mixin.py:190} INFO - [2024-11-28T00:03:21.889+0000] {dag.py:4180} INFO - Setting next_dagrun for example_task_group to None, run_after=None
[2024-11-28T00:03:21.927+0000] {processor.py:208} INFO - Processing /home/airflow/.local/lib/python3.12/site-packages/airflow/example_dags/example_task_group.py took 0.619 seconds
[2024-11-28T00:03:52.339+0000] {processor.py:186} INFO - Started process (PID=3383) to work on /home/airflow/.local/lib/python3.12/site-packages/airflow/example_dags/example_task_group.py
[2024-11-28T00:03:52.340+0000] {processor.py:914} INFO - Processing file /home/airflow/.local/lib/python3.12/site-packages/airflow/example_dags/example_task_group.py for tasks to queue
[2024-11-28T00:03:52.346+0000] {logging_mixin.py:190} INFO - [2024-11-28T00:03:52.345+0000] {dagbag.py:588} INFO - Filling up the DagBag from /home/airflow/.local/lib/python3.12/site-packages/airflow/example_dags/example_task_group.py
[2024-11-28T00:03:52.367+0000] {processor.py:925} INFO - DAG(s) 'example_task_group' retrieved from /home/airflow/.local/lib/python3.12/site-packages/airflow/example_dags/example_task_group.py
[2024-11-28T00:03:52.419+0000] {logging_mixin.py:190} INFO - [2024-11-28T00:03:52.418+0000] {dag.py:3239} INFO - Sync 1 DAGs
[2024-11-28T00:03:52.456+0000] {logging_mixin.py:190} INFO - [2024-11-28T00:03:52.455+0000] {dag.py:4180} INFO - Setting next_dagrun for example_task_group to None, run_after=None
[2024-11-28T00:03:52.498+0000] {processor.py:208} INFO - Processing /home/airflow/.local/lib/python3.12/site-packages/airflow/example_dags/example_task_group.py took 0.169 seconds
[2024-11-28T00:04:23.143+0000] {processor.py:186} INFO - Started process (PID=3447) to work on /home/airflow/.local/lib/python3.12/site-packages/airflow/example_dags/example_task_group.py
[2024-11-28T00:04:23.145+0000] {processor.py:914} INFO - Processing file /home/airflow/.local/lib/python3.12/site-packages/airflow/example_dags/example_task_group.py for tasks to queue
[2024-11-28T00:04:23.149+0000] {logging_mixin.py:190} INFO - [2024-11-28T00:04:23.149+0000] {dagbag.py:588} INFO - Filling up the DagBag from /home/airflow/.local/lib/python3.12/site-packages/airflow/example_dags/example_task_group.py
[2024-11-28T00:04:23.172+0000] {processor.py:925} INFO - DAG(s) 'example_task_group' retrieved from /home/airflow/.local/lib/python3.12/site-packages/airflow/example_dags/example_task_group.py
[2024-11-28T00:04:23.215+0000] {logging_mixin.py:190} INFO - [2024-11-28T00:04:23.215+0000] {dag.py:3239} INFO - Sync 1 DAGs
[2024-11-28T00:04:23.250+0000] {logging_mixin.py:190} INFO - [2024-11-28T00:04:23.249+0000] {dag.py:4180} INFO - Setting next_dagrun for example_task_group to None, run_after=None
[2024-11-28T00:04:23.300+0000] {processor.py:208} INFO - Processing /home/airflow/.local/lib/python3.12/site-packages/airflow/example_dags/example_task_group.py took 0.168 seconds
