[2024-11-28T00:00:23.799+0000] {processor.py:186} INFO - Started process (PID=2960) to work on /home/airflow/.local/lib/python3.12/site-packages/airflow/example_dags/example_dataset_alias.py
[2024-11-28T00:00:23.800+0000] {processor.py:914} INFO - Processing file /home/airflow/.local/lib/python3.12/site-packages/airflow/example_dags/example_dataset_alias.py for tasks to queue
[2024-11-28T00:00:23.806+0000] {logging_mixin.py:190} INFO - [2024-11-28T00:00:23.805+0000] {dagbag.py:588} INFO - Filling up the DagBag from /home/airflow/.local/lib/python3.12/site-packages/airflow/example_dags/example_dataset_alias.py
[2024-11-28T00:00:24.999+0000] {processor.py:925} INFO - DAG(s) 'dataset_alias_example_alias_producer', 'dataset_alias_example_alias_consumer', 'dataset_s3_bucket_consumer', 'dataset_s3_bucket_producer' retrieved from /home/airflow/.local/lib/python3.12/site-packages/airflow/example_dags/example_dataset_alias.py
[2024-11-28T00:00:25.041+0000] {logging_mixin.py:190} INFO - [2024-11-28T00:00:25.040+0000] {dag.py:3239} INFO - Sync 4 DAGs
[2024-11-28T00:00:25.086+0000] {logging_mixin.py:190} INFO - [2024-11-28T00:00:25.086+0000] {dag.py:4180} INFO - Setting next_dagrun for dataset_alias_example_alias_consumer to None, run_after=None
[2024-11-28T00:00:25.091+0000] {logging_mixin.py:190} INFO - [2024-11-28T00:00:25.091+0000] {dag.py:4180} INFO - Setting next_dagrun for dataset_alias_example_alias_producer to None, run_after=None
[2024-11-28T00:00:25.095+0000] {logging_mixin.py:190} INFO - [2024-11-28T00:00:25.094+0000] {dag.py:4180} INFO - Setting next_dagrun for dataset_s3_bucket_consumer to None, run_after=None
[2024-11-28T00:00:25.098+0000] {logging_mixin.py:190} INFO - [2024-11-28T00:00:25.097+0000] {dag.py:4180} INFO - Setting next_dagrun for dataset_s3_bucket_producer to None, run_after=None
[2024-11-28T00:00:25.137+0000] {processor.py:208} INFO - Processing /home/airflow/.local/lib/python3.12/site-packages/airflow/example_dags/example_dataset_alias.py took 1.350 seconds
[2024-11-28T00:00:55.353+0000] {processor.py:186} INFO - Started process (PID=3024) to work on /home/airflow/.local/lib/python3.12/site-packages/airflow/example_dags/example_dataset_alias.py
[2024-11-28T00:00:55.355+0000] {processor.py:914} INFO - Processing file /home/airflow/.local/lib/python3.12/site-packages/airflow/example_dags/example_dataset_alias.py for tasks to queue
[2024-11-28T00:00:55.360+0000] {logging_mixin.py:190} INFO - [2024-11-28T00:00:55.359+0000] {dagbag.py:588} INFO - Filling up the DagBag from /home/airflow/.local/lib/python3.12/site-packages/airflow/example_dags/example_dataset_alias.py
[2024-11-28T00:00:56.737+0000] {processor.py:925} INFO - DAG(s) 'dataset_alias_example_alias_producer', 'dataset_s3_bucket_producer', 'dataset_alias_example_alias_consumer', 'dataset_s3_bucket_consumer' retrieved from /home/airflow/.local/lib/python3.12/site-packages/airflow/example_dags/example_dataset_alias.py
[2024-11-28T00:00:56.792+0000] {logging_mixin.py:190} INFO - [2024-11-28T00:00:56.790+0000] {dag.py:3239} INFO - Sync 4 DAGs
[2024-11-28T00:00:56.839+0000] {logging_mixin.py:190} INFO - [2024-11-28T00:00:56.838+0000] {dag.py:4180} INFO - Setting next_dagrun for dataset_alias_example_alias_consumer to None, run_after=None
[2024-11-28T00:00:56.845+0000] {logging_mixin.py:190} INFO - [2024-11-28T00:00:56.844+0000] {dag.py:4180} INFO - Setting next_dagrun for dataset_alias_example_alias_producer to None, run_after=None
[2024-11-28T00:00:56.853+0000] {logging_mixin.py:190} INFO - [2024-11-28T00:00:56.852+0000] {dag.py:4180} INFO - Setting next_dagrun for dataset_s3_bucket_consumer to None, run_after=None
[2024-11-28T00:00:56.856+0000] {logging_mixin.py:190} INFO - [2024-11-28T00:00:56.855+0000] {dag.py:4180} INFO - Setting next_dagrun for dataset_s3_bucket_producer to None, run_after=None
[2024-11-28T00:00:56.901+0000] {processor.py:208} INFO - Processing /home/airflow/.local/lib/python3.12/site-packages/airflow/example_dags/example_dataset_alias.py took 1.560 seconds
[2024-11-28T00:01:27.088+0000] {processor.py:186} INFO - Started process (PID=3088) to work on /home/airflow/.local/lib/python3.12/site-packages/airflow/example_dags/example_dataset_alias.py
[2024-11-28T00:01:27.089+0000] {processor.py:914} INFO - Processing file /home/airflow/.local/lib/python3.12/site-packages/airflow/example_dags/example_dataset_alias.py for tasks to queue
[2024-11-28T00:01:27.094+0000] {logging_mixin.py:190} INFO - [2024-11-28T00:01:27.093+0000] {dagbag.py:588} INFO - Filling up the DagBag from /home/airflow/.local/lib/python3.12/site-packages/airflow/example_dags/example_dataset_alias.py
[2024-11-28T00:01:28.387+0000] {processor.py:925} INFO - DAG(s) 'dataset_s3_bucket_producer', 'dataset_s3_bucket_consumer', 'dataset_alias_example_alias_consumer', 'dataset_alias_example_alias_producer' retrieved from /home/airflow/.local/lib/python3.12/site-packages/airflow/example_dags/example_dataset_alias.py
[2024-11-28T00:01:28.442+0000] {logging_mixin.py:190} INFO - [2024-11-28T00:01:28.439+0000] {dag.py:3239} INFO - Sync 4 DAGs
[2024-11-28T00:01:28.498+0000] {logging_mixin.py:190} INFO - [2024-11-28T00:01:28.498+0000] {dag.py:4180} INFO - Setting next_dagrun for dataset_alias_example_alias_consumer to None, run_after=None
[2024-11-28T00:01:28.505+0000] {logging_mixin.py:190} INFO - [2024-11-28T00:01:28.505+0000] {dag.py:4180} INFO - Setting next_dagrun for dataset_alias_example_alias_producer to None, run_after=None
[2024-11-28T00:01:28.511+0000] {logging_mixin.py:190} INFO - [2024-11-28T00:01:28.509+0000] {dag.py:4180} INFO - Setting next_dagrun for dataset_s3_bucket_consumer to None, run_after=None
[2024-11-28T00:01:28.515+0000] {logging_mixin.py:190} INFO - [2024-11-28T00:01:28.514+0000] {dag.py:4180} INFO - Setting next_dagrun for dataset_s3_bucket_producer to None, run_after=None
[2024-11-28T00:01:28.568+0000] {processor.py:208} INFO - Processing /home/airflow/.local/lib/python3.12/site-packages/airflow/example_dags/example_dataset_alias.py took 1.491 seconds
[2024-11-28T00:01:59.123+0000] {processor.py:186} INFO - Started process (PID=3152) to work on /home/airflow/.local/lib/python3.12/site-packages/airflow/example_dags/example_dataset_alias.py
[2024-11-28T00:01:59.125+0000] {processor.py:914} INFO - Processing file /home/airflow/.local/lib/python3.12/site-packages/airflow/example_dags/example_dataset_alias.py for tasks to queue
[2024-11-28T00:01:59.131+0000] {logging_mixin.py:190} INFO - [2024-11-28T00:01:59.130+0000] {dagbag.py:588} INFO - Filling up the DagBag from /home/airflow/.local/lib/python3.12/site-packages/airflow/example_dags/example_dataset_alias.py
[2024-11-28T00:02:00.834+0000] {processor.py:925} INFO - DAG(s) 'dataset_alias_example_alias_producer', 'dataset_s3_bucket_producer', 'dataset_s3_bucket_consumer', 'dataset_alias_example_alias_consumer' retrieved from /home/airflow/.local/lib/python3.12/site-packages/airflow/example_dags/example_dataset_alias.py
[2024-11-28T00:02:00.929+0000] {logging_mixin.py:190} INFO - [2024-11-28T00:02:00.927+0000] {dag.py:3239} INFO - Sync 4 DAGs
[2024-11-28T00:02:01.003+0000] {logging_mixin.py:190} INFO - [2024-11-28T00:02:01.002+0000] {dag.py:4180} INFO - Setting next_dagrun for dataset_alias_example_alias_consumer to None, run_after=None
[2024-11-28T00:02:01.012+0000] {logging_mixin.py:190} INFO - [2024-11-28T00:02:01.012+0000] {dag.py:4180} INFO - Setting next_dagrun for dataset_alias_example_alias_producer to None, run_after=None
[2024-11-28T00:02:01.017+0000] {logging_mixin.py:190} INFO - [2024-11-28T00:02:01.016+0000] {dag.py:4180} INFO - Setting next_dagrun for dataset_s3_bucket_consumer to None, run_after=None
[2024-11-28T00:02:01.022+0000] {logging_mixin.py:190} INFO - [2024-11-28T00:02:01.022+0000] {dag.py:4180} INFO - Setting next_dagrun for dataset_s3_bucket_producer to None, run_after=None
[2024-11-28T00:02:01.090+0000] {processor.py:208} INFO - Processing /home/airflow/.local/lib/python3.12/site-packages/airflow/example_dags/example_dataset_alias.py took 1.981 seconds
[2024-11-28T00:02:31.300+0000] {processor.py:186} INFO - Started process (PID=3216) to work on /home/airflow/.local/lib/python3.12/site-packages/airflow/example_dags/example_dataset_alias.py
[2024-11-28T00:02:31.302+0000] {processor.py:914} INFO - Processing file /home/airflow/.local/lib/python3.12/site-packages/airflow/example_dags/example_dataset_alias.py for tasks to queue
[2024-11-28T00:02:31.308+0000] {logging_mixin.py:190} INFO - [2024-11-28T00:02:31.307+0000] {dagbag.py:588} INFO - Filling up the DagBag from /home/airflow/.local/lib/python3.12/site-packages/airflow/example_dags/example_dataset_alias.py
[2024-11-28T00:02:32.665+0000] {processor.py:925} INFO - DAG(s) 'dataset_alias_example_alias_consumer', 'dataset_s3_bucket_producer', 'dataset_s3_bucket_consumer', 'dataset_alias_example_alias_producer' retrieved from /home/airflow/.local/lib/python3.12/site-packages/airflow/example_dags/example_dataset_alias.py
[2024-11-28T00:02:32.725+0000] {logging_mixin.py:190} INFO - [2024-11-28T00:02:32.724+0000] {dag.py:3239} INFO - Sync 4 DAGs
[2024-11-28T00:02:32.789+0000] {logging_mixin.py:190} INFO - [2024-11-28T00:02:32.789+0000] {dag.py:4180} INFO - Setting next_dagrun for dataset_alias_example_alias_consumer to None, run_after=None
[2024-11-28T00:02:32.797+0000] {logging_mixin.py:190} INFO - [2024-11-28T00:02:32.796+0000] {dag.py:4180} INFO - Setting next_dagrun for dataset_alias_example_alias_producer to None, run_after=None
[2024-11-28T00:02:32.801+0000] {logging_mixin.py:190} INFO - [2024-11-28T00:02:32.801+0000] {dag.py:4180} INFO - Setting next_dagrun for dataset_s3_bucket_consumer to None, run_after=None
[2024-11-28T00:02:32.805+0000] {logging_mixin.py:190} INFO - [2024-11-28T00:02:32.804+0000] {dag.py:4180} INFO - Setting next_dagrun for dataset_s3_bucket_producer to None, run_after=None
[2024-11-28T00:02:32.858+0000] {processor.py:208} INFO - Processing /home/airflow/.local/lib/python3.12/site-packages/airflow/example_dags/example_dataset_alias.py took 1.575 seconds
[2024-11-28T00:03:03.897+0000] {processor.py:186} INFO - Started process (PID=3281) to work on /home/airflow/.local/lib/python3.12/site-packages/airflow/example_dags/example_dataset_alias.py
[2024-11-28T00:03:03.899+0000] {processor.py:914} INFO - Processing file /home/airflow/.local/lib/python3.12/site-packages/airflow/example_dags/example_dataset_alias.py for tasks to queue
[2024-11-28T00:03:03.903+0000] {logging_mixin.py:190} INFO - [2024-11-28T00:03:03.902+0000] {dagbag.py:588} INFO - Filling up the DagBag from /home/airflow/.local/lib/python3.12/site-packages/airflow/example_dags/example_dataset_alias.py
[2024-11-28T00:03:05.386+0000] {processor.py:925} INFO - DAG(s) 'dataset_alias_example_alias_consumer', 'dataset_alias_example_alias_producer', 'dataset_s3_bucket_producer', 'dataset_s3_bucket_consumer' retrieved from /home/airflow/.local/lib/python3.12/site-packages/airflow/example_dags/example_dataset_alias.py
[2024-11-28T00:03:05.481+0000] {logging_mixin.py:190} INFO - [2024-11-28T00:03:05.472+0000] {dag.py:3239} INFO - Sync 4 DAGs
[2024-11-28T00:03:05.548+0000] {logging_mixin.py:190} INFO - [2024-11-28T00:03:05.548+0000] {dag.py:4180} INFO - Setting next_dagrun for dataset_alias_example_alias_consumer to None, run_after=None
[2024-11-28T00:03:05.558+0000] {logging_mixin.py:190} INFO - [2024-11-28T00:03:05.557+0000] {dag.py:4180} INFO - Setting next_dagrun for dataset_alias_example_alias_producer to None, run_after=None
[2024-11-28T00:03:05.562+0000] {logging_mixin.py:190} INFO - [2024-11-28T00:03:05.562+0000] {dag.py:4180} INFO - Setting next_dagrun for dataset_s3_bucket_consumer to None, run_after=None
[2024-11-28T00:03:05.566+0000] {logging_mixin.py:190} INFO - [2024-11-28T00:03:05.566+0000] {dag.py:4180} INFO - Setting next_dagrun for dataset_s3_bucket_producer to None, run_after=None
[2024-11-28T00:03:05.623+0000] {processor.py:208} INFO - Processing /home/airflow/.local/lib/python3.12/site-packages/airflow/example_dags/example_dataset_alias.py took 1.738 seconds
[2024-11-28T00:03:36.254+0000] {processor.py:186} INFO - Started process (PID=3350) to work on /home/airflow/.local/lib/python3.12/site-packages/airflow/example_dags/example_dataset_alias.py
[2024-11-28T00:03:36.256+0000] {processor.py:914} INFO - Processing file /home/airflow/.local/lib/python3.12/site-packages/airflow/example_dags/example_dataset_alias.py for tasks to queue
[2024-11-28T00:03:36.261+0000] {logging_mixin.py:190} INFO - [2024-11-28T00:03:36.260+0000] {dagbag.py:588} INFO - Filling up the DagBag from /home/airflow/.local/lib/python3.12/site-packages/airflow/example_dags/example_dataset_alias.py
[2024-11-28T00:03:37.351+0000] {processor.py:925} INFO - DAG(s) 'dataset_alias_example_alias_consumer', 'dataset_s3_bucket_consumer', 'dataset_alias_example_alias_producer', 'dataset_s3_bucket_producer' retrieved from /home/airflow/.local/lib/python3.12/site-packages/airflow/example_dags/example_dataset_alias.py
[2024-11-28T00:03:37.398+0000] {logging_mixin.py:190} INFO - [2024-11-28T00:03:37.397+0000] {dag.py:3239} INFO - Sync 4 DAGs
[2024-11-28T00:03:37.447+0000] {logging_mixin.py:190} INFO - [2024-11-28T00:03:37.446+0000] {dag.py:4180} INFO - Setting next_dagrun for dataset_alias_example_alias_consumer to None, run_after=None
[2024-11-28T00:03:37.453+0000] {logging_mixin.py:190} INFO - [2024-11-28T00:03:37.452+0000] {dag.py:4180} INFO - Setting next_dagrun for dataset_alias_example_alias_producer to None, run_after=None
[2024-11-28T00:03:37.456+0000] {logging_mixin.py:190} INFO - [2024-11-28T00:03:37.456+0000] {dag.py:4180} INFO - Setting next_dagrun for dataset_s3_bucket_consumer to None, run_after=None
[2024-11-28T00:03:37.460+0000] {logging_mixin.py:190} INFO - [2024-11-28T00:03:37.459+0000] {dag.py:4180} INFO - Setting next_dagrun for dataset_s3_bucket_producer to None, run_after=None
[2024-11-28T00:03:37.502+0000] {processor.py:208} INFO - Processing /home/airflow/.local/lib/python3.12/site-packages/airflow/example_dags/example_dataset_alias.py took 1.262 seconds
[2024-11-28T00:04:07.889+0000] {processor.py:186} INFO - Started process (PID=3414) to work on /home/airflow/.local/lib/python3.12/site-packages/airflow/example_dags/example_dataset_alias.py
[2024-11-28T00:04:07.890+0000] {processor.py:914} INFO - Processing file /home/airflow/.local/lib/python3.12/site-packages/airflow/example_dags/example_dataset_alias.py for tasks to queue
[2024-11-28T00:04:07.894+0000] {logging_mixin.py:190} INFO - [2024-11-28T00:04:07.894+0000] {dagbag.py:588} INFO - Filling up the DagBag from /home/airflow/.local/lib/python3.12/site-packages/airflow/example_dags/example_dataset_alias.py
[2024-11-28T00:04:08.998+0000] {processor.py:925} INFO - DAG(s) 'dataset_s3_bucket_producer', 'dataset_alias_example_alias_consumer', 'dataset_s3_bucket_consumer', 'dataset_alias_example_alias_producer' retrieved from /home/airflow/.local/lib/python3.12/site-packages/airflow/example_dags/example_dataset_alias.py
[2024-11-28T00:04:09.048+0000] {logging_mixin.py:190} INFO - [2024-11-28T00:04:09.046+0000] {dag.py:3239} INFO - Sync 4 DAGs
[2024-11-28T00:04:09.098+0000] {logging_mixin.py:190} INFO - [2024-11-28T00:04:09.098+0000] {dag.py:4180} INFO - Setting next_dagrun for dataset_alias_example_alias_consumer to None, run_after=None
[2024-11-28T00:04:09.104+0000] {logging_mixin.py:190} INFO - [2024-11-28T00:04:09.104+0000] {dag.py:4180} INFO - Setting next_dagrun for dataset_alias_example_alias_producer to None, run_after=None
[2024-11-28T00:04:09.108+0000] {logging_mixin.py:190} INFO - [2024-11-28T00:04:09.108+0000] {dag.py:4180} INFO - Setting next_dagrun for dataset_s3_bucket_consumer to None, run_after=None
[2024-11-28T00:04:09.112+0000] {logging_mixin.py:190} INFO - [2024-11-28T00:04:09.112+0000] {dag.py:4180} INFO - Setting next_dagrun for dataset_s3_bucket_producer to None, run_after=None
[2024-11-28T00:04:09.160+0000] {processor.py:208} INFO - Processing /home/airflow/.local/lib/python3.12/site-packages/airflow/example_dags/example_dataset_alias.py took 1.282 seconds
[2024-11-28T00:04:39.505+0000] {processor.py:186} INFO - Started process (PID=3477) to work on /home/airflow/.local/lib/python3.12/site-packages/airflow/example_dags/example_dataset_alias.py
[2024-11-28T00:04:39.507+0000] {processor.py:914} INFO - Processing file /home/airflow/.local/lib/python3.12/site-packages/airflow/example_dags/example_dataset_alias.py for tasks to queue
[2024-11-28T00:04:39.510+0000] {logging_mixin.py:190} INFO - [2024-11-28T00:04:39.510+0000] {dagbag.py:588} INFO - Filling up the DagBag from /home/airflow/.local/lib/python3.12/site-packages/airflow/example_dags/example_dataset_alias.py
[2024-11-28T00:04:40.765+0000] {processor.py:925} INFO - DAG(s) 'dataset_s3_bucket_consumer', 'dataset_alias_example_alias_consumer', 'dataset_alias_example_alias_producer', 'dataset_s3_bucket_producer' retrieved from /home/airflow/.local/lib/python3.12/site-packages/airflow/example_dags/example_dataset_alias.py
[2024-11-28T00:04:40.819+0000] {logging_mixin.py:190} INFO - [2024-11-28T00:04:40.817+0000] {dag.py:3239} INFO - Sync 4 DAGs
[2024-11-28T00:04:40.877+0000] {logging_mixin.py:190} INFO - [2024-11-28T00:04:40.876+0000] {dag.py:4180} INFO - Setting next_dagrun for dataset_alias_example_alias_consumer to None, run_after=None
[2024-11-28T00:04:40.884+0000] {logging_mixin.py:190} INFO - [2024-11-28T00:04:40.883+0000] {dag.py:4180} INFO - Setting next_dagrun for dataset_alias_example_alias_producer to None, run_after=None
[2024-11-28T00:04:40.892+0000] {logging_mixin.py:190} INFO - [2024-11-28T00:04:40.892+0000] {dag.py:4180} INFO - Setting next_dagrun for dataset_s3_bucket_consumer to None, run_after=None
[2024-11-28T00:04:40.896+0000] {logging_mixin.py:190} INFO - [2024-11-28T00:04:40.895+0000] {dag.py:4180} INFO - Setting next_dagrun for dataset_s3_bucket_producer to None, run_after=None
[2024-11-28T00:04:40.952+0000] {processor.py:208} INFO - Processing /home/airflow/.local/lib/python3.12/site-packages/airflow/example_dags/example_dataset_alias.py took 1.461 seconds
