[2024-11-28T00:00:18.565+0000] {processor.py:186} INFO - Started process (PID=2951) to work on /home/airflow/.local/lib/python3.12/site-packages/airflow/example_dags/example_bash_operator.py
[2024-11-28T00:00:18.567+0000] {processor.py:914} INFO - Processing file /home/airflow/.local/lib/python3.12/site-packages/airflow/example_dags/example_bash_operator.py for tasks to queue
[2024-11-28T00:00:18.572+0000] {logging_mixin.py:190} INFO - [2024-11-28T00:00:18.571+0000] {dagbag.py:588} INFO - Filling up the DagBag from /home/airflow/.local/lib/python3.12/site-packages/airflow/example_dags/example_bash_operator.py
[2024-11-28T00:00:18.610+0000] {processor.py:925} INFO - DAG(s) 'example_bash_operator' retrieved from /home/airflow/.local/lib/python3.12/site-packages/airflow/example_dags/example_bash_operator.py
[2024-11-28T00:00:18.675+0000] {logging_mixin.py:190} INFO - [2024-11-28T00:00:18.674+0000] {dag.py:3239} INFO - Sync 1 DAGs
[2024-11-28T00:00:18.734+0000] {logging_mixin.py:190} INFO - [2024-11-28T00:00:18.733+0000] {dag.py:4180} INFO - Setting next_dagrun for example_bash_operator to 2024-11-27 00:00:00+00:00, run_after=2024-11-28 00:00:00+00:00
[2024-11-28T00:00:18.789+0000] {processor.py:208} INFO - Processing /home/airflow/.local/lib/python3.12/site-packages/airflow/example_dags/example_bash_operator.py took 0.237 seconds
[2024-11-28T00:00:50.261+0000] {processor.py:186} INFO - Started process (PID=3015) to work on /home/airflow/.local/lib/python3.12/site-packages/airflow/example_dags/example_bash_operator.py
[2024-11-28T00:00:50.263+0000] {processor.py:914} INFO - Processing file /home/airflow/.local/lib/python3.12/site-packages/airflow/example_dags/example_bash_operator.py for tasks to queue
[2024-11-28T00:00:50.268+0000] {logging_mixin.py:190} INFO - [2024-11-28T00:00:50.267+0000] {dagbag.py:588} INFO - Filling up the DagBag from /home/airflow/.local/lib/python3.12/site-packages/airflow/example_dags/example_bash_operator.py
[2024-11-28T00:00:50.296+0000] {processor.py:925} INFO - DAG(s) 'example_bash_operator' retrieved from /home/airflow/.local/lib/python3.12/site-packages/airflow/example_dags/example_bash_operator.py
[2024-11-28T00:00:50.358+0000] {logging_mixin.py:190} INFO - [2024-11-28T00:00:50.358+0000] {dag.py:3239} INFO - Sync 1 DAGs
[2024-11-28T00:00:50.423+0000] {logging_mixin.py:190} INFO - [2024-11-28T00:00:50.423+0000] {dag.py:4180} INFO - Setting next_dagrun for example_bash_operator to 2024-11-27 00:00:00+00:00, run_after=2024-11-28 00:00:00+00:00
[2024-11-28T00:00:50.467+0000] {processor.py:208} INFO - Processing /home/airflow/.local/lib/python3.12/site-packages/airflow/example_dags/example_bash_operator.py took 0.220 seconds
[2024-11-28T00:01:22.104+0000] {processor.py:186} INFO - Started process (PID=3079) to work on /home/airflow/.local/lib/python3.12/site-packages/airflow/example_dags/example_bash_operator.py
[2024-11-28T00:01:22.106+0000] {processor.py:914} INFO - Processing file /home/airflow/.local/lib/python3.12/site-packages/airflow/example_dags/example_bash_operator.py for tasks to queue
[2024-11-28T00:01:22.111+0000] {logging_mixin.py:190} INFO - [2024-11-28T00:01:22.110+0000] {dagbag.py:588} INFO - Filling up the DagBag from /home/airflow/.local/lib/python3.12/site-packages/airflow/example_dags/example_bash_operator.py
[2024-11-28T00:01:22.142+0000] {processor.py:925} INFO - DAG(s) 'example_bash_operator' retrieved from /home/airflow/.local/lib/python3.12/site-packages/airflow/example_dags/example_bash_operator.py
[2024-11-28T00:01:22.204+0000] {logging_mixin.py:190} INFO - [2024-11-28T00:01:22.203+0000] {dag.py:3239} INFO - Sync 1 DAGs
[2024-11-28T00:01:22.265+0000] {logging_mixin.py:190} INFO - [2024-11-28T00:01:22.264+0000] {dag.py:4180} INFO - Setting next_dagrun for example_bash_operator to 2024-11-27 00:00:00+00:00, run_after=2024-11-28 00:00:00+00:00
[2024-11-28T00:01:22.681+0000] {processor.py:208} INFO - Processing /home/airflow/.local/lib/python3.12/site-packages/airflow/example_dags/example_bash_operator.py took 0.591 seconds
[2024-11-28T00:01:53.218+0000] {processor.py:186} INFO - Started process (PID=3143) to work on /home/airflow/.local/lib/python3.12/site-packages/airflow/example_dags/example_bash_operator.py
[2024-11-28T00:01:53.220+0000] {processor.py:914} INFO - Processing file /home/airflow/.local/lib/python3.12/site-packages/airflow/example_dags/example_bash_operator.py for tasks to queue
[2024-11-28T00:01:53.225+0000] {logging_mixin.py:190} INFO - [2024-11-28T00:01:53.224+0000] {dagbag.py:588} INFO - Filling up the DagBag from /home/airflow/.local/lib/python3.12/site-packages/airflow/example_dags/example_bash_operator.py
[2024-11-28T00:01:53.257+0000] {processor.py:925} INFO - DAG(s) 'example_bash_operator' retrieved from /home/airflow/.local/lib/python3.12/site-packages/airflow/example_dags/example_bash_operator.py
[2024-11-28T00:01:53.329+0000] {logging_mixin.py:190} INFO - [2024-11-28T00:01:53.328+0000] {dag.py:3239} INFO - Sync 1 DAGs
[2024-11-28T00:01:53.379+0000] {logging_mixin.py:190} INFO - [2024-11-28T00:01:53.379+0000] {dag.py:4180} INFO - Setting next_dagrun for example_bash_operator to 2024-11-27 00:00:00+00:00, run_after=2024-11-28 00:00:00+00:00
[2024-11-28T00:01:53.884+0000] {processor.py:208} INFO - Processing /home/airflow/.local/lib/python3.12/site-packages/airflow/example_dags/example_bash_operator.py took 0.679 seconds
[2024-11-28T00:02:24.549+0000] {processor.py:186} INFO - Started process (PID=3207) to work on /home/airflow/.local/lib/python3.12/site-packages/airflow/example_dags/example_bash_operator.py
[2024-11-28T00:02:24.551+0000] {processor.py:914} INFO - Processing file /home/airflow/.local/lib/python3.12/site-packages/airflow/example_dags/example_bash_operator.py for tasks to queue
[2024-11-28T00:02:24.555+0000] {logging_mixin.py:190} INFO - [2024-11-28T00:02:24.555+0000] {dagbag.py:588} INFO - Filling up the DagBag from /home/airflow/.local/lib/python3.12/site-packages/airflow/example_dags/example_bash_operator.py
[2024-11-28T00:02:24.584+0000] {processor.py:925} INFO - DAG(s) 'example_bash_operator' retrieved from /home/airflow/.local/lib/python3.12/site-packages/airflow/example_dags/example_bash_operator.py
[2024-11-28T00:02:24.657+0000] {logging_mixin.py:190} INFO - [2024-11-28T00:02:24.656+0000] {dag.py:3239} INFO - Sync 1 DAGs
[2024-11-28T00:02:24.719+0000] {logging_mixin.py:190} INFO - [2024-11-28T00:02:24.718+0000] {dag.py:4180} INFO - Setting next_dagrun for example_bash_operator to 2024-11-27 00:00:00+00:00, run_after=2024-11-28 00:00:00+00:00
[2024-11-28T00:02:24.768+0000] {processor.py:208} INFO - Processing /home/airflow/.local/lib/python3.12/site-packages/airflow/example_dags/example_bash_operator.py took 0.231 seconds
[2024-11-28T00:02:54.863+0000] {processor.py:186} INFO - Started process (PID=3270) to work on /home/airflow/.local/lib/python3.12/site-packages/airflow/example_dags/example_bash_operator.py
[2024-11-28T00:02:54.865+0000] {processor.py:914} INFO - Processing file /home/airflow/.local/lib/python3.12/site-packages/airflow/example_dags/example_bash_operator.py for tasks to queue
[2024-11-28T00:02:54.871+0000] {logging_mixin.py:190} INFO - [2024-11-28T00:02:54.870+0000] {dagbag.py:588} INFO - Filling up the DagBag from /home/airflow/.local/lib/python3.12/site-packages/airflow/example_dags/example_bash_operator.py
[2024-11-28T00:02:54.896+0000] {processor.py:925} INFO - DAG(s) 'example_bash_operator' retrieved from /home/airflow/.local/lib/python3.12/site-packages/airflow/example_dags/example_bash_operator.py
[2024-11-28T00:02:54.960+0000] {logging_mixin.py:190} INFO - [2024-11-28T00:02:54.959+0000] {dag.py:3239} INFO - Sync 1 DAGs
[2024-11-28T00:02:55.011+0000] {logging_mixin.py:190} INFO - [2024-11-28T00:02:55.010+0000] {dag.py:4180} INFO - Setting next_dagrun for example_bash_operator to 2024-11-27 00:00:00+00:00, run_after=2024-11-28 00:00:00+00:00
[2024-11-28T00:02:55.047+0000] {processor.py:208} INFO - Processing /home/airflow/.local/lib/python3.12/site-packages/airflow/example_dags/example_bash_operator.py took 0.196 seconds
[2024-11-28T00:03:25.979+0000] {processor.py:186} INFO - Started process (PID=3333) to work on /home/airflow/.local/lib/python3.12/site-packages/airflow/example_dags/example_bash_operator.py
[2024-11-28T00:03:25.981+0000] {processor.py:914} INFO - Processing file /home/airflow/.local/lib/python3.12/site-packages/airflow/example_dags/example_bash_operator.py for tasks to queue
[2024-11-28T00:03:25.985+0000] {logging_mixin.py:190} INFO - [2024-11-28T00:03:25.984+0000] {dagbag.py:588} INFO - Filling up the DagBag from /home/airflow/.local/lib/python3.12/site-packages/airflow/example_dags/example_bash_operator.py
[2024-11-28T00:03:26.010+0000] {processor.py:925} INFO - DAG(s) 'example_bash_operator' retrieved from /home/airflow/.local/lib/python3.12/site-packages/airflow/example_dags/example_bash_operator.py
[2024-11-28T00:03:26.067+0000] {logging_mixin.py:190} INFO - [2024-11-28T00:03:26.067+0000] {dag.py:3239} INFO - Sync 1 DAGs
[2024-11-28T00:03:26.458+0000] {logging_mixin.py:190} INFO - [2024-11-28T00:03:26.457+0000] {dag.py:4180} INFO - Setting next_dagrun for example_bash_operator to 2024-11-27 00:00:00+00:00, run_after=2024-11-28 00:00:00+00:00
[2024-11-28T00:03:26.505+0000] {processor.py:208} INFO - Processing /home/airflow/.local/lib/python3.12/site-packages/airflow/example_dags/example_bash_operator.py took 0.539 seconds
[2024-11-28T00:03:57.075+0000] {processor.py:186} INFO - Started process (PID=3396) to work on /home/airflow/.local/lib/python3.12/site-packages/airflow/example_dags/example_bash_operator.py
[2024-11-28T00:03:57.076+0000] {processor.py:914} INFO - Processing file /home/airflow/.local/lib/python3.12/site-packages/airflow/example_dags/example_bash_operator.py for tasks to queue
[2024-11-28T00:03:57.080+0000] {logging_mixin.py:190} INFO - [2024-11-28T00:03:57.079+0000] {dagbag.py:588} INFO - Filling up the DagBag from /home/airflow/.local/lib/python3.12/site-packages/airflow/example_dags/example_bash_operator.py
[2024-11-28T00:03:57.107+0000] {processor.py:925} INFO - DAG(s) 'example_bash_operator' retrieved from /home/airflow/.local/lib/python3.12/site-packages/airflow/example_dags/example_bash_operator.py
[2024-11-28T00:03:57.175+0000] {logging_mixin.py:190} INFO - [2024-11-28T00:03:57.174+0000] {dag.py:3239} INFO - Sync 1 DAGs
[2024-11-28T00:03:57.682+0000] {logging_mixin.py:190} INFO - [2024-11-28T00:03:57.681+0000] {dag.py:4180} INFO - Setting next_dagrun for example_bash_operator to 2024-11-27 00:00:00+00:00, run_after=2024-11-28 00:00:00+00:00
[2024-11-28T00:03:57.722+0000] {processor.py:208} INFO - Processing /home/airflow/.local/lib/python3.12/site-packages/airflow/example_dags/example_bash_operator.py took 0.658 seconds
[2024-11-28T00:04:27.863+0000] {processor.py:186} INFO - Started process (PID=3460) to work on /home/airflow/.local/lib/python3.12/site-packages/airflow/example_dags/example_bash_operator.py
[2024-11-28T00:04:27.864+0000] {processor.py:914} INFO - Processing file /home/airflow/.local/lib/python3.12/site-packages/airflow/example_dags/example_bash_operator.py for tasks to queue
[2024-11-28T00:04:27.870+0000] {logging_mixin.py:190} INFO - [2024-11-28T00:04:27.869+0000] {dagbag.py:588} INFO - Filling up the DagBag from /home/airflow/.local/lib/python3.12/site-packages/airflow/example_dags/example_bash_operator.py
[2024-11-28T00:04:27.898+0000] {processor.py:925} INFO - DAG(s) 'example_bash_operator' retrieved from /home/airflow/.local/lib/python3.12/site-packages/airflow/example_dags/example_bash_operator.py
[2024-11-28T00:04:27.955+0000] {logging_mixin.py:190} INFO - [2024-11-28T00:04:27.955+0000] {dag.py:3239} INFO - Sync 1 DAGs
[2024-11-28T00:04:28.011+0000] {logging_mixin.py:190} INFO - [2024-11-28T00:04:28.011+0000] {dag.py:4180} INFO - Setting next_dagrun for example_bash_operator to 2024-11-27 00:00:00+00:00, run_after=2024-11-28 00:00:00+00:00
[2024-11-28T00:04:28.380+0000] {processor.py:208} INFO - Processing /home/airflow/.local/lib/python3.12/site-packages/airflow/example_dags/example_bash_operator.py took 0.530 seconds
