[2024-11-28T00:00:19.208+0000] {processor.py:186} INFO - Started process (PID=2956) to work on /home/airflow/.local/lib/python3.12/site-packages/airflow/example_dags/example_branch_day_of_week_operator.py
[2024-11-28T00:00:19.209+0000] {processor.py:914} INFO - Processing file /home/airflow/.local/lib/python3.12/site-packages/airflow/example_dags/example_branch_day_of_week_operator.py for tasks to queue
[2024-11-28T00:00:19.214+0000] {logging_mixin.py:190} INFO - [2024-11-28T00:00:19.213+0000] {dagbag.py:588} INFO - Filling up the DagBag from /home/airflow/.local/lib/python3.12/site-packages/airflow/example_dags/example_branch_day_of_week_operator.py
[2024-11-28T00:00:19.235+0000] {processor.py:925} INFO - DAG(s) 'example_weekday_branch_operator' retrieved from /home/airflow/.local/lib/python3.12/site-packages/airflow/example_dags/example_branch_day_of_week_operator.py
[2024-11-28T00:00:19.275+0000] {logging_mixin.py:190} INFO - [2024-11-28T00:00:19.275+0000] {dag.py:3239} INFO - Sync 1 DAGs
[2024-11-28T00:00:19.329+0000] {logging_mixin.py:190} INFO - [2024-11-28T00:00:19.328+0000] {dag.py:4180} INFO - Setting next_dagrun for example_weekday_branch_operator to 2024-11-27 00:00:00+00:00, run_after=2024-11-28 00:00:00+00:00
[2024-11-28T00:00:19.375+0000] {processor.py:208} INFO - Processing /home/airflow/.local/lib/python3.12/site-packages/airflow/example_dags/example_branch_day_of_week_operator.py took 0.181 seconds
[2024-11-28T00:00:50.984+0000] {processor.py:186} INFO - Started process (PID=3020) to work on /home/airflow/.local/lib/python3.12/site-packages/airflow/example_dags/example_branch_day_of_week_operator.py
[2024-11-28T00:00:50.986+0000] {processor.py:914} INFO - Processing file /home/airflow/.local/lib/python3.12/site-packages/airflow/example_dags/example_branch_day_of_week_operator.py for tasks to queue
[2024-11-28T00:00:50.990+0000] {logging_mixin.py:190} INFO - [2024-11-28T00:00:50.990+0000] {dagbag.py:588} INFO - Filling up the DagBag from /home/airflow/.local/lib/python3.12/site-packages/airflow/example_dags/example_branch_day_of_week_operator.py
[2024-11-28T00:00:51.010+0000] {processor.py:925} INFO - DAG(s) 'example_weekday_branch_operator' retrieved from /home/airflow/.local/lib/python3.12/site-packages/airflow/example_dags/example_branch_day_of_week_operator.py
[2024-11-28T00:00:51.053+0000] {logging_mixin.py:190} INFO - [2024-11-28T00:00:51.053+0000] {dag.py:3239} INFO - Sync 1 DAGs
[2024-11-28T00:00:51.115+0000] {logging_mixin.py:190} INFO - [2024-11-28T00:00:51.114+0000] {dag.py:4180} INFO - Setting next_dagrun for example_weekday_branch_operator to 2024-11-27 00:00:00+00:00, run_after=2024-11-28 00:00:00+00:00
[2024-11-28T00:00:51.157+0000] {processor.py:208} INFO - Processing /home/airflow/.local/lib/python3.12/site-packages/airflow/example_dags/example_branch_day_of_week_operator.py took 0.183 seconds
[2024-11-28T00:01:23.341+0000] {processor.py:186} INFO - Started process (PID=3084) to work on /home/airflow/.local/lib/python3.12/site-packages/airflow/example_dags/example_branch_day_of_week_operator.py
[2024-11-28T00:01:23.342+0000] {processor.py:914} INFO - Processing file /home/airflow/.local/lib/python3.12/site-packages/airflow/example_dags/example_branch_day_of_week_operator.py for tasks to queue
[2024-11-28T00:01:23.348+0000] {logging_mixin.py:190} INFO - [2024-11-28T00:01:23.347+0000] {dagbag.py:588} INFO - Filling up the DagBag from /home/airflow/.local/lib/python3.12/site-packages/airflow/example_dags/example_branch_day_of_week_operator.py
[2024-11-28T00:01:23.373+0000] {processor.py:925} INFO - DAG(s) 'example_weekday_branch_operator' retrieved from /home/airflow/.local/lib/python3.12/site-packages/airflow/example_dags/example_branch_day_of_week_operator.py
[2024-11-28T00:01:23.416+0000] {logging_mixin.py:190} INFO - [2024-11-28T00:01:23.416+0000] {dag.py:3239} INFO - Sync 1 DAGs
[2024-11-28T00:01:23.481+0000] {logging_mixin.py:190} INFO - [2024-11-28T00:01:23.480+0000] {dag.py:4180} INFO - Setting next_dagrun for example_weekday_branch_operator to 2024-11-27 00:00:00+00:00, run_after=2024-11-28 00:00:00+00:00
[2024-11-28T00:01:23.957+0000] {processor.py:208} INFO - Processing /home/airflow/.local/lib/python3.12/site-packages/airflow/example_dags/example_branch_day_of_week_operator.py took 0.628 seconds
[2024-11-28T00:01:54.752+0000] {processor.py:186} INFO - Started process (PID=3148) to work on /home/airflow/.local/lib/python3.12/site-packages/airflow/example_dags/example_branch_day_of_week_operator.py
[2024-11-28T00:01:54.754+0000] {processor.py:914} INFO - Processing file /home/airflow/.local/lib/python3.12/site-packages/airflow/example_dags/example_branch_day_of_week_operator.py for tasks to queue
[2024-11-28T00:01:54.759+0000] {logging_mixin.py:190} INFO - [2024-11-28T00:01:54.759+0000] {dagbag.py:588} INFO - Filling up the DagBag from /home/airflow/.local/lib/python3.12/site-packages/airflow/example_dags/example_branch_day_of_week_operator.py
[2024-11-28T00:01:54.780+0000] {processor.py:925} INFO - DAG(s) 'example_weekday_branch_operator' retrieved from /home/airflow/.local/lib/python3.12/site-packages/airflow/example_dags/example_branch_day_of_week_operator.py
[2024-11-28T00:01:54.829+0000] {logging_mixin.py:190} INFO - [2024-11-28T00:01:54.828+0000] {dag.py:3239} INFO - Sync 1 DAGs
[2024-11-28T00:01:54.895+0000] {logging_mixin.py:190} INFO - [2024-11-28T00:01:54.894+0000] {dag.py:4180} INFO - Setting next_dagrun for example_weekday_branch_operator to 2024-11-27 00:00:00+00:00, run_after=2024-11-28 00:00:00+00:00
[2024-11-28T00:01:54.964+0000] {processor.py:208} INFO - Processing /home/airflow/.local/lib/python3.12/site-packages/airflow/example_dags/example_branch_day_of_week_operator.py took 0.227 seconds
[2024-11-28T00:02:25.731+0000] {processor.py:186} INFO - Started process (PID=3212) to work on /home/airflow/.local/lib/python3.12/site-packages/airflow/example_dags/example_branch_day_of_week_operator.py
[2024-11-28T00:02:25.733+0000] {processor.py:914} INFO - Processing file /home/airflow/.local/lib/python3.12/site-packages/airflow/example_dags/example_branch_day_of_week_operator.py for tasks to queue
[2024-11-28T00:02:25.738+0000] {logging_mixin.py:190} INFO - [2024-11-28T00:02:25.737+0000] {dagbag.py:588} INFO - Filling up the DagBag from /home/airflow/.local/lib/python3.12/site-packages/airflow/example_dags/example_branch_day_of_week_operator.py
[2024-11-28T00:02:25.760+0000] {processor.py:925} INFO - DAG(s) 'example_weekday_branch_operator' retrieved from /home/airflow/.local/lib/python3.12/site-packages/airflow/example_dags/example_branch_day_of_week_operator.py
[2024-11-28T00:02:25.812+0000] {logging_mixin.py:190} INFO - [2024-11-28T00:02:25.811+0000] {dag.py:3239} INFO - Sync 1 DAGs
[2024-11-28T00:02:25.870+0000] {logging_mixin.py:190} INFO - [2024-11-28T00:02:25.869+0000] {dag.py:4180} INFO - Setting next_dagrun for example_weekday_branch_operator to 2024-11-27 00:00:00+00:00, run_after=2024-11-28 00:00:00+00:00
[2024-11-28T00:02:25.908+0000] {processor.py:208} INFO - Processing /home/airflow/.local/lib/python3.12/site-packages/airflow/example_dags/example_branch_day_of_week_operator.py took 0.189 seconds
[2024-11-28T00:02:56.049+0000] {processor.py:186} INFO - Started process (PID=3275) to work on /home/airflow/.local/lib/python3.12/site-packages/airflow/example_dags/example_branch_day_of_week_operator.py
[2024-11-28T00:02:56.051+0000] {processor.py:914} INFO - Processing file /home/airflow/.local/lib/python3.12/site-packages/airflow/example_dags/example_branch_day_of_week_operator.py for tasks to queue
[2024-11-28T00:02:56.056+0000] {logging_mixin.py:190} INFO - [2024-11-28T00:02:56.055+0000] {dagbag.py:588} INFO - Filling up the DagBag from /home/airflow/.local/lib/python3.12/site-packages/airflow/example_dags/example_branch_day_of_week_operator.py
[2024-11-28T00:02:56.074+0000] {processor.py:925} INFO - DAG(s) 'example_weekday_branch_operator' retrieved from /home/airflow/.local/lib/python3.12/site-packages/airflow/example_dags/example_branch_day_of_week_operator.py
[2024-11-28T00:02:56.119+0000] {logging_mixin.py:190} INFO - [2024-11-28T00:02:56.118+0000] {dag.py:3239} INFO - Sync 1 DAGs
[2024-11-28T00:02:56.179+0000] {logging_mixin.py:190} INFO - [2024-11-28T00:02:56.178+0000] {dag.py:4180} INFO - Setting next_dagrun for example_weekday_branch_operator to 2024-11-27 00:00:00+00:00, run_after=2024-11-28 00:00:00+00:00
[2024-11-28T00:02:56.235+0000] {processor.py:208} INFO - Processing /home/airflow/.local/lib/python3.12/site-packages/airflow/example_dags/example_branch_day_of_week_operator.py took 0.198 seconds
[2024-11-28T00:03:27.848+0000] {processor.py:186} INFO - Started process (PID=3338) to work on /home/airflow/.local/lib/python3.12/site-packages/airflow/example_dags/example_branch_day_of_week_operator.py
[2024-11-28T00:03:27.850+0000] {processor.py:914} INFO - Processing file /home/airflow/.local/lib/python3.12/site-packages/airflow/example_dags/example_branch_day_of_week_operator.py for tasks to queue
[2024-11-28T00:03:27.854+0000] {logging_mixin.py:190} INFO - [2024-11-28T00:03:27.854+0000] {dagbag.py:588} INFO - Filling up the DagBag from /home/airflow/.local/lib/python3.12/site-packages/airflow/example_dags/example_branch_day_of_week_operator.py
[2024-11-28T00:03:27.874+0000] {processor.py:925} INFO - DAG(s) 'example_weekday_branch_operator' retrieved from /home/airflow/.local/lib/python3.12/site-packages/airflow/example_dags/example_branch_day_of_week_operator.py
[2024-11-28T00:03:27.919+0000] {logging_mixin.py:190} INFO - [2024-11-28T00:03:27.919+0000] {dag.py:3239} INFO - Sync 1 DAGs
[2024-11-28T00:03:28.303+0000] {logging_mixin.py:190} INFO - [2024-11-28T00:03:28.303+0000] {dag.py:4180} INFO - Setting next_dagrun for example_weekday_branch_operator to 2024-11-27 00:00:00+00:00, run_after=2024-11-28 00:00:00+00:00
[2024-11-28T00:03:28.343+0000] {processor.py:208} INFO - Processing /home/airflow/.local/lib/python3.12/site-packages/airflow/example_dags/example_branch_day_of_week_operator.py took 0.507 seconds
[2024-11-28T00:03:59.765+0000] {processor.py:186} INFO - Started process (PID=3402) to work on /home/airflow/.local/lib/python3.12/site-packages/airflow/example_dags/example_branch_day_of_week_operator.py
[2024-11-28T00:03:59.766+0000] {processor.py:914} INFO - Processing file /home/airflow/.local/lib/python3.12/site-packages/airflow/example_dags/example_branch_day_of_week_operator.py for tasks to queue
[2024-11-28T00:03:59.773+0000] {logging_mixin.py:190} INFO - [2024-11-28T00:03:59.772+0000] {dagbag.py:588} INFO - Filling up the DagBag from /home/airflow/.local/lib/python3.12/site-packages/airflow/example_dags/example_branch_day_of_week_operator.py
[2024-11-28T00:03:59.797+0000] {processor.py:925} INFO - DAG(s) 'example_weekday_branch_operator' retrieved from /home/airflow/.local/lib/python3.12/site-packages/airflow/example_dags/example_branch_day_of_week_operator.py
[2024-11-28T00:03:59.876+0000] {logging_mixin.py:190} INFO - [2024-11-28T00:03:59.875+0000] {dag.py:3239} INFO - Sync 1 DAGs
[2024-11-28T00:03:59.930+0000] {logging_mixin.py:190} INFO - [2024-11-28T00:03:59.930+0000] {dag.py:4180} INFO - Setting next_dagrun for example_weekday_branch_operator to 2024-11-27 00:00:00+00:00, run_after=2024-11-28 00:00:00+00:00
[2024-11-28T00:04:00.387+0000] {processor.py:208} INFO - Processing /home/airflow/.local/lib/python3.12/site-packages/airflow/example_dags/example_branch_day_of_week_operator.py took 0.638 seconds
[2024-11-28T00:04:31.124+0000] {processor.py:186} INFO - Started process (PID=3466) to work on /home/airflow/.local/lib/python3.12/site-packages/airflow/example_dags/example_branch_day_of_week_operator.py
[2024-11-28T00:04:31.125+0000] {processor.py:914} INFO - Processing file /home/airflow/.local/lib/python3.12/site-packages/airflow/example_dags/example_branch_day_of_week_operator.py for tasks to queue
[2024-11-28T00:04:31.129+0000] {logging_mixin.py:190} INFO - [2024-11-28T00:04:31.129+0000] {dagbag.py:588} INFO - Filling up the DagBag from /home/airflow/.local/lib/python3.12/site-packages/airflow/example_dags/example_branch_day_of_week_operator.py
[2024-11-28T00:04:31.146+0000] {processor.py:925} INFO - DAG(s) 'example_weekday_branch_operator' retrieved from /home/airflow/.local/lib/python3.12/site-packages/airflow/example_dags/example_branch_day_of_week_operator.py
[2024-11-28T00:04:31.186+0000] {logging_mixin.py:190} INFO - [2024-11-28T00:04:31.185+0000] {dag.py:3239} INFO - Sync 1 DAGs
[2024-11-28T00:04:31.229+0000] {logging_mixin.py:190} INFO - [2024-11-28T00:04:31.229+0000] {dag.py:4180} INFO - Setting next_dagrun for example_weekday_branch_operator to 2024-11-27 00:00:00+00:00, run_after=2024-11-28 00:00:00+00:00
[2024-11-28T00:04:31.267+0000] {processor.py:208} INFO - Processing /home/airflow/.local/lib/python3.12/site-packages/airflow/example_dags/example_branch_day_of_week_operator.py took 0.154 seconds
