[2024-11-28T00:00:25.183+0000] {processor.py:186} INFO - Started process (PID=2961) to work on /home/airflow/.local/lib/python3.12/site-packages/airflow/example_dags/example_dag_decorator.py
[2024-11-28T00:00:25.184+0000] {processor.py:914} INFO - Processing file /home/airflow/.local/lib/python3.12/site-packages/airflow/example_dags/example_dag_decorator.py for tasks to queue
[2024-11-28T00:00:25.189+0000] {logging_mixin.py:190} INFO - [2024-11-28T00:00:25.188+0000] {dagbag.py:588} INFO - Filling up the DagBag from /home/airflow/.local/lib/python3.12/site-packages/airflow/example_dags/example_dag_decorator.py
[2024-11-28T00:00:25.212+0000] {processor.py:925} INFO - DAG(s) 'example_dag_decorator' retrieved from /home/airflow/.local/lib/python3.12/site-packages/airflow/example_dags/example_dag_decorator.py
[2024-11-28T00:00:25.853+0000] {logging_mixin.py:190} INFO - [2024-11-28T00:00:25.853+0000] {dag.py:3239} INFO - Sync 1 DAGs
[2024-11-28T00:00:25.876+0000] {logging_mixin.py:190} INFO - [2024-11-28T00:00:25.875+0000] {dag.py:4180} INFO - Setting next_dagrun for example_dag_decorator to None, run_after=None
[2024-11-28T00:00:25.927+0000] {processor.py:208} INFO - Processing /home/airflow/.local/lib/python3.12/site-packages/airflow/example_dags/example_dag_decorator.py took 0.757 seconds
[2024-11-28T00:00:57.015+0000] {processor.py:186} INFO - Started process (PID=3026) to work on /home/airflow/.local/lib/python3.12/site-packages/airflow/example_dags/example_dag_decorator.py
[2024-11-28T00:00:57.017+0000] {processor.py:914} INFO - Processing file /home/airflow/.local/lib/python3.12/site-packages/airflow/example_dags/example_dag_decorator.py for tasks to queue
[2024-11-28T00:00:57.024+0000] {logging_mixin.py:190} INFO - [2024-11-28T00:00:57.023+0000] {dagbag.py:588} INFO - Filling up the DagBag from /home/airflow/.local/lib/python3.12/site-packages/airflow/example_dags/example_dag_decorator.py
[2024-11-28T00:00:57.050+0000] {processor.py:925} INFO - DAG(s) 'example_dag_decorator' retrieved from /home/airflow/.local/lib/python3.12/site-packages/airflow/example_dags/example_dag_decorator.py
[2024-11-28T00:00:57.329+0000] {logging_mixin.py:190} INFO - [2024-11-28T00:00:57.328+0000] {dag.py:3239} INFO - Sync 1 DAGs
[2024-11-28T00:00:57.777+0000] {logging_mixin.py:190} INFO - [2024-11-28T00:00:57.777+0000] {dag.py:4180} INFO - Setting next_dagrun for example_dag_decorator to None, run_after=None
[2024-11-28T00:00:57.828+0000] {processor.py:208} INFO - Processing /home/airflow/.local/lib/python3.12/site-packages/airflow/example_dags/example_dag_decorator.py took 0.828 seconds
[2024-11-28T00:01:29.129+0000] {processor.py:186} INFO - Started process (PID=3094) to work on /home/airflow/.local/lib/python3.12/site-packages/airflow/example_dags/example_dag_decorator.py
[2024-11-28T00:01:29.130+0000] {processor.py:914} INFO - Processing file /home/airflow/.local/lib/python3.12/site-packages/airflow/example_dags/example_dag_decorator.py for tasks to queue
[2024-11-28T00:01:29.134+0000] {logging_mixin.py:190} INFO - [2024-11-28T00:01:29.134+0000] {dagbag.py:588} INFO - Filling up the DagBag from /home/airflow/.local/lib/python3.12/site-packages/airflow/example_dags/example_dag_decorator.py
[2024-11-28T00:01:29.157+0000] {processor.py:925} INFO - DAG(s) 'example_dag_decorator' retrieved from /home/airflow/.local/lib/python3.12/site-packages/airflow/example_dags/example_dag_decorator.py
[2024-11-28T00:01:29.460+0000] {logging_mixin.py:190} INFO - [2024-11-28T00:01:29.459+0000] {dag.py:3239} INFO - Sync 1 DAGs
[2024-11-28T00:01:29.834+0000] {logging_mixin.py:190} INFO - [2024-11-28T00:01:29.833+0000] {dag.py:4180} INFO - Setting next_dagrun for example_dag_decorator to None, run_after=None
[2024-11-28T00:01:29.869+0000] {processor.py:208} INFO - Processing /home/airflow/.local/lib/python3.12/site-packages/airflow/example_dags/example_dag_decorator.py took 0.753 seconds
[2024-11-28T00:02:02.055+0000] {processor.py:186} INFO - Started process (PID=3158) to work on /home/airflow/.local/lib/python3.12/site-packages/airflow/example_dags/example_dag_decorator.py
[2024-11-28T00:02:02.057+0000] {processor.py:914} INFO - Processing file /home/airflow/.local/lib/python3.12/site-packages/airflow/example_dags/example_dag_decorator.py for tasks to queue
[2024-11-28T00:02:02.062+0000] {logging_mixin.py:190} INFO - [2024-11-28T00:02:02.061+0000] {dagbag.py:588} INFO - Filling up the DagBag from /home/airflow/.local/lib/python3.12/site-packages/airflow/example_dags/example_dag_decorator.py
[2024-11-28T00:02:02.089+0000] {processor.py:925} INFO - DAG(s) 'example_dag_decorator' retrieved from /home/airflow/.local/lib/python3.12/site-packages/airflow/example_dags/example_dag_decorator.py
[2024-11-28T00:02:02.935+0000] {logging_mixin.py:190} INFO - [2024-11-28T00:02:02.934+0000] {dag.py:3239} INFO - Sync 1 DAGs
[2024-11-28T00:02:02.974+0000] {logging_mixin.py:190} INFO - [2024-11-28T00:02:02.974+0000] {dag.py:4180} INFO - Setting next_dagrun for example_dag_decorator to None, run_after=None
[2024-11-28T00:02:03.032+0000] {processor.py:208} INFO - Processing /home/airflow/.local/lib/python3.12/site-packages/airflow/example_dags/example_dag_decorator.py took 0.990 seconds
[2024-11-28T00:02:33.327+0000] {processor.py:186} INFO - Started process (PID=3222) to work on /home/airflow/.local/lib/python3.12/site-packages/airflow/example_dags/example_dag_decorator.py
[2024-11-28T00:02:33.329+0000] {processor.py:914} INFO - Processing file /home/airflow/.local/lib/python3.12/site-packages/airflow/example_dags/example_dag_decorator.py for tasks to queue
[2024-11-28T00:02:33.333+0000] {logging_mixin.py:190} INFO - [2024-11-28T00:02:33.332+0000] {dagbag.py:588} INFO - Filling up the DagBag from /home/airflow/.local/lib/python3.12/site-packages/airflow/example_dags/example_dag_decorator.py
[2024-11-28T00:02:33.356+0000] {processor.py:925} INFO - DAG(s) 'example_dag_decorator' retrieved from /home/airflow/.local/lib/python3.12/site-packages/airflow/example_dags/example_dag_decorator.py
[2024-11-28T00:02:34.022+0000] {logging_mixin.py:190} INFO - [2024-11-28T00:02:34.021+0000] {dag.py:3239} INFO - Sync 1 DAGs
[2024-11-28T00:02:34.044+0000] {logging_mixin.py:190} INFO - [2024-11-28T00:02:34.043+0000] {dag.py:4180} INFO - Setting next_dagrun for example_dag_decorator to None, run_after=None
[2024-11-28T00:02:34.084+0000] {processor.py:208} INFO - Processing /home/airflow/.local/lib/python3.12/site-packages/airflow/example_dags/example_dag_decorator.py took 0.767 seconds
[2024-11-28T00:03:06.255+0000] {processor.py:186} INFO - Started process (PID=3292) to work on /home/airflow/.local/lib/python3.12/site-packages/airflow/example_dags/example_dag_decorator.py
[2024-11-28T00:03:06.258+0000] {processor.py:914} INFO - Processing file /home/airflow/.local/lib/python3.12/site-packages/airflow/example_dags/example_dag_decorator.py for tasks to queue
[2024-11-28T00:03:06.267+0000] {logging_mixin.py:190} INFO - [2024-11-28T00:03:06.265+0000] {dagbag.py:588} INFO - Filling up the DagBag from /home/airflow/.local/lib/python3.12/site-packages/airflow/example_dags/example_dag_decorator.py
[2024-11-28T00:03:06.300+0000] {processor.py:925} INFO - DAG(s) 'example_dag_decorator' retrieved from /home/airflow/.local/lib/python3.12/site-packages/airflow/example_dags/example_dag_decorator.py
[2024-11-28T00:03:07.075+0000] {logging_mixin.py:190} INFO - [2024-11-28T00:03:07.074+0000] {dag.py:3239} INFO - Sync 1 DAGs
[2024-11-28T00:03:07.097+0000] {logging_mixin.py:190} INFO - [2024-11-28T00:03:07.096+0000] {dag.py:4180} INFO - Setting next_dagrun for example_dag_decorator to None, run_after=None
[2024-11-28T00:03:07.134+0000] {processor.py:208} INFO - Processing /home/airflow/.local/lib/python3.12/site-packages/airflow/example_dags/example_dag_decorator.py took 0.892 seconds
[2024-11-28T00:03:37.855+0000] {processor.py:186} INFO - Started process (PID=3355) to work on /home/airflow/.local/lib/python3.12/site-packages/airflow/example_dags/example_dag_decorator.py
[2024-11-28T00:03:37.856+0000] {processor.py:914} INFO - Processing file /home/airflow/.local/lib/python3.12/site-packages/airflow/example_dags/example_dag_decorator.py for tasks to queue
[2024-11-28T00:03:37.860+0000] {logging_mixin.py:190} INFO - [2024-11-28T00:03:37.859+0000] {dagbag.py:588} INFO - Filling up the DagBag from /home/airflow/.local/lib/python3.12/site-packages/airflow/example_dags/example_dag_decorator.py
[2024-11-28T00:03:37.881+0000] {processor.py:925} INFO - DAG(s) 'example_dag_decorator' retrieved from /home/airflow/.local/lib/python3.12/site-packages/airflow/example_dags/example_dag_decorator.py
[2024-11-28T00:03:38.425+0000] {logging_mixin.py:190} INFO - [2024-11-28T00:03:38.424+0000] {dag.py:3239} INFO - Sync 1 DAGs
[2024-11-28T00:03:38.445+0000] {logging_mixin.py:190} INFO - [2024-11-28T00:03:38.444+0000] {dag.py:4180} INFO - Setting next_dagrun for example_dag_decorator to None, run_after=None
[2024-11-28T00:03:38.481+0000] {processor.py:208} INFO - Processing /home/airflow/.local/lib/python3.12/site-packages/airflow/example_dags/example_dag_decorator.py took 0.636 seconds
[2024-11-28T00:04:09.976+0000] {processor.py:186} INFO - Started process (PID=3419) to work on /home/airflow/.local/lib/python3.12/site-packages/airflow/example_dags/example_dag_decorator.py
[2024-11-28T00:04:09.978+0000] {processor.py:914} INFO - Processing file /home/airflow/.local/lib/python3.12/site-packages/airflow/example_dags/example_dag_decorator.py for tasks to queue
[2024-11-28T00:04:09.984+0000] {logging_mixin.py:190} INFO - [2024-11-28T00:04:09.983+0000] {dagbag.py:588} INFO - Filling up the DagBag from /home/airflow/.local/lib/python3.12/site-packages/airflow/example_dags/example_dag_decorator.py
[2024-11-28T00:04:10.018+0000] {processor.py:925} INFO - DAG(s) 'example_dag_decorator' retrieved from /home/airflow/.local/lib/python3.12/site-packages/airflow/example_dags/example_dag_decorator.py
[2024-11-28T00:04:10.914+0000] {logging_mixin.py:190} INFO - [2024-11-28T00:04:10.913+0000] {dag.py:3239} INFO - Sync 1 DAGs
[2024-11-28T00:04:10.957+0000] {logging_mixin.py:190} INFO - [2024-11-28T00:04:10.956+0000] {dag.py:4180} INFO - Setting next_dagrun for example_dag_decorator to None, run_after=None
[2024-11-28T00:04:11.030+0000] {processor.py:208} INFO - Processing /home/airflow/.local/lib/python3.12/site-packages/airflow/example_dags/example_dag_decorator.py took 1.068 seconds
