[2024-11-28T00:00:09.752+0000] {processor.py:186} INFO - Started process (PID=2919) to work on /home/airflow/.local/lib/python3.12/site-packages/airflow/example_dags/example_display_name.py
[2024-11-28T00:00:09.755+0000] {processor.py:914} INFO - Processing file /home/airflow/.local/lib/python3.12/site-packages/airflow/example_dags/example_display_name.py for tasks to queue
[2024-11-28T00:00:09.765+0000] {logging_mixin.py:190} INFO - [2024-11-28T00:00:09.764+0000] {dagbag.py:588} INFO - Filling up the DagBag from /home/airflow/.local/lib/python3.12/site-packages/airflow/example_dags/example_display_name.py
[2024-11-28T00:00:09.800+0000] {processor.py:925} INFO - DAG(s) 'example_display_name' retrieved from /home/airflow/.local/lib/python3.12/site-packages/airflow/example_dags/example_display_name.py
[2024-11-28T00:00:09.866+0000] {logging_mixin.py:190} INFO - [2024-11-28T00:00:09.866+0000] {dag.py:3239} INFO - Sync 1 DAGs
[2024-11-28T00:00:09.908+0000] {logging_mixin.py:190} INFO - [2024-11-28T00:00:09.907+0000] {dag.py:4180} INFO - Setting next_dagrun for example_display_name to None, run_after=None
[2024-11-28T00:00:09.959+0000] {processor.py:208} INFO - Processing /home/airflow/.local/lib/python3.12/site-packages/airflow/example_dags/example_display_name.py took 0.220 seconds
[2024-11-28T00:00:41.171+0000] {processor.py:186} INFO - Started process (PID=2984) to work on /home/airflow/.local/lib/python3.12/site-packages/airflow/example_dags/example_display_name.py
[2024-11-28T00:00:41.173+0000] {processor.py:914} INFO - Processing file /home/airflow/.local/lib/python3.12/site-packages/airflow/example_dags/example_display_name.py for tasks to queue
[2024-11-28T00:00:41.178+0000] {logging_mixin.py:190} INFO - [2024-11-28T00:00:41.177+0000] {dagbag.py:588} INFO - Filling up the DagBag from /home/airflow/.local/lib/python3.12/site-packages/airflow/example_dags/example_display_name.py
[2024-11-28T00:00:41.191+0000] {processor.py:925} INFO - DAG(s) 'example_display_name' retrieved from /home/airflow/.local/lib/python3.12/site-packages/airflow/example_dags/example_display_name.py
[2024-11-28T00:00:41.244+0000] {logging_mixin.py:190} INFO - [2024-11-28T00:00:41.243+0000] {dag.py:3239} INFO - Sync 1 DAGs
[2024-11-28T00:00:41.272+0000] {logging_mixin.py:190} INFO - [2024-11-28T00:00:41.272+0000] {dag.py:4180} INFO - Setting next_dagrun for example_display_name to None, run_after=None
[2024-11-28T00:00:41.316+0000] {processor.py:208} INFO - Processing /home/airflow/.local/lib/python3.12/site-packages/airflow/example_dags/example_display_name.py took 0.155 seconds
[2024-11-28T00:01:11.582+0000] {processor.py:186} INFO - Started process (PID=3048) to work on /home/airflow/.local/lib/python3.12/site-packages/airflow/example_dags/example_display_name.py
[2024-11-28T00:01:11.584+0000] {processor.py:914} INFO - Processing file /home/airflow/.local/lib/python3.12/site-packages/airflow/example_dags/example_display_name.py for tasks to queue
[2024-11-28T00:01:11.591+0000] {logging_mixin.py:190} INFO - [2024-11-28T00:01:11.590+0000] {dagbag.py:588} INFO - Filling up the DagBag from /home/airflow/.local/lib/python3.12/site-packages/airflow/example_dags/example_display_name.py
[2024-11-28T00:01:11.610+0000] {processor.py:925} INFO - DAG(s) 'example_display_name' retrieved from /home/airflow/.local/lib/python3.12/site-packages/airflow/example_dags/example_display_name.py
[2024-11-28T00:01:11.660+0000] {logging_mixin.py:190} INFO - [2024-11-28T00:01:11.659+0000] {dag.py:3239} INFO - Sync 1 DAGs
[2024-11-28T00:01:11.687+0000] {logging_mixin.py:190} INFO - [2024-11-28T00:01:11.686+0000] {dag.py:4180} INFO - Setting next_dagrun for example_display_name to None, run_after=None
[2024-11-28T00:01:11.722+0000] {processor.py:208} INFO - Processing /home/airflow/.local/lib/python3.12/site-packages/airflow/example_dags/example_display_name.py took 0.158 seconds
[2024-11-28T00:01:42.204+0000] {processor.py:186} INFO - Started process (PID=3112) to work on /home/airflow/.local/lib/python3.12/site-packages/airflow/example_dags/example_display_name.py
[2024-11-28T00:01:42.206+0000] {processor.py:914} INFO - Processing file /home/airflow/.local/lib/python3.12/site-packages/airflow/example_dags/example_display_name.py for tasks to queue
[2024-11-28T00:01:42.211+0000] {logging_mixin.py:190} INFO - [2024-11-28T00:01:42.210+0000] {dagbag.py:588} INFO - Filling up the DagBag from /home/airflow/.local/lib/python3.12/site-packages/airflow/example_dags/example_display_name.py
[2024-11-28T00:01:42.224+0000] {processor.py:925} INFO - DAG(s) 'example_display_name' retrieved from /home/airflow/.local/lib/python3.12/site-packages/airflow/example_dags/example_display_name.py
[2024-11-28T00:01:42.262+0000] {logging_mixin.py:190} INFO - [2024-11-28T00:01:42.261+0000] {dag.py:3239} INFO - Sync 1 DAGs
[2024-11-28T00:01:42.290+0000] {logging_mixin.py:190} INFO - [2024-11-28T00:01:42.290+0000] {dag.py:4180} INFO - Setting next_dagrun for example_display_name to None, run_after=None
[2024-11-28T00:01:42.329+0000] {processor.py:208} INFO - Processing /home/airflow/.local/lib/python3.12/site-packages/airflow/example_dags/example_display_name.py took 0.135 seconds
[2024-11-28T00:02:12.524+0000] {processor.py:186} INFO - Started process (PID=3176) to work on /home/airflow/.local/lib/python3.12/site-packages/airflow/example_dags/example_display_name.py
[2024-11-28T00:02:12.525+0000] {processor.py:914} INFO - Processing file /home/airflow/.local/lib/python3.12/site-packages/airflow/example_dags/example_display_name.py for tasks to queue
[2024-11-28T00:02:12.529+0000] {logging_mixin.py:190} INFO - [2024-11-28T00:02:12.529+0000] {dagbag.py:588} INFO - Filling up the DagBag from /home/airflow/.local/lib/python3.12/site-packages/airflow/example_dags/example_display_name.py
[2024-11-28T00:02:12.545+0000] {processor.py:925} INFO - DAG(s) 'example_display_name' retrieved from /home/airflow/.local/lib/python3.12/site-packages/airflow/example_dags/example_display_name.py
[2024-11-28T00:02:12.580+0000] {logging_mixin.py:190} INFO - [2024-11-28T00:02:12.580+0000] {dag.py:3239} INFO - Sync 1 DAGs
[2024-11-28T00:02:12.613+0000] {logging_mixin.py:190} INFO - [2024-11-28T00:02:12.612+0000] {dag.py:4180} INFO - Setting next_dagrun for example_display_name to None, run_after=None
[2024-11-28T00:02:12.650+0000] {processor.py:208} INFO - Processing /home/airflow/.local/lib/python3.12/site-packages/airflow/example_dags/example_display_name.py took 0.136 seconds
[2024-11-28T00:02:44.601+0000] {processor.py:186} INFO - Started process (PID=3242) to work on /home/airflow/.local/lib/python3.12/site-packages/airflow/example_dags/example_display_name.py
[2024-11-28T00:02:44.604+0000] {processor.py:914} INFO - Processing file /home/airflow/.local/lib/python3.12/site-packages/airflow/example_dags/example_display_name.py for tasks to queue
[2024-11-28T00:02:44.611+0000] {logging_mixin.py:190} INFO - [2024-11-28T00:02:44.610+0000] {dagbag.py:588} INFO - Filling up the DagBag from /home/airflow/.local/lib/python3.12/site-packages/airflow/example_dags/example_display_name.py
[2024-11-28T00:02:44.634+0000] {processor.py:925} INFO - DAG(s) 'example_display_name' retrieved from /home/airflow/.local/lib/python3.12/site-packages/airflow/example_dags/example_display_name.py
[2024-11-28T00:02:44.690+0000] {logging_mixin.py:190} INFO - [2024-11-28T00:02:44.689+0000] {dag.py:3239} INFO - Sync 1 DAGs
[2024-11-28T00:02:44.731+0000] {logging_mixin.py:190} INFO - [2024-11-28T00:02:44.730+0000] {dag.py:4180} INFO - Setting next_dagrun for example_display_name to None, run_after=None
[2024-11-28T00:02:45.216+0000] {processor.py:208} INFO - Processing /home/airflow/.local/lib/python3.12/site-packages/airflow/example_dags/example_display_name.py took 0.632 seconds
[2024-11-28T00:03:15.678+0000] {processor.py:186} INFO - Started process (PID=3305) to work on /home/airflow/.local/lib/python3.12/site-packages/airflow/example_dags/example_display_name.py
[2024-11-28T00:03:15.679+0000] {processor.py:914} INFO - Processing file /home/airflow/.local/lib/python3.12/site-packages/airflow/example_dags/example_display_name.py for tasks to queue
[2024-11-28T00:03:15.685+0000] {logging_mixin.py:190} INFO - [2024-11-28T00:03:15.684+0000] {dagbag.py:588} INFO - Filling up the DagBag from /home/airflow/.local/lib/python3.12/site-packages/airflow/example_dags/example_display_name.py
[2024-11-28T00:03:15.700+0000] {processor.py:925} INFO - DAG(s) 'example_display_name' retrieved from /home/airflow/.local/lib/python3.12/site-packages/airflow/example_dags/example_display_name.py
[2024-11-28T00:03:15.742+0000] {logging_mixin.py:190} INFO - [2024-11-28T00:03:15.741+0000] {dag.py:3239} INFO - Sync 1 DAGs
[2024-11-28T00:03:15.779+0000] {logging_mixin.py:190} INFO - [2024-11-28T00:03:15.778+0000] {dag.py:4180} INFO - Setting next_dagrun for example_display_name to None, run_after=None
[2024-11-28T00:03:15.820+0000] {processor.py:208} INFO - Processing /home/airflow/.local/lib/python3.12/site-packages/airflow/example_dags/example_display_name.py took 0.156 seconds
[2024-11-28T00:03:46.214+0000] {processor.py:186} INFO - Started process (PID=3369) to work on /home/airflow/.local/lib/python3.12/site-packages/airflow/example_dags/example_display_name.py
[2024-11-28T00:03:46.216+0000] {processor.py:914} INFO - Processing file /home/airflow/.local/lib/python3.12/site-packages/airflow/example_dags/example_display_name.py for tasks to queue
[2024-11-28T00:03:46.220+0000] {logging_mixin.py:190} INFO - [2024-11-28T00:03:46.220+0000] {dagbag.py:588} INFO - Filling up the DagBag from /home/airflow/.local/lib/python3.12/site-packages/airflow/example_dags/example_display_name.py
[2024-11-28T00:03:46.234+0000] {processor.py:925} INFO - DAG(s) 'example_display_name' retrieved from /home/airflow/.local/lib/python3.12/site-packages/airflow/example_dags/example_display_name.py
[2024-11-28T00:03:46.273+0000] {logging_mixin.py:190} INFO - [2024-11-28T00:03:46.273+0000] {dag.py:3239} INFO - Sync 1 DAGs
[2024-11-28T00:03:46.300+0000] {logging_mixin.py:190} INFO - [2024-11-28T00:03:46.299+0000] {dag.py:4180} INFO - Setting next_dagrun for example_display_name to None, run_after=None
[2024-11-28T00:03:46.335+0000] {processor.py:208} INFO - Processing /home/airflow/.local/lib/python3.12/site-packages/airflow/example_dags/example_display_name.py took 0.134 seconds
[2024-11-28T00:04:16.477+0000] {processor.py:186} INFO - Started process (PID=3433) to work on /home/airflow/.local/lib/python3.12/site-packages/airflow/example_dags/example_display_name.py
[2024-11-28T00:04:16.478+0000] {processor.py:914} INFO - Processing file /home/airflow/.local/lib/python3.12/site-packages/airflow/example_dags/example_display_name.py for tasks to queue
[2024-11-28T00:04:16.482+0000] {logging_mixin.py:190} INFO - [2024-11-28T00:04:16.482+0000] {dagbag.py:588} INFO - Filling up the DagBag from /home/airflow/.local/lib/python3.12/site-packages/airflow/example_dags/example_display_name.py
[2024-11-28T00:04:16.496+0000] {processor.py:925} INFO - DAG(s) 'example_display_name' retrieved from /home/airflow/.local/lib/python3.12/site-packages/airflow/example_dags/example_display_name.py
[2024-11-28T00:04:16.533+0000] {logging_mixin.py:190} INFO - [2024-11-28T00:04:16.532+0000] {dag.py:3239} INFO - Sync 1 DAGs
[2024-11-28T00:04:16.558+0000] {logging_mixin.py:190} INFO - [2024-11-28T00:04:16.557+0000] {dag.py:4180} INFO - Setting next_dagrun for example_display_name to None, run_after=None
[2024-11-28T00:04:16.592+0000] {processor.py:208} INFO - Processing /home/airflow/.local/lib/python3.12/site-packages/airflow/example_dags/example_display_name.py took 0.127 seconds
