[2024-11-28T00:00:16.629+0000] {processor.py:186} INFO - Started process (PID=2940) to work on /home/airflow/.local/lib/python3.12/site-packages/airflow/example_dags/example_nested_branch_dag.py
[2024-11-28T00:00:16.630+0000] {processor.py:914} INFO - Processing file /home/airflow/.local/lib/python3.12/site-packages/airflow/example_dags/example_nested_branch_dag.py for tasks to queue
[2024-11-28T00:00:16.636+0000] {logging_mixin.py:190} INFO - [2024-11-28T00:00:16.635+0000] {dagbag.py:588} INFO - Filling up the DagBag from /home/airflow/.local/lib/python3.12/site-packages/airflow/example_dags/example_nested_branch_dag.py
[2024-11-28T00:00:16.662+0000] {processor.py:925} INFO - DAG(s) 'example_nested_branch_dag' retrieved from /home/airflow/.local/lib/python3.12/site-packages/airflow/example_dags/example_nested_branch_dag.py
[2024-11-28T00:00:16.713+0000] {logging_mixin.py:190} INFO - [2024-11-28T00:00:16.712+0000] {dag.py:3239} INFO - Sync 1 DAGs
[2024-11-28T00:00:16.781+0000] {logging_mixin.py:190} INFO - [2024-11-28T00:00:16.780+0000] {dag.py:4180} INFO - Setting next_dagrun for example_nested_branch_dag to 2024-11-27 00:00:00+00:00, run_after=2024-11-28 00:00:00+00:00
[2024-11-28T00:00:16.838+0000] {processor.py:208} INFO - Processing /home/airflow/.local/lib/python3.12/site-packages/airflow/example_dags/example_nested_branch_dag.py took 0.222 seconds
[2024-11-28T00:00:47.172+0000] {processor.py:186} INFO - Started process (PID=3002) to work on /home/airflow/.local/lib/python3.12/site-packages/airflow/example_dags/example_nested_branch_dag.py
[2024-11-28T00:00:47.174+0000] {processor.py:914} INFO - Processing file /home/airflow/.local/lib/python3.12/site-packages/airflow/example_dags/example_nested_branch_dag.py for tasks to queue
[2024-11-28T00:00:47.178+0000] {logging_mixin.py:190} INFO - [2024-11-28T00:00:47.177+0000] {dagbag.py:588} INFO - Filling up the DagBag from /home/airflow/.local/lib/python3.12/site-packages/airflow/example_dags/example_nested_branch_dag.py
[2024-11-28T00:00:47.208+0000] {processor.py:925} INFO - DAG(s) 'example_nested_branch_dag' retrieved from /home/airflow/.local/lib/python3.12/site-packages/airflow/example_dags/example_nested_branch_dag.py
[2024-11-28T00:00:47.264+0000] {logging_mixin.py:190} INFO - [2024-11-28T00:00:47.263+0000] {dag.py:3239} INFO - Sync 1 DAGs
[2024-11-28T00:00:47.324+0000] {logging_mixin.py:190} INFO - [2024-11-28T00:00:47.324+0000] {dag.py:4180} INFO - Setting next_dagrun for example_nested_branch_dag to 2024-11-27 00:00:00+00:00, run_after=2024-11-28 00:00:00+00:00
[2024-11-28T00:00:47.371+0000] {processor.py:208} INFO - Processing /home/airflow/.local/lib/python3.12/site-packages/airflow/example_dags/example_nested_branch_dag.py took 0.210 seconds
[2024-11-28T00:01:18.251+0000] {processor.py:186} INFO - Started process (PID=3065) to work on /home/airflow/.local/lib/python3.12/site-packages/airflow/example_dags/example_nested_branch_dag.py
[2024-11-28T00:01:18.252+0000] {processor.py:914} INFO - Processing file /home/airflow/.local/lib/python3.12/site-packages/airflow/example_dags/example_nested_branch_dag.py for tasks to queue
[2024-11-28T00:01:18.258+0000] {logging_mixin.py:190} INFO - [2024-11-28T00:01:18.257+0000] {dagbag.py:588} INFO - Filling up the DagBag from /home/airflow/.local/lib/python3.12/site-packages/airflow/example_dags/example_nested_branch_dag.py
[2024-11-28T00:01:18.284+0000] {processor.py:925} INFO - DAG(s) 'example_nested_branch_dag' retrieved from /home/airflow/.local/lib/python3.12/site-packages/airflow/example_dags/example_nested_branch_dag.py
[2024-11-28T00:01:18.332+0000] {logging_mixin.py:190} INFO - [2024-11-28T00:01:18.331+0000] {dag.py:3239} INFO - Sync 1 DAGs
[2024-11-28T00:01:18.379+0000] {logging_mixin.py:190} INFO - [2024-11-28T00:01:18.379+0000] {dag.py:4180} INFO - Setting next_dagrun for example_nested_branch_dag to 2024-11-27 00:00:00+00:00, run_after=2024-11-28 00:00:00+00:00
[2024-11-28T00:01:18.434+0000] {processor.py:208} INFO - Processing /home/airflow/.local/lib/python3.12/site-packages/airflow/example_dags/example_nested_branch_dag.py took 0.194 seconds
[2024-11-28T00:01:48.630+0000] {processor.py:186} INFO - Started process (PID=3129) to work on /home/airflow/.local/lib/python3.12/site-packages/airflow/example_dags/example_nested_branch_dag.py
[2024-11-28T00:01:48.632+0000] {processor.py:914} INFO - Processing file /home/airflow/.local/lib/python3.12/site-packages/airflow/example_dags/example_nested_branch_dag.py for tasks to queue
[2024-11-28T00:01:48.637+0000] {logging_mixin.py:190} INFO - [2024-11-28T00:01:48.636+0000] {dagbag.py:588} INFO - Filling up the DagBag from /home/airflow/.local/lib/python3.12/site-packages/airflow/example_dags/example_nested_branch_dag.py
[2024-11-28T00:01:48.660+0000] {processor.py:925} INFO - DAG(s) 'example_nested_branch_dag' retrieved from /home/airflow/.local/lib/python3.12/site-packages/airflow/example_dags/example_nested_branch_dag.py
[2024-11-28T00:01:48.707+0000] {logging_mixin.py:190} INFO - [2024-11-28T00:01:48.707+0000] {dag.py:3239} INFO - Sync 1 DAGs
[2024-11-28T00:01:48.752+0000] {logging_mixin.py:190} INFO - [2024-11-28T00:01:48.752+0000] {dag.py:4180} INFO - Setting next_dagrun for example_nested_branch_dag to 2024-11-27 00:00:00+00:00, run_after=2024-11-28 00:00:00+00:00
[2024-11-28T00:01:48.790+0000] {processor.py:208} INFO - Processing /home/airflow/.local/lib/python3.12/site-packages/airflow/example_dags/example_nested_branch_dag.py took 0.171 seconds
[2024-11-28T00:02:19.124+0000] {processor.py:186} INFO - Started process (PID=3193) to work on /home/airflow/.local/lib/python3.12/site-packages/airflow/example_dags/example_nested_branch_dag.py
[2024-11-28T00:02:19.126+0000] {processor.py:914} INFO - Processing file /home/airflow/.local/lib/python3.12/site-packages/airflow/example_dags/example_nested_branch_dag.py for tasks to queue
[2024-11-28T00:02:19.130+0000] {logging_mixin.py:190} INFO - [2024-11-28T00:02:19.129+0000] {dagbag.py:588} INFO - Filling up the DagBag from /home/airflow/.local/lib/python3.12/site-packages/airflow/example_dags/example_nested_branch_dag.py
[2024-11-28T00:02:19.154+0000] {processor.py:925} INFO - DAG(s) 'example_nested_branch_dag' retrieved from /home/airflow/.local/lib/python3.12/site-packages/airflow/example_dags/example_nested_branch_dag.py
[2024-11-28T00:02:19.201+0000] {logging_mixin.py:190} INFO - [2024-11-28T00:02:19.200+0000] {dag.py:3239} INFO - Sync 1 DAGs
[2024-11-28T00:02:19.251+0000] {logging_mixin.py:190} INFO - [2024-11-28T00:02:19.250+0000] {dag.py:4180} INFO - Setting next_dagrun for example_nested_branch_dag to 2024-11-27 00:00:00+00:00, run_after=2024-11-28 00:00:00+00:00
[2024-11-28T00:02:19.287+0000] {processor.py:208} INFO - Processing /home/airflow/.local/lib/python3.12/site-packages/airflow/example_dags/example_nested_branch_dag.py took 0.176 seconds
[2024-11-28T00:02:49.453+0000] {processor.py:186} INFO - Started process (PID=3257) to work on /home/airflow/.local/lib/python3.12/site-packages/airflow/example_dags/example_nested_branch_dag.py
[2024-11-28T00:02:49.455+0000] {processor.py:914} INFO - Processing file /home/airflow/.local/lib/python3.12/site-packages/airflow/example_dags/example_nested_branch_dag.py for tasks to queue
[2024-11-28T00:02:49.459+0000] {logging_mixin.py:190} INFO - [2024-11-28T00:02:49.458+0000] {dagbag.py:588} INFO - Filling up the DagBag from /home/airflow/.local/lib/python3.12/site-packages/airflow/example_dags/example_nested_branch_dag.py
[2024-11-28T00:02:49.481+0000] {processor.py:925} INFO - DAG(s) 'example_nested_branch_dag' retrieved from /home/airflow/.local/lib/python3.12/site-packages/airflow/example_dags/example_nested_branch_dag.py
[2024-11-28T00:02:49.521+0000] {logging_mixin.py:190} INFO - [2024-11-28T00:02:49.520+0000] {dag.py:3239} INFO - Sync 1 DAGs
[2024-11-28T00:02:49.566+0000] {logging_mixin.py:190} INFO - [2024-11-28T00:02:49.565+0000] {dag.py:4180} INFO - Setting next_dagrun for example_nested_branch_dag to 2024-11-27 00:00:00+00:00, run_after=2024-11-28 00:00:00+00:00
[2024-11-28T00:02:49.603+0000] {processor.py:208} INFO - Processing /home/airflow/.local/lib/python3.12/site-packages/airflow/example_dags/example_nested_branch_dag.py took 0.162 seconds
[2024-11-28T00:03:21.956+0000] {processor.py:186} INFO - Started process (PID=3320) to work on /home/airflow/.local/lib/python3.12/site-packages/airflow/example_dags/example_nested_branch_dag.py
[2024-11-28T00:03:21.957+0000] {processor.py:914} INFO - Processing file /home/airflow/.local/lib/python3.12/site-packages/airflow/example_dags/example_nested_branch_dag.py for tasks to queue
[2024-11-28T00:03:21.962+0000] {logging_mixin.py:190} INFO - [2024-11-28T00:03:21.962+0000] {dagbag.py:588} INFO - Filling up the DagBag from /home/airflow/.local/lib/python3.12/site-packages/airflow/example_dags/example_nested_branch_dag.py
[2024-11-28T00:03:21.985+0000] {processor.py:925} INFO - DAG(s) 'example_nested_branch_dag' retrieved from /home/airflow/.local/lib/python3.12/site-packages/airflow/example_dags/example_nested_branch_dag.py
[2024-11-28T00:03:22.028+0000] {logging_mixin.py:190} INFO - [2024-11-28T00:03:22.027+0000] {dag.py:3239} INFO - Sync 1 DAGs
[2024-11-28T00:03:22.446+0000] {logging_mixin.py:190} INFO - [2024-11-28T00:03:22.446+0000] {dag.py:4180} INFO - Setting next_dagrun for example_nested_branch_dag to 2024-11-27 00:00:00+00:00, run_after=2024-11-28 00:00:00+00:00
[2024-11-28T00:03:22.486+0000] {processor.py:208} INFO - Processing /home/airflow/.local/lib/python3.12/site-packages/airflow/example_dags/example_nested_branch_dag.py took 0.543 seconds
[2024-11-28T00:03:52.588+0000] {processor.py:186} INFO - Started process (PID=3384) to work on /home/airflow/.local/lib/python3.12/site-packages/airflow/example_dags/example_nested_branch_dag.py
[2024-11-28T00:03:52.590+0000] {processor.py:914} INFO - Processing file /home/airflow/.local/lib/python3.12/site-packages/airflow/example_dags/example_nested_branch_dag.py for tasks to queue
[2024-11-28T00:03:52.594+0000] {logging_mixin.py:190} INFO - [2024-11-28T00:03:52.593+0000] {dagbag.py:588} INFO - Filling up the DagBag from /home/airflow/.local/lib/python3.12/site-packages/airflow/example_dags/example_nested_branch_dag.py
[2024-11-28T00:03:52.619+0000] {processor.py:925} INFO - DAG(s) 'example_nested_branch_dag' retrieved from /home/airflow/.local/lib/python3.12/site-packages/airflow/example_dags/example_nested_branch_dag.py
[2024-11-28T00:03:52.662+0000] {logging_mixin.py:190} INFO - [2024-11-28T00:03:52.662+0000] {dag.py:3239} INFO - Sync 1 DAGs
[2024-11-28T00:03:52.710+0000] {logging_mixin.py:190} INFO - [2024-11-28T00:03:52.710+0000] {dag.py:4180} INFO - Setting next_dagrun for example_nested_branch_dag to 2024-11-27 00:00:00+00:00, run_after=2024-11-28 00:00:00+00:00
[2024-11-28T00:03:53.114+0000] {processor.py:208} INFO - Processing /home/airflow/.local/lib/python3.12/site-packages/airflow/example_dags/example_nested_branch_dag.py took 0.538 seconds
[2024-11-28T00:04:23.362+0000] {processor.py:186} INFO - Started process (PID=3448) to work on /home/airflow/.local/lib/python3.12/site-packages/airflow/example_dags/example_nested_branch_dag.py
[2024-11-28T00:04:23.364+0000] {processor.py:914} INFO - Processing file /home/airflow/.local/lib/python3.12/site-packages/airflow/example_dags/example_nested_branch_dag.py for tasks to queue
[2024-11-28T00:04:23.369+0000] {logging_mixin.py:190} INFO - [2024-11-28T00:04:23.368+0000] {dagbag.py:588} INFO - Filling up the DagBag from /home/airflow/.local/lib/python3.12/site-packages/airflow/example_dags/example_nested_branch_dag.py
[2024-11-28T00:04:23.391+0000] {processor.py:925} INFO - DAG(s) 'example_nested_branch_dag' retrieved from /home/airflow/.local/lib/python3.12/site-packages/airflow/example_dags/example_nested_branch_dag.py
[2024-11-28T00:04:23.430+0000] {logging_mixin.py:190} INFO - [2024-11-28T00:04:23.429+0000] {dag.py:3239} INFO - Sync 1 DAGs
[2024-11-28T00:04:23.479+0000] {logging_mixin.py:190} INFO - [2024-11-28T00:04:23.478+0000] {dag.py:4180} INFO - Setting next_dagrun for example_nested_branch_dag to 2024-11-27 00:00:00+00:00, run_after=2024-11-28 00:00:00+00:00
[2024-11-28T00:04:23.515+0000] {processor.py:208} INFO - Processing /home/airflow/.local/lib/python3.12/site-packages/airflow/example_dags/example_nested_branch_dag.py took 0.165 seconds
