[2024-11-28T00:00:15.823+0000] {processor.py:186} INFO - Started process (PID=2935) to work on /home/airflow/.local/lib/python3.12/site-packages/airflow/example_dags/tutorial_taskflow_templates.py
[2024-11-28T00:00:15.825+0000] {processor.py:914} INFO - Processing file /home/airflow/.local/lib/python3.12/site-packages/airflow/example_dags/tutorial_taskflow_templates.py for tasks to queue
[2024-11-28T00:00:15.830+0000] {logging_mixin.py:190} INFO - [2024-11-28T00:00:15.829+0000] {dagbag.py:588} INFO - Filling up the DagBag from /home/airflow/.local/lib/python3.12/site-packages/airflow/example_dags/tutorial_taskflow_templates.py
[2024-11-28T00:00:15.855+0000] {processor.py:925} INFO - DAG(s) 'tutorial_taskflow_templates' retrieved from /home/airflow/.local/lib/python3.12/site-packages/airflow/example_dags/tutorial_taskflow_templates.py
[2024-11-28T00:00:15.891+0000] {logging_mixin.py:190} INFO - [2024-11-28T00:00:15.891+0000] {dag.py:3239} INFO - Sync 1 DAGs
[2024-11-28T00:00:15.938+0000] {logging_mixin.py:190} INFO - [2024-11-28T00:00:15.937+0000] {dag.py:4180} INFO - Setting next_dagrun for tutorial_taskflow_templates to 2024-11-27 00:00:00+00:00, run_after=2024-11-28 00:00:00+00:00
[2024-11-28T00:00:15.980+0000] {processor.py:208} INFO - Processing /home/airflow/.local/lib/python3.12/site-packages/airflow/example_dags/tutorial_taskflow_templates.py took 0.171 seconds
[2024-11-28T00:00:46.388+0000] {processor.py:186} INFO - Started process (PID=2998) to work on /home/airflow/.local/lib/python3.12/site-packages/airflow/example_dags/tutorial_taskflow_templates.py
[2024-11-28T00:00:46.389+0000] {processor.py:914} INFO - Processing file /home/airflow/.local/lib/python3.12/site-packages/airflow/example_dags/tutorial_taskflow_templates.py for tasks to queue
[2024-11-28T00:00:46.393+0000] {logging_mixin.py:190} INFO - [2024-11-28T00:00:46.393+0000] {dagbag.py:588} INFO - Filling up the DagBag from /home/airflow/.local/lib/python3.12/site-packages/airflow/example_dags/tutorial_taskflow_templates.py
[2024-11-28T00:00:46.420+0000] {processor.py:925} INFO - DAG(s) 'tutorial_taskflow_templates' retrieved from /home/airflow/.local/lib/python3.12/site-packages/airflow/example_dags/tutorial_taskflow_templates.py
[2024-11-28T00:00:46.461+0000] {logging_mixin.py:190} INFO - [2024-11-28T00:00:46.460+0000] {dag.py:3239} INFO - Sync 1 DAGs
[2024-11-28T00:00:46.521+0000] {logging_mixin.py:190} INFO - [2024-11-28T00:00:46.521+0000] {dag.py:4180} INFO - Setting next_dagrun for tutorial_taskflow_templates to 2024-11-27 00:00:00+00:00, run_after=2024-11-28 00:00:00+00:00
[2024-11-28T00:00:46.562+0000] {processor.py:208} INFO - Processing /home/airflow/.local/lib/python3.12/site-packages/airflow/example_dags/tutorial_taskflow_templates.py took 0.185 seconds
[2024-11-28T00:01:16.836+0000] {processor.py:186} INFO - Started process (PID=3062) to work on /home/airflow/.local/lib/python3.12/site-packages/airflow/example_dags/tutorial_taskflow_templates.py
[2024-11-28T00:01:16.838+0000] {processor.py:914} INFO - Processing file /home/airflow/.local/lib/python3.12/site-packages/airflow/example_dags/tutorial_taskflow_templates.py for tasks to queue
[2024-11-28T00:01:16.842+0000] {logging_mixin.py:190} INFO - [2024-11-28T00:01:16.841+0000] {dagbag.py:588} INFO - Filling up the DagBag from /home/airflow/.local/lib/python3.12/site-packages/airflow/example_dags/tutorial_taskflow_templates.py
[2024-11-28T00:01:16.866+0000] {processor.py:925} INFO - DAG(s) 'tutorial_taskflow_templates' retrieved from /home/airflow/.local/lib/python3.12/site-packages/airflow/example_dags/tutorial_taskflow_templates.py
[2024-11-28T00:01:16.914+0000] {logging_mixin.py:190} INFO - [2024-11-28T00:01:16.913+0000] {dag.py:3239} INFO - Sync 1 DAGs
[2024-11-28T00:01:16.977+0000] {logging_mixin.py:190} INFO - [2024-11-28T00:01:16.976+0000] {dag.py:4180} INFO - Setting next_dagrun for tutorial_taskflow_templates to 2024-11-27 00:00:00+00:00, run_after=2024-11-28 00:00:00+00:00
[2024-11-28T00:01:17.025+0000] {processor.py:208} INFO - Processing /home/airflow/.local/lib/python3.12/site-packages/airflow/example_dags/tutorial_taskflow_templates.py took 0.199 seconds
[2024-11-28T00:01:47.136+0000] {processor.py:186} INFO - Started process (PID=3126) to work on /home/airflow/.local/lib/python3.12/site-packages/airflow/example_dags/tutorial_taskflow_templates.py
[2024-11-28T00:01:47.137+0000] {processor.py:914} INFO - Processing file /home/airflow/.local/lib/python3.12/site-packages/airflow/example_dags/tutorial_taskflow_templates.py for tasks to queue
[2024-11-28T00:01:47.141+0000] {logging_mixin.py:190} INFO - [2024-11-28T00:01:47.141+0000] {dagbag.py:588} INFO - Filling up the DagBag from /home/airflow/.local/lib/python3.12/site-packages/airflow/example_dags/tutorial_taskflow_templates.py
[2024-11-28T00:01:47.167+0000] {processor.py:925} INFO - DAG(s) 'tutorial_taskflow_templates' retrieved from /home/airflow/.local/lib/python3.12/site-packages/airflow/example_dags/tutorial_taskflow_templates.py
[2024-11-28T00:01:47.207+0000] {logging_mixin.py:190} INFO - [2024-11-28T00:01:47.207+0000] {dag.py:3239} INFO - Sync 1 DAGs
[2024-11-28T00:01:47.254+0000] {logging_mixin.py:190} INFO - [2024-11-28T00:01:47.253+0000] {dag.py:4180} INFO - Setting next_dagrun for tutorial_taskflow_templates to 2024-11-27 00:00:00+00:00, run_after=2024-11-28 00:00:00+00:00
[2024-11-28T00:01:47.292+0000] {processor.py:208} INFO - Processing /home/airflow/.local/lib/python3.12/site-packages/airflow/example_dags/tutorial_taskflow_templates.py took 0.167 seconds
[2024-11-28T00:02:17.360+0000] {processor.py:186} INFO - Started process (PID=3189) to work on /home/airflow/.local/lib/python3.12/site-packages/airflow/example_dags/tutorial_taskflow_templates.py
[2024-11-28T00:02:17.362+0000] {processor.py:914} INFO - Processing file /home/airflow/.local/lib/python3.12/site-packages/airflow/example_dags/tutorial_taskflow_templates.py for tasks to queue
[2024-11-28T00:02:17.366+0000] {logging_mixin.py:190} INFO - [2024-11-28T00:02:17.365+0000] {dagbag.py:588} INFO - Filling up the DagBag from /home/airflow/.local/lib/python3.12/site-packages/airflow/example_dags/tutorial_taskflow_templates.py
[2024-11-28T00:02:17.390+0000] {processor.py:925} INFO - DAG(s) 'tutorial_taskflow_templates' retrieved from /home/airflow/.local/lib/python3.12/site-packages/airflow/example_dags/tutorial_taskflow_templates.py
[2024-11-28T00:02:17.425+0000] {logging_mixin.py:190} INFO - [2024-11-28T00:02:17.424+0000] {dag.py:3239} INFO - Sync 1 DAGs
[2024-11-28T00:02:17.472+0000] {logging_mixin.py:190} INFO - [2024-11-28T00:02:17.471+0000] {dag.py:4180} INFO - Setting next_dagrun for tutorial_taskflow_templates to 2024-11-27 00:00:00+00:00, run_after=2024-11-28 00:00:00+00:00
[2024-11-28T00:02:17.505+0000] {processor.py:208} INFO - Processing /home/airflow/.local/lib/python3.12/site-packages/airflow/example_dags/tutorial_taskflow_templates.py took 0.155 seconds
[2024-11-28T00:02:47.727+0000] {processor.py:186} INFO - Started process (PID=3253) to work on /home/airflow/.local/lib/python3.12/site-packages/airflow/example_dags/tutorial_taskflow_templates.py
[2024-11-28T00:02:47.728+0000] {processor.py:914} INFO - Processing file /home/airflow/.local/lib/python3.12/site-packages/airflow/example_dags/tutorial_taskflow_templates.py for tasks to queue
[2024-11-28T00:02:47.732+0000] {logging_mixin.py:190} INFO - [2024-11-28T00:02:47.732+0000] {dagbag.py:588} INFO - Filling up the DagBag from /home/airflow/.local/lib/python3.12/site-packages/airflow/example_dags/tutorial_taskflow_templates.py
[2024-11-28T00:02:47.756+0000] {processor.py:925} INFO - DAG(s) 'tutorial_taskflow_templates' retrieved from /home/airflow/.local/lib/python3.12/site-packages/airflow/example_dags/tutorial_taskflow_templates.py
[2024-11-28T00:02:47.794+0000] {logging_mixin.py:190} INFO - [2024-11-28T00:02:47.794+0000] {dag.py:3239} INFO - Sync 1 DAGs
[2024-11-28T00:02:47.842+0000] {logging_mixin.py:190} INFO - [2024-11-28T00:02:47.841+0000] {dag.py:4180} INFO - Setting next_dagrun for tutorial_taskflow_templates to 2024-11-27 00:00:00+00:00, run_after=2024-11-28 00:00:00+00:00
[2024-11-28T00:02:47.875+0000] {processor.py:208} INFO - Processing /home/airflow/.local/lib/python3.12/site-packages/airflow/example_dags/tutorial_taskflow_templates.py took 0.157 seconds
[2024-11-28T00:03:20.332+0000] {processor.py:186} INFO - Started process (PID=3317) to work on /home/airflow/.local/lib/python3.12/site-packages/airflow/example_dags/tutorial_taskflow_templates.py
[2024-11-28T00:03:20.335+0000] {processor.py:914} INFO - Processing file /home/airflow/.local/lib/python3.12/site-packages/airflow/example_dags/tutorial_taskflow_templates.py for tasks to queue
[2024-11-28T00:03:20.344+0000] {logging_mixin.py:190} INFO - [2024-11-28T00:03:20.343+0000] {dagbag.py:588} INFO - Filling up the DagBag from /home/airflow/.local/lib/python3.12/site-packages/airflow/example_dags/tutorial_taskflow_templates.py
[2024-11-28T00:03:20.390+0000] {processor.py:925} INFO - DAG(s) 'tutorial_taskflow_templates' retrieved from /home/airflow/.local/lib/python3.12/site-packages/airflow/example_dags/tutorial_taskflow_templates.py
[2024-11-28T00:03:20.487+0000] {logging_mixin.py:190} INFO - [2024-11-28T00:03:20.486+0000] {dag.py:3239} INFO - Sync 1 DAGs
[2024-11-28T00:03:21.129+0000] {logging_mixin.py:190} INFO - [2024-11-28T00:03:21.129+0000] {dag.py:4180} INFO - Setting next_dagrun for tutorial_taskflow_templates to 2024-11-27 00:00:00+00:00, run_after=2024-11-28 00:00:00+00:00
[2024-11-28T00:03:21.181+0000] {processor.py:208} INFO - Processing /home/airflow/.local/lib/python3.12/site-packages/airflow/example_dags/tutorial_taskflow_templates.py took 0.870 seconds
[2024-11-28T00:03:51.293+0000] {processor.py:186} INFO - Started process (PID=3381) to work on /home/airflow/.local/lib/python3.12/site-packages/airflow/example_dags/tutorial_taskflow_templates.py
[2024-11-28T00:03:51.294+0000] {processor.py:914} INFO - Processing file /home/airflow/.local/lib/python3.12/site-packages/airflow/example_dags/tutorial_taskflow_templates.py for tasks to queue
[2024-11-28T00:03:51.298+0000] {logging_mixin.py:190} INFO - [2024-11-28T00:03:51.298+0000] {dagbag.py:588} INFO - Filling up the DagBag from /home/airflow/.local/lib/python3.12/site-packages/airflow/example_dags/tutorial_taskflow_templates.py
[2024-11-28T00:03:51.323+0000] {processor.py:925} INFO - DAG(s) 'tutorial_taskflow_templates' retrieved from /home/airflow/.local/lib/python3.12/site-packages/airflow/example_dags/tutorial_taskflow_templates.py
[2024-11-28T00:03:51.361+0000] {logging_mixin.py:190} INFO - [2024-11-28T00:03:51.360+0000] {dag.py:3239} INFO - Sync 1 DAGs
[2024-11-28T00:03:51.410+0000] {logging_mixin.py:190} INFO - [2024-11-28T00:03:51.409+0000] {dag.py:4180} INFO - Setting next_dagrun for tutorial_taskflow_templates to 2024-11-27 00:00:00+00:00, run_after=2024-11-28 00:00:00+00:00
[2024-11-28T00:03:51.782+0000] {processor.py:208} INFO - Processing /home/airflow/.local/lib/python3.12/site-packages/airflow/example_dags/tutorial_taskflow_templates.py took 0.500 seconds
[2024-11-28T00:04:21.963+0000] {processor.py:186} INFO - Started process (PID=3445) to work on /home/airflow/.local/lib/python3.12/site-packages/airflow/example_dags/tutorial_taskflow_templates.py
[2024-11-28T00:04:21.965+0000] {processor.py:914} INFO - Processing file /home/airflow/.local/lib/python3.12/site-packages/airflow/example_dags/tutorial_taskflow_templates.py for tasks to queue
[2024-11-28T00:04:21.969+0000] {logging_mixin.py:190} INFO - [2024-11-28T00:04:21.968+0000] {dagbag.py:588} INFO - Filling up the DagBag from /home/airflow/.local/lib/python3.12/site-packages/airflow/example_dags/tutorial_taskflow_templates.py
[2024-11-28T00:04:21.994+0000] {processor.py:925} INFO - DAG(s) 'tutorial_taskflow_templates' retrieved from /home/airflow/.local/lib/python3.12/site-packages/airflow/example_dags/tutorial_taskflow_templates.py
[2024-11-28T00:04:22.032+0000] {logging_mixin.py:190} INFO - [2024-11-28T00:04:22.031+0000] {dag.py:3239} INFO - Sync 1 DAGs
[2024-11-28T00:04:22.084+0000] {logging_mixin.py:190} INFO - [2024-11-28T00:04:22.083+0000] {dag.py:4180} INFO - Setting next_dagrun for tutorial_taskflow_templates to 2024-11-27 00:00:00+00:00, run_after=2024-11-28 00:00:00+00:00
[2024-11-28T00:04:22.126+0000] {processor.py:208} INFO - Processing /home/airflow/.local/lib/python3.12/site-packages/airflow/example_dags/tutorial_taskflow_templates.py took 0.176 seconds
