[2024-11-29T01:46:42.711+0000] {local_task_job_runner.py:123} INFO - ::group::Pre task execution logs
[2024-11-29T01:46:42.740+0000] {taskinstance.py:2613} INFO - Dependencies all met for dep_context=non-requeueable deps ti=<TaskInstance: pipe.load_data_to_mongo_db manual__2024-11-29T01:46:36.507061+00:00 [queued]>
[2024-11-29T01:46:42.751+0000] {taskinstance.py:2613} INFO - Dependencies all met for dep_context=requeueable deps ti=<TaskInstance: pipe.load_data_to_mongo_db manual__2024-11-29T01:46:36.507061+00:00 [queued]>
[2024-11-29T01:46:42.751+0000] {taskinstance.py:2866} INFO - Starting attempt 1 of 1
[2024-11-29T01:46:42.769+0000] {taskinstance.py:2889} INFO - Executing <Task(_PythonDecoratedOperator): load_data_to_mongo_db> on 2024-11-29 01:46:36.507061+00:00
[2024-11-29T01:46:42.780+0000] {warnings.py:112} WARNING - /home/***/.local/lib/python3.12/site-packages/***/task/task_runner/standard_task_runner.py:70: DeprecationWarning: This process (pid=575) is multi-threaded, use of fork() may lead to deadlocks in the child.
  pid = os.fork()

[2024-11-29T01:46:42.782+0000] {standard_task_runner.py:72} INFO - Started process 576 to run task
[2024-11-29T01:46:42.784+0000] {standard_task_runner.py:104} INFO - Running: ['***', 'tasks', 'run', 'pipe', 'load_data_to_mongo_db', 'manual__2024-11-29T01:46:36.507061+00:00', '--job-id', '34', '--raw', '--subdir', 'DAGS_FOLDER/pipeline.py', '--cfg-path', '/tmp/tmpbd3_4hvh']
[2024-11-29T01:46:42.786+0000] {standard_task_runner.py:105} INFO - Job 34: Subtask load_data_to_mongo_db
[2024-11-29T01:46:42.851+0000] {task_command.py:467} INFO - Running <TaskInstance: pipe.load_data_to_mongo_db manual__2024-11-29T01:46:36.507061+00:00 [running]> on host 768115ef6318
[2024-11-29T01:46:43.170+0000] {taskinstance.py:3132} INFO - Exporting env vars: AIRFLOW_CTX_DAG_OWNER='***' AIRFLOW_CTX_DAG_ID='pipe' AIRFLOW_CTX_TASK_ID='load_data_to_mongo_db' AIRFLOW_CTX_EXECUTION_DATE='2024-11-29T01:46:36.507061+00:00' AIRFLOW_CTX_TRY_NUMBER='1' AIRFLOW_CTX_DAG_RUN_ID='manual__2024-11-29T01:46:36.507061+00:00'
[2024-11-29T01:46:43.171+0000] {taskinstance.py:731} INFO - ::endgroup::
[2024-11-29T01:46:43.187+0000] {base.py:84} INFO - Retrieving connection 'mongo'
[2024-11-29T01:46:44.614+0000] {logging_mixin.py:190} INFO - connected to MongoDB - {'version': '8.0.3', 'gitVersion': '89d97f2744a2b9851ddfb51bdf22f687562d9b06', 'modules': ['enterprise'], 'allocator': 'tcmalloc-google', 'javascriptEngine': 'mozjs', 'sysInfo': 'deprecated', 'versionArray': [8, 0, 3, 0], 'bits': 64, 'debug': False, 'maxBsonObjectSize': 16777216, 'storageEngines': ['devnull', 'inMemory', 'queryable_wt', 'wiredTiger'], 'ok': 1.0, '$clusterTime': {'clusterTime': Timestamp(1732844804, 5), 'signature': {'hash': b"\xdd\xa0\xfb\xb2!:V6B\x9f\xf5\x10V\xa1\\)\xe1;y'", 'keyId': 7406388102261899276}}, 'operationTime': Timestamp(1732844804, 5)}
[2024-11-29T01:46:45.127+0000] {python.py:240} INFO - Done. Returned value was: None
[2024-11-29T01:46:45.150+0000] {taskinstance.py:340} INFO - ::group::Post task execution logs
[2024-11-29T01:46:45.151+0000] {taskinstance.py:352} INFO - Marking task as SUCCESS. dag_id=pipe, task_id=load_data_to_mongo_db, run_id=manual__2024-11-29T01:46:36.507061+00:00, execution_date=20241129T014636, start_date=20241129T014642, end_date=20241129T014645
[2024-11-29T01:46:45.203+0000] {local_task_job_runner.py:266} INFO - Task exited with return code 0
[2024-11-29T01:46:45.228+0000] {taskinstance.py:3895} INFO - 0 downstream tasks scheduled from follow-on schedule check
[2024-11-29T01:46:45.230+0000] {local_task_job_runner.py:245} INFO - ::endgroup::
