[2024-11-29T01:15:03.078+0000] {local_task_job_runner.py:123} INFO - ::group::Pre task execution logs
[2024-11-29T01:15:03.108+0000] {taskinstance.py:2613} INFO - Dependencies all met for dep_context=non-requeueable deps ti=<TaskInstance: pipe.get_token manual__2024-11-29T01:15:02.041872+00:00 [queued]>
[2024-11-29T01:15:03.123+0000] {taskinstance.py:2613} INFO - Dependencies all met for dep_context=requeueable deps ti=<TaskInstance: pipe.get_token manual__2024-11-29T01:15:02.041872+00:00 [queued]>
[2024-11-29T01:15:03.124+0000] {taskinstance.py:2866} INFO - Starting attempt 1 of 1
[2024-11-29T01:15:03.149+0000] {taskinstance.py:2889} INFO - Executing <Task(_PythonDecoratedOperator): get_token> on 2024-11-29 01:15:02.041872+00:00
[2024-11-29T01:15:03.163+0000] {warnings.py:112} WARNING - /home/***/.local/lib/python3.12/site-packages/***/task/task_runner/standard_task_runner.py:70: DeprecationWarning: This process (pid=106) is multi-threaded, use of fork() may lead to deadlocks in the child.
  pid = os.fork()

[2024-11-29T01:15:03.165+0000] {standard_task_runner.py:72} INFO - Started process 107 to run task
[2024-11-29T01:15:03.170+0000] {standard_task_runner.py:104} INFO - Running: ['***', 'tasks', 'run', 'pipe', 'get_token', 'manual__2024-11-29T01:15:02.041872+00:00', '--job-id', '6', '--raw', '--subdir', 'DAGS_FOLDER/pipeline.py', '--cfg-path', '/tmp/tmp1juk22fr']
[2024-11-29T01:15:03.173+0000] {standard_task_runner.py:105} INFO - Job 6: Subtask get_token
[2024-11-29T01:15:03.247+0000] {task_command.py:467} INFO - Running <TaskInstance: pipe.get_token manual__2024-11-29T01:15:02.041872+00:00 [running]> on host 768115ef6318
[2024-11-29T01:15:03.379+0000] {taskinstance.py:3132} INFO - Exporting env vars: AIRFLOW_CTX_DAG_OWNER='***' AIRFLOW_CTX_DAG_ID='pipe' AIRFLOW_CTX_TASK_ID='get_token' AIRFLOW_CTX_EXECUTION_DATE='2024-11-29T01:15:02.041872+00:00' AIRFLOW_CTX_TRY_NUMBER='1' AIRFLOW_CTX_DAG_RUN_ID='manual__2024-11-29T01:15:02.041872+00:00'
[2024-11-29T01:15:03.380+0000] {taskinstance.py:731} INFO - ::endgroup::
[2024-11-29T01:15:05.977+0000] {logging_mixin.py:190} INFO - BQBCfUZWIwwlf5beCNcG46rQdJ0cquBlNxvJVP4v049GjvQI4geS6cUsiQvoDV3Rztzd32jqL2ihHQdBOLjazJB16iUuzYIL-i-ZIr1XW77UXYXsPvU
[2024-11-29T01:15:05.978+0000] {python.py:240} INFO - Done. Returned value was: BQBCfUZWIwwlf5beCNcG46rQdJ0cquBlNxvJVP4v049GjvQI4geS6cUsiQvoDV3Rztzd32jqL2ihHQdBOLjazJB16iUuzYIL-i-ZIr1XW77UXYXsPvU
[2024-11-29T01:15:06.029+0000] {taskinstance.py:340} INFO - ::group::Post task execution logs
[2024-11-29T01:15:06.031+0000] {taskinstance.py:352} INFO - Marking task as SUCCESS. dag_id=pipe, task_id=get_token, run_id=manual__2024-11-29T01:15:02.041872+00:00, execution_date=20241129T011502, start_date=20241129T011503, end_date=20241129T011506
[2024-11-29T01:15:06.109+0000] {local_task_job_runner.py:266} INFO - Task exited with return code 0
[2024-11-29T01:15:06.162+0000] {taskinstance.py:3895} INFO - 1 downstream tasks scheduled from follow-on schedule check
[2024-11-29T01:15:06.168+0000] {local_task_job_runner.py:245} INFO - ::endgroup::
